====================================================
Log Started: 2025-09-16 15:53:49
Application: BlueBird RFID Reader Console
====================================================
[2025-09-16 15:53:49.287] [Info    ] === FR900 RFID Reader Inventory ===
[2025-09-16 15:53:49.287] [Info    ] Connecting to 192.168.10.106...
[2025-09-16 15:53:49.287] [Info    ] Inventory Mode: FixedDuration
[2025-09-16 15:53:49.343] [Info    ] CONNECTION: CONNECT 192.168.10.106 - SUCCESS
[2025-09-16 15:53:49.423] [Info    ] Reader settings configured
[2025-09-16 15:53:49.423] [Info    ] Antenna 1: 14 dBm
[2025-09-16 15:53:49.425] [Info    ] Starting 60-second inventory...
[2025-09-16 15:53:49.431] [Info    ] Inventory started
[2025-09-16 15:53:49.563] [Info    ] TAG: EPC=850470002290434B3257303200700105, Antenna=1, RSSI=-58.0, Count=1
[2025-09-16 15:53:49.563] [Info    ] TAG: EPC=850470002290434B3257303200700105, Antenna=1, RSSI=-59.0, Count=2
[2025-09-16 15:53:49.564] [Info    ] TAG: EPC=850470002290434B3257303200700105, Antenna=1, RSSI=-58.0, Count=3
[2025-09-16 15:53:49.564] [Info    ] TAG: EPC=850470002290434B3257303200700105, Antenna=1, RSSI=-59.0, Count=4
[2025-09-16 15:53:49.564] [Info    ] TAG: EPC=850470002290434B3257303200700105, Antenna=1, RSSI=-59.0, Count=5
[2025-09-16 15:53:49.574] [Info    ] TAG: EPC=850470002290434B3257303200700105, Antenna=1, RSSI=-58.0, Count=6
[2025-09-16 15:53:49.574] [Info    ] TAG: EPC=850470002290434B3257303200700105, Antenna=1, RSSI=-58.0, Count=7
[2025-09-16 15:53:49.584] [Info    ] TAG: EPC=850470002290434B3257303200700105, Antenna=1, RSSI=-59.0, Count=8
[2025-09-16 15:53:49.584] [Info    ] TAG: EPC=850470002290434B3257303200700105, Antenna=1, RSSI=-59.0, Count=9
[2025-09-16 15:53:49.585] [Info    ] TAG: EPC=850470002290434B3257303200700105, Antenna=1, RSSI=-59.0, Count=10
[2025-09-16 15:53:49.594] [Info    ] TAG: EPC=850470002290434B3257303200700105, Antenna=1, RSSI=-59.0, Count=11
[2025-09-16 15:53:49.594] [Info    ] TAG: EPC=850470002290434B3257303200700105, Antenna=1, RSSI=-60.0, Count=12
[2025-09-16 15:53:49.604] [Info    ] TAG: EPC=850470002290434B3257303200700105, Antenna=1, RSSI=-59.0, Count=13
[2025-09-16 15:53:49.604] [Info    ] TAG: EPC=850470002290434B3257303200700105, Antenna=1, RSSI=-58.0, Count=14
[2025-09-16 15:53:49.614] [Info    ] TAG: EPC=850470002290434B3257303200700105, Antenna=1, RSSI=-58.0, Count=15
[2025-09-16 15:53:49.614] [Info    ] TAG: EPC=850470002290434B3257303200700105, Antenna=1, RSSI=-59.0, Count=16
[2025-09-16 15:53:49.615] [Info    ] TAG: EPC=850470002290434B3257303200700105, Antenna=1, RSSI=-59.0, Count=17
[2025-09-16 15:53:49.624] [Info    ] TAG: EPC=850470002290434B3257303200700105, Antenna=1, RSSI=-58.0, Count=18
[2025-09-16 15:53:49.626] [Info    ] TAG: EPC=850470002290434B3257303200700105, Antenna=1, RSSI=-58.0, Count=19
[2025-09-16 15:53:49.626] [Info    ] TAG: EPC=850470002290434B3257303200700105, Antenna=1, RSSI=-59.0, Count=20
[2025-09-16 15:53:49.635] [Info    ] TAG: EPC=850470002290434B3257303200700105, Antenna=1, RSSI=-59.0, Count=21
[2025-09-16 15:53:49.635] [Info    ] TAG: EPC=850470002290434B3257303200700105, Antenna=1, RSSI=-58.0, Count=22
[2025-09-16 15:53:49.645] [Info    ] TAG: EPC=850470002290434B3257303200700105, Antenna=1, RSSI=-59.0, Count=23
[2025-09-16 15:53:49.645] [Info    ] TAG: EPC=850470002290434B3257303200700105, Antenna=1, RSSI=-58.0, Count=24
[2025-09-16 15:53:49.656] [Info    ] TAG: EPC=850470002290434B3257303200700105, Antenna=1, RSSI=-59.0, Count=25
[2025-09-16 15:53:49.656] [Info    ] TAG: EPC=850470002290434B3257303200700105, Antenna=1, RSSI=-59.0, Count=26
[2025-09-16 15:53:49.666] [Info    ] TAG: EPC=850470002290434B3257303200700105, Antenna=1, RSSI=-59.0, Count=27
[2025-09-16 15:53:49.666] [Info    ] TAG: EPC=850470002290434B3257303200700105, Antenna=1, RSSI=-58.0, Count=28
[2025-09-16 15:53:49.666] [Info    ] TAG: EPC=850470002290434B3257303200700105, Antenna=1, RSSI=-58.0, Count=29
[2025-09-16 15:53:49.676] [Info    ] TAG: EPC=850470002290434B3257303200700105, Antenna=1, RSSI=-58.0, Count=30
[2025-09-16 15:53:49.676] [Info    ] TAG: EPC=850470002290434B3257303200700105, Antenna=1, RSSI=-59.0, Count=31
[2025-09-16 15:53:49.686] [Info    ] TAG: EPC=850470002290434B3257303200700105, Antenna=1, RSSI=-59.0, Count=32
[2025-09-16 15:53:49.686] [Info    ] TAG: EPC=850470002290434B3257303200700105, Antenna=1, RSSI=-59.0, Count=33
[2025-09-16 15:53:49.687] [Info    ] TAG: EPC=850470002290434B3257303200700105, Antenna=1, RSSI=-59.0, Count=34
[2025-09-16 15:53:49.695] [Info    ] TAG: EPC=850470002290434B3257303200700105, Antenna=1, RSSI=-59.0, Count=35
[2025-09-16 15:53:49.696] [Info    ] TAG: EPC=850470002290434B3257303200700105, Antenna=1, RSSI=-59.0, Count=36
[2025-09-16 15:53:49.696] [Info    ] TAG: EPC=850470002290434B3257303200700105, Antenna=1, RSSI=-59.0, Count=37
[2025-09-16 15:53:49.705] [Info    ] TAG: EPC=850470002290434B3257303200700105, Antenna=1, RSSI=-58.0, Count=38
[2025-09-16 15:53:49.706] [Info    ] TAG: EPC=850470002290434B3257303200700105, Antenna=1, RSSI=-59.0, Count=39
[2025-09-16 15:53:49.717] [Info    ] TAG: EPC=850470002290434B3257303200700105, Antenna=1, RSSI=-59.0, Count=40
[2025-09-16 15:53:49.717] [Info    ] TAG: EPC=850470002290434B3257303200700105, Antenna=1, RSSI=-58.0, Count=41
[2025-09-16 15:53:49.728] [Info    ] TAG: EPC=850470002290434B3257303200700105, Antenna=1, RSSI=-59.0, Count=42
[2025-09-16 15:53:49.728] [Info    ] TAG: EPC=850470002290434B3257303200700105, Antenna=1, RSSI=-59.0, Count=43
[2025-09-16 15:53:49.728] [Info    ] TAG: EPC=850470002290434B3257303200700105, Antenna=1, RSSI=-59.0, Count=44
[2025-09-16 15:53:49.737] [Info    ] TAG: EPC=850470002290434B3257303200700105, Antenna=1, RSSI=-58.0, Count=45
[2025-09-16 15:53:49.737] [Info    ] TAG: EPC=850470002290434B3257303200700105, Antenna=1, RSSI=-58.0, Count=46
[2025-09-16 15:53:49.758] [Info    ] TAG: EPC=850470002290434B3257303200700105, Antenna=1, RSSI=-59.0, Count=47
[2025-09-16 15:53:49.759] [Info    ] TAG: EPC=850470002290434B3257303200700105, Antenna=1, RSSI=-58.0, Count=48
[2025-09-16 15:53:49.768] [Info    ] TAG: EPC=850470002290434B3257303200700105, Antenna=1, RSSI=-59.0, Count=49
[2025-09-16 15:53:49.768] [Info    ] TAG: EPC=850470002290434B3257303200700105, Antenna=1, RSSI=-59.0, Count=50
[2025-09-16 15:53:49.777] [Info    ] TAG: EPC=850470002290434B3257303200700105, Antenna=1, RSSI=-58.0, Count=51
[2025-09-16 15:53:49.777] [Info    ] TAG: EPC=850470002290434B3257303200700105, Antenna=1, RSSI=-59.0, Count=52
[2025-09-16 15:53:49.778] [Info    ] TAG: EPC=850470002290434B3257303200700105, Antenna=1, RSSI=-59.0, Count=53
[2025-09-16 15:53:49.787] [Info    ] TAG: EPC=850470002290434B3257303200700105, Antenna=1, RSSI=-59.0, Count=54
[2025-09-16 15:53:49.787] [Info    ] TAG: EPC=850470002290434B3257303200700105, Antenna=1, RSSI=-59.0, Count=55
[2025-09-16 15:53:49.798] [Info    ] TAG: EPC=850470002290434B3257303200700105, Antenna=1, RSSI=-58.0, Count=56
[2025-09-16 15:53:49.798] [Info    ] TAG: EPC=850470002290434B3257303200700105, Antenna=1, RSSI=-59.0, Count=57
[2025-09-16 15:53:49.799] [Info    ] TAG: EPC=850470002290434B3257303200700105, Antenna=1, RSSI=-59.0, Count=58
[2025-09-16 15:53:49.809] [Info    ] TAG: EPC=850470002290434B3257303200700105, Antenna=1, RSSI=-58.0, Count=59
[2025-09-16 15:53:49.809] [Info    ] TAG: EPC=850470002290434B3257303200700105, Antenna=1, RSSI=-58.0, Count=60
[2025-09-16 15:53:49.819] [Info    ] TAG: EPC=850470002290434B3257303200700105, Antenna=1, RSSI=-59.0, Count=61
[2025-09-16 15:53:49.819] [Info    ] TAG: EPC=850470002290434B3257303200700105, Antenna=1, RSSI=-58.0, Count=62
[2025-09-16 15:53:49.829] [Info    ] TAG: EPC=850470002290434B3257303200700105, Antenna=1, RSSI=-59.0, Count=63
[2025-09-16 15:53:49.829] [Info    ] TAG: EPC=850470002290434B3257303200700105, Antenna=1, RSSI=-58.0, Count=64
[2025-09-16 15:53:49.839] [Info    ] TAG: EPC=850470002290434B3257303200700105, Antenna=1, RSSI=-59.0, Count=65
[2025-09-16 15:53:49.839] [Info    ] TAG: EPC=850470002290434B3257303200700105, Antenna=1, RSSI=-59.0, Count=66
[2025-09-16 15:53:49.839] [Info    ] TAG: EPC=850470002290434B3257303200700105, Antenna=1, RSSI=-58.0, Count=67
[2025-09-16 15:53:49.849] [Info    ] TAG: EPC=850470002290434B3257303200700105, Antenna=1, RSSI=-58.0, Count=68
[2025-09-16 15:53:49.849] [Info    ] TAG: EPC=850470002290434B3257303200700105, Antenna=1, RSSI=-59.0, Count=69
[2025-09-16 15:53:49.849] [Info    ] TAG: EPC=850470002290434B3257303200700105, Antenna=1, RSSI=-58.0, Count=70
[2025-09-16 15:53:49.859] [Info    ] TAG: EPC=850470002290434B3257303200700105, Antenna=1, RSSI=-58.0, Count=71
[2025-09-16 15:53:49.860] [Info    ] TAG: EPC=850470002290434B3257303200700105, Antenna=1, RSSI=-58.0, Count=72
[2025-09-16 15:53:49.870] [Info    ] TAG: EPC=850470002290434B3257303200700105, Antenna=1, RSSI=-58.0, Count=73
[2025-09-16 15:53:49.870] [Info    ] TAG: EPC=850470002290434B3257303200700105, Antenna=1, RSSI=-59.0, Count=74
[2025-09-16 15:53:49.879] [Info    ] TAG: EPC=850470002290434B3257303200700105, Antenna=1, RSSI=-59.0, Count=75
[2025-09-16 15:53:49.879] [Info    ] TAG: EPC=850470002290434B3257303200700105, Antenna=1, RSSI=-59.0, Count=76
[2025-09-16 15:53:49.880] [Info    ] TAG: EPC=850470002290434B3257303200700105, Antenna=1, RSSI=-59.0, Count=77
[2025-09-16 15:53:49.890] [Info    ] TAG: EPC=850470002290434B3257303200700105, Antenna=1, RSSI=-58.0, Count=78
[2025-09-16 15:53:49.890] [Info    ] TAG: EPC=850470002290434B3257303200700105, Antenna=1, RSSI=-59.0, Count=79
[2025-09-16 15:53:49.900] [Info    ] TAG: EPC=850470002290434B3257303200700105, Antenna=1, RSSI=-60.0, Count=80
[2025-09-16 15:53:49.901] [Info    ] TAG: EPC=850470002290434B3257303200700105, Antenna=1, RSSI=-58.0, Count=81
[2025-09-16 15:53:49.901] [Info    ] TAG: EPC=850470002290434B3257303200700105, Antenna=1, RSSI=-58.0, Count=82
[2025-09-16 15:53:49.911] [Info    ] TAG: EPC=850470002290434B3257303200700105, Antenna=1, RSSI=-58.0, Count=83
[2025-09-16 15:53:49.911] [Info    ] TAG: EPC=850470002290434B3257303200700105, Antenna=1, RSSI=-58.0, Count=84
[2025-09-16 15:53:49.921] [Info    ] TAG: EPC=850470002290434B3257303200700105, Antenna=1, RSSI=-58.0, Count=85
[2025-09-16 15:53:49.921] [Info    ] TAG: EPC=850470002290434B3257303200700105, Antenna=1, RSSI=-59.0, Count=86
[2025-09-16 15:53:49.921] [Info    ] TAG: EPC=850470002290434B3257303200700105, Antenna=1, RSSI=-59.0, Count=87
[2025-09-16 15:53:49.931] [Info    ] TAG: EPC=850470002290434B3257303200700105, Antenna=1, RSSI=-59.0, Count=88
[2025-09-16 15:53:49.932] [Info    ] TAG: EPC=850470002290434B3257303200700105, Antenna=1, RSSI=-59.0, Count=89
[2025-09-16 15:53:49.943] [Info    ] TAG: EPC=850470002290434B3257303200700105, Antenna=1, RSSI=-58.0, Count=90
[2025-09-16 15:53:49.943] [Info    ] TAG: EPC=850470002290434B3257303200700105, Antenna=1, RSSI=-58.0, Count=91
[2025-09-16 15:53:49.972] [Info    ] TAG: EPC=850470002290434B3257303200700105, Antenna=1, RSSI=-58.0, Count=92
[2025-09-16 15:53:49.973] [Info    ] TAG: EPC=850470002290434B3257303200700105, Antenna=1, RSSI=-58.0, Count=93
[2025-09-16 15:53:49.983] [Info    ] TAG: EPC=850470002290434B3257303200700105, Antenna=1, RSSI=-58.0, Count=94
[2025-09-16 15:53:49.983] [Info    ] TAG: EPC=850470002290434B3257303200700105, Antenna=1, RSSI=-58.0, Count=95
[2025-09-16 15:53:49.984] [Info    ] TAG: EPC=850470002290434B3257303200700105, Antenna=1, RSSI=-58.0, Count=96
[2025-09-16 15:53:49.993] [Info    ] TAG: EPC=850470002290434B3257303200700105, Antenna=1, RSSI=-58.0, Count=97
[2025-09-16 15:53:49.993] [Info    ] TAG: EPC=850470002290434B3257303200700105, Antenna=1, RSSI=-58.0, Count=98
[2025-09-16 15:53:49.993] [Info    ] TAG: EPC=850470002290434B3257303200700105, Antenna=1, RSSI=-58.0, Count=99
[2025-09-16 15:53:50.004] [Info    ] TAG: EPC=850470002290434B3257303200700105, Antenna=1, RSSI=-58.0, Count=100
[2025-09-16 15:53:50.004] [Info    ] TAG: EPC=850470002290434B3257303200700105, Antenna=1, RSSI=-58.0, Count=101
[2025-09-16 15:53:50.013] [Info    ] TAG: EPC=850470002290434B3257303200700105, Antenna=1, RSSI=-58.0, Count=102
[2025-09-16 15:53:50.015] [Info    ] TAG: EPC=850470002290434B3257303200700105, Antenna=1, RSSI=-58.0, Count=103
[2025-09-16 15:53:50.028] [Info    ] TAG: EPC=850470002290434B3257303200700105, Antenna=1, RSSI=-58.0, Count=104
[2025-09-16 15:53:50.031] [Info    ] TAG: EPC=850470002290434B3257303200700105, Antenna=1, RSSI=-58.0, Count=105
[2025-09-16 15:53:50.035] [Info    ] TAG: EPC=850470002290434B3257303200700105, Antenna=1, RSSI=-58.0, Count=106
[2025-09-16 15:53:50.038] [Info    ] TAG: EPC=850470002290434B3257303200700105, Antenna=1, RSSI=-58.0, Count=107
[2025-09-16 15:53:50.038] [Info    ] TAG: EPC=850470002290434B3257303200700105, Antenna=1, RSSI=-58.0, Count=108
[2025-09-16 15:53:50.044] [Info    ] TAG: EPC=850470002290434B3257303200700105, Antenna=1, RSSI=-58.0, Count=109
[2025-09-16 15:53:50.044] [Info    ] TAG: EPC=850470002290434B3257303200700105, Antenna=1, RSSI=-58.0, Count=110
[2025-09-16 15:53:50.045] [Info    ] TAG: EPC=850470002290434B3257303200700105, Antenna=1, RSSI=-58.0, Count=111
[2025-09-16 15:53:50.054] [Info    ] TAG: EPC=850470002290434B3257303200700105, Antenna=1, RSSI=-58.0, Count=112
[2025-09-16 15:53:50.054] [Info    ] TAG: EPC=850470002290434B3257303200700105, Antenna=1, RSSI=-58.0, Count=113
[2025-09-16 15:53:50.064] [Info    ] TAG: EPC=850470002290434B3257303200700105, Antenna=1, RSSI=-58.0, Count=114
[2025-09-16 15:53:50.064] [Info    ] TAG: EPC=850470002290434B3257303200700105, Antenna=1, RSSI=-58.0, Count=115
[2025-09-16 15:53:50.065] [Info    ] TAG: EPC=850470002290434B3257303200700105, Antenna=1, RSSI=-58.0, Count=116
[2025-09-16 15:53:50.075] [Info    ] TAG: EPC=850470002290434B3257303200700105, Antenna=1, RSSI=-58.0, Count=117
[2025-09-16 15:53:50.075] [Info    ] TAG: EPC=850470002290434B3257303200700105, Antenna=1, RSSI=-58.0, Count=118
[2025-09-16 15:53:50.085] [Info    ] TAG: EPC=850470002290434B3257303200700105, Antenna=1, RSSI=-58.0, Count=119
[2025-09-16 15:53:50.085] [Info    ] TAG: EPC=850470002290434B3257303200700105, Antenna=1, RSSI=-58.0, Count=120
[2025-09-16 15:53:50.095] [Info    ] TAG: EPC=850470002290434B3257303200700105, Antenna=1, RSSI=-58.0, Count=121
[2025-09-16 15:53:50.095] [Info    ] TAG: EPC=850470002290434B3257303200700105, Antenna=1, RSSI=-58.0, Count=122
[2025-09-16 15:53:50.096] [Info    ] TAG: EPC=850470002290434B3257303200700105, Antenna=1, RSSI=-58.0, Count=123
[2025-09-16 15:53:50.104] [Info    ] TAG: EPC=850470002290434B3257303200700105, Antenna=1, RSSI=-58.0, Count=124
[2025-09-16 15:53:50.104] [Info    ] TAG: EPC=850470002290434B3257303200700105, Antenna=1, RSSI=-58.0, Count=125
[2025-09-16 15:53:50.116] [Info    ] TAG: EPC=850470002290434B3257303200700105, Antenna=1, RSSI=-58.0, Count=126
[2025-09-16 15:53:50.116] [Info    ] TAG: EPC=850470002290434B3257303200700105, Antenna=1, RSSI=-58.0, Count=127
[2025-09-16 15:53:50.126] [Info    ] TAG: EPC=850470002290434B3257303200700105, Antenna=1, RSSI=-59.0, Count=128
[2025-09-16 15:53:50.126] [Info    ] TAG: EPC=850470002290434B3257303200700105, Antenna=1, RSSI=-58.0, Count=129
[2025-09-16 15:53:50.127] [Info    ] TAG: EPC=850470002290434B3257303200700105, Antenna=1, RSSI=-58.0, Count=130
[2025-09-16 15:53:50.136] [Info    ] TAG: EPC=850470002290434B3257303200700105, Antenna=1, RSSI=-58.0, Count=131
[2025-09-16 15:53:50.136] [Info    ] TAG: EPC=850470002290434B3257303200700105, Antenna=1, RSSI=-58.0, Count=132
[2025-09-16 15:53:50.136] [Info    ] TAG: EPC=850470002290434B3257303200700105, Antenna=1, RSSI=-58.0, Count=133
[2025-09-16 15:53:50.146] [Info    ] TAG: EPC=850470002290434B3257303200700105, Antenna=1, RSSI=-58.0, Count=134
[2025-09-16 15:53:50.147] [Info    ] TAG: EPC=850470002290434B3257303200700105, Antenna=1, RSSI=-58.0, Count=135
[2025-09-16 15:53:50.156] [Info    ] TAG: EPC=850470002290434B3257303200700105, Antenna=1, RSSI=-58.0, Count=136
[2025-09-16 15:53:50.156] [Info    ] TAG: EPC=850470002290434B3257303200700105, Antenna=1, RSSI=-58.0, Count=137
[2025-09-16 15:53:50.177] [Info    ] TAG: EPC=850470002290434B3257303200700105, Antenna=1, RSSI=-59.0, Count=138
[2025-09-16 15:53:50.177] [Info    ] TAG: EPC=850470002290434B3257303200700105, Antenna=1, RSSI=-58.0, Count=139
[2025-09-16 15:53:50.187] [Info    ] TAG: EPC=850470002290434B3257303200700105, Antenna=1, RSSI=-58.0, Count=140
[2025-09-16 15:53:50.188] [Info    ] TAG: EPC=850470002290434B3257303200700105, Antenna=1, RSSI=-58.0, Count=141
[2025-09-16 15:53:50.197] [Info    ] TAG: EPC=850470002290434B3257303200700105, Antenna=1, RSSI=-58.0, Count=142
[2025-09-16 15:53:50.198] [Info    ] TAG: EPC=850470002290434B3257303200700105, Antenna=1, RSSI=-58.0, Count=143
[2025-09-16 15:53:50.198] [Info    ] TAG: EPC=850470002290434B3257303200700105, Antenna=1, RSSI=-58.0, Count=144
[2025-09-16 15:53:50.207] [Info    ] TAG: EPC=850470002290434B3257303200700105, Antenna=1, RSSI=-58.0, Count=145
[2025-09-16 15:53:50.207] [Info    ] TAG: EPC=850470002290434B3257303200700105, Antenna=1, RSSI=-58.0, Count=146
[2025-09-16 15:53:50.218] [Info    ] TAG: EPC=850470002290434B3257303200700105, Antenna=1, RSSI=-58.0, Count=147
[2025-09-16 15:53:50.219] [Info    ] TAG: EPC=850470002290434B3257303200700105, Antenna=1, RSSI=-58.0, Count=148
[2025-09-16 15:53:50.228] [Info    ] TAG: EPC=850470002290434B3257303200700105, Antenna=1, RSSI=-58.0, Count=149
[2025-09-16 15:53:50.228] [Info    ] TAG: EPC=850470002290434B3257303200700105, Antenna=1, RSSI=-58.0, Count=150
[2025-09-16 15:53:50.228] [Info    ] TAG: EPC=850470002290434B3257303200700105, Antenna=1, RSSI=-58.0, Count=151
[2025-09-16 15:53:50.239] [Info    ] TAG: EPC=850470002290434B3257303200700105, Antenna=1, RSSI=-58.0, Count=152
[2025-09-16 15:53:50.239] [Info    ] TAG: EPC=850470002290434B3257303200700105, Antenna=1, RSSI=-58.0, Count=153
[2025-09-16 15:53:50.248] [Info    ] TAG: EPC=850470002290434B3257303200700105, Antenna=1, RSSI=-58.0, Count=154
[2025-09-16 15:53:50.248] [Info    ] TAG: EPC=850470002290434B3257303200700105, Antenna=1, RSSI=-58.0, Count=155
[2025-09-16 15:53:50.249] [Info    ] TAG: EPC=850470002290434B3257303200700105, Antenna=1, RSSI=-58.0, Count=156
[2025-09-16 15:53:50.258] [Info    ] TAG: EPC=850470002290434B3257303200700105, Antenna=1, RSSI=-58.0, Count=157
[2025-09-16 15:53:50.258] [Info    ] TAG: EPC=850470002290434B3257303200700105, Antenna=1, RSSI=-58.0, Count=158
[2025-09-16 15:53:50.268] [Info    ] TAG: EPC=850470002290434B3257303200700105, Antenna=1, RSSI=-58.0, Count=159
[2025-09-16 15:53:50.269] [Info    ] TAG: EPC=850470002290434B3257303200700105, Antenna=1, RSSI=-57.0, Count=160
[2025-09-16 15:53:50.279] [Info    ] TAG: EPC=850470002290434B3257303200700105, Antenna=1, RSSI=-58.0, Count=161
[2025-09-16 15:53:50.279] [Info    ] TAG: EPC=850470002290434B3257303200700105, Antenna=1, RSSI=-58.0, Count=162
[2025-09-16 15:53:50.279] [Info    ] TAG: EPC=850470002290434B3257303200700105, Antenna=1, RSSI=-58.0, Count=163
[2025-09-16 15:53:50.288] [Info    ] TAG: EPC=850470002290434B3257303200700105, Antenna=1, RSSI=-58.0, Count=164
[2025-09-16 15:53:50.290] [Info    ] TAG: EPC=850470002290434B3257303200700105, Antenna=1, RSSI=-58.0, Count=165
[2025-09-16 15:53:50.298] [Info    ] TAG: EPC=850470002290434B3257303200700105, Antenna=1, RSSI=-58.0, Count=166
[2025-09-16 15:53:50.335] [Info    ] TAG: EPC=850470002290434B3257303200700105, Antenna=1, RSSI=-58.0, Count=167
[2025-09-16 15:53:50.335] [Info    ] TAG: EPC=850470002290434B3257303200700105, Antenna=1, RSSI=-58.0, Count=168
[2025-09-16 15:53:50.337] [Info    ] TAG: EPC=850470002290434B3257303200700105, Antenna=1, RSSI=-58.0, Count=169
[2025-09-16 15:53:50.337] [Info    ] TAG: EPC=850470002290434B3257303200700105, Antenna=1, RSSI=-58.0, Count=170
[2025-09-16 15:53:50.337] [Info    ] TAG: EPC=850470002290434B3257303200700105, Antenna=1, RSSI=-58.0, Count=171
[2025-09-16 15:53:50.337] [Info    ] TAG: EPC=850470002290434B3257303200700105, Antenna=1, RSSI=-58.0, Count=172
[2025-09-16 15:53:50.337] [Info    ] TAG: EPC=850470002290434B3257303200700105, Antenna=1, RSSI=-58.0, Count=173
[2025-09-16 15:53:50.337] [Info    ] TAG: EPC=850470002290434B3257303200700105, Antenna=1, RSSI=-58.0, Count=174
[2025-09-16 15:53:50.337] [Info    ] TAG: EPC=850470002290434B3257303200700105, Antenna=1, RSSI=-58.0, Count=175
[2025-09-16 15:53:50.340] [Info    ] TAG: EPC=850470002290434B3257303200700105, Antenna=1, RSSI=-58.0, Count=176
[2025-09-16 15:53:50.341] [Info    ] TAG: EPC=850470002290434B3257303200700105, Antenna=1, RSSI=-58.0, Count=177
[2025-09-16 15:53:50.341] [Info    ] TAG: EPC=850470002290434B3257303200700105, Antenna=1, RSSI=-58.0, Count=178
[2025-09-16 15:53:50.360] [Info    ] TAG: EPC=850470002290434B3257303200700105, Antenna=1, RSSI=-58.0, Count=179
[2025-09-16 15:53:50.361] [Info    ] TAG: EPC=850470002290434B3257303200700105, Antenna=1, RSSI=-59.0, Count=180
[2025-09-16 15:53:50.381] [Info    ] TAG: EPC=850470002290434B3257303200700105, Antenna=1, RSSI=-58.0, Count=181
[2025-09-16 15:53:50.392] [Info    ] TAG: EPC=850470002290434B3257303200700105, Antenna=1, RSSI=-58.0, Count=182
[2025-09-16 15:53:50.392] [Info    ] TAG: EPC=850470002290434B3257303200700105, Antenna=1, RSSI=-58.0, Count=183
[2025-09-16 15:53:50.401] [Info    ] TAG: EPC=850470002290434B3257303200700105, Antenna=1, RSSI=-59.0, Count=184
[2025-09-16 15:53:50.401] [Info    ] TAG: EPC=850470002290434B3257303200700105, Antenna=1, RSSI=-58.0, Count=185
[2025-09-16 15:53:50.402] [Info    ] TAG: EPC=850470002290434B3257303200700105, Antenna=1, RSSI=-58.0, Count=186
[2025-09-16 15:53:50.411] [Info    ] TAG: EPC=850470002290434B3257303200700105, Antenna=1, RSSI=-58.0, Count=187
[2025-09-16 15:53:50.411] [Info    ] TAG: EPC=850470002290434B3257303200700105, Antenna=1, RSSI=-58.0, Count=188
[2025-09-16 15:53:50.422] [Info    ] TAG: EPC=850470002290434B3257303200700105, Antenna=1, RSSI=-58.0, Count=189
[2025-09-16 15:53:50.422] [Info    ] TAG: EPC=850470002290434B3257303200700105, Antenna=1, RSSI=-58.0, Count=190
[2025-09-16 15:53:50.423] [Info    ] TAG: EPC=850470002290434B3257303200700105, Antenna=1, RSSI=-58.0, Count=191
[2025-09-16 15:53:50.431] [Info    ] STATS: Total=191, Unique=1, Rate=191.0 tags/s
[2025-09-16 15:53:50.432] [Info    ] TAG: EPC=850470002290434B3257303200700105, Antenna=1, RSSI=-59.0, Count=192
[2025-09-16 15:53:50.432] [Info    ] TAG: EPC=850470002290434B3257303200700105, Antenna=1, RSSI=-58.0, Count=193
[2025-09-16 15:53:50.442] [Info    ] TAG: EPC=850470002290434B3257303200700105, Antenna=1, RSSI=-58.0, Count=194
[2025-09-16 15:53:50.442] [Info    ] TAG: EPC=850470002290434B3257303200700105, Antenna=1, RSSI=-58.0, Count=195
[2025-09-16 15:53:50.443] [Info    ] TAG: EPC=850470002290434B3257303200700105, Antenna=1, RSSI=-58.0, Count=196
[2025-09-16 15:53:50.452] [Info    ] TAG: EPC=850470002290434B3257303200700105, Antenna=1, RSSI=-59.0, Count=197
[2025-09-16 15:53:50.452] [Info    ] TAG: EPC=850470002290434B3257303200700105, Antenna=1, RSSI=-59.0, Count=198
[2025-09-16 15:53:50.463] [Info    ] TAG: EPC=850470002290434B3257303200700105, Antenna=1, RSSI=-59.0, Count=199
[2025-09-16 15:53:50.463] [Info    ] TAG: EPC=850470002290434B3257303200700105, Antenna=1, RSSI=-59.0, Count=200
[2025-09-16 15:53:50.473] [Info    ] TAG: EPC=850470002290434B3257303200700105, Antenna=1, RSSI=-58.0, Count=201
[2025-09-16 15:53:50.473] [Info    ] TAG: EPC=850470002290434B3257303200700105, Antenna=1, RSSI=-58.0, Count=202
[2025-09-16 15:53:50.474] [Info    ] TAG: EPC=850470002290434B3257303200700105, Antenna=1, RSSI=-58.0, Count=203
[2025-09-16 15:53:50.483] [Info    ] TAG: EPC=850470002290434B3257303200700105, Antenna=1, RSSI=-58.0, Count=204
[2025-09-16 15:53:50.483] [Info    ] TAG: EPC=850470002290434B3257303200700105, Antenna=1, RSSI=-58.0, Count=205
[2025-09-16 15:53:50.493] [Info    ] TAG: EPC=850470002290434B3257303200700105, Antenna=1, RSSI=-58.0, Count=206
[2025-09-16 15:53:50.494] [Info    ] TAG: EPC=850470002290434B3257303200700105, Antenna=1, RSSI=-58.0, Count=207
[2025-09-16 15:53:50.494] [Info    ] TAG: EPC=850470002290434B3257303200700105, Antenna=1, RSSI=-59.0, Count=208
[2025-09-16 15:53:50.504] [Info    ] TAG: EPC=850470002290434B3257303200700105, Antenna=1, RSSI=-58.0, Count=209
[2025-09-16 15:53:50.504] [Info    ] TAG: EPC=850470002290434B3257303200700105, Antenna=1, RSSI=-58.0, Count=210
[2025-09-16 15:53:50.513] [Info    ] TAG: EPC=850470002290434B3257303200700105, Antenna=1, RSSI=-58.0, Count=211
[2025-09-16 15:53:50.514] [Info    ] TAG: EPC=850470002290434B3257303200700105, Antenna=1, RSSI=-58.0, Count=212
[2025-09-16 15:53:50.514] [Info    ] TAG: EPC=850470002290434B3257303200700105, Antenna=1, RSSI=-58.0, Count=213
[2025-09-16 15:53:50.524] [Info    ] TAG: EPC=850470002290434B3257303200700105, Antenna=1, RSSI=-58.0, Count=214
[2025-09-16 15:53:50.524] [Info    ] TAG: EPC=850470002290434B3257303200700105, Antenna=1, RSSI=-58.0, Count=215
[2025-09-16 15:53:50.534] [Info    ] TAG: EPC=850470002290434B3257303200700105, Antenna=1, RSSI=-58.0, Count=216
[2025-09-16 15:53:50.534] [Info    ] TAG: EPC=850470002290434B3257303200700105, Antenna=1, RSSI=-58.0, Count=217
[2025-09-16 15:53:50.544] [Info    ] TAG: EPC=850470002290434B3257303200700105, Antenna=1, RSSI=-58.0, Count=218
[2025-09-16 15:53:50.544] [Info    ] TAG: EPC=850470002290434B3257303200700105, Antenna=1, RSSI=-58.0, Count=219
[2025-09-16 15:53:50.545] [Info    ] TAG: EPC=850470002290434B3257303200700105, Antenna=1, RSSI=-58.0, Count=220
[2025-09-16 15:53:50.554] [Info    ] TAG: EPC=850470002290434B3257303200700105, Antenna=1, RSSI=-58.0, Count=221
[2025-09-16 15:53:50.554] [Info    ] TAG: EPC=850470002290434B3257303200700105, Antenna=1, RSSI=-58.0, Count=222
[2025-09-16 15:53:50.565] [Info    ] TAG: EPC=850470002290434B3257303200700105, Antenna=1, RSSI=-58.0, Count=223
[2025-09-16 15:53:50.565] [Info    ] TAG: EPC=850470002290434B3257303200700105, Antenna=1, RSSI=-58.0, Count=224
[2025-09-16 15:53:50.575] [Info    ] TAG: EPC=850470002290434B3257303200700105, Antenna=1, RSSI=-58.0, Count=225
[2025-09-16 15:53:50.575] [Info    ] TAG: EPC=850470002290434B3257303200700105, Antenna=1, RSSI=-58.0, Count=226
[2025-09-16 15:53:50.596] [Info    ] TAG: EPC=850470002290434B3257303200700105, Antenna=1, RSSI=-58.0, Count=227
[2025-09-16 15:53:50.596] [Info    ] TAG: EPC=850470002290434B3257303200700105, Antenna=1, RSSI=-58.0, Count=228
[2025-09-16 15:53:50.606] [Info    ] TAG: EPC=850470002290434B3257303200700105, Antenna=1, RSSI=-59.0, Count=229
[2025-09-16 15:53:50.606] [Info    ] TAG: EPC=850470002290434B3257303200700105, Antenna=1, RSSI=-58.0, Count=230
[2025-09-16 15:53:50.607] [Info    ] TAG: EPC=850470002290434B3257303200700105, Antenna=1, RSSI=-59.0, Count=231
[2025-09-16 15:53:50.616] [Info    ] TAG: EPC=850470002290434B3257303200700105, Antenna=1, RSSI=-58.0, Count=232
[2025-09-16 15:53:50.616] [Info    ] TAG: EPC=850470002290434B3257303200700105, Antenna=1, RSSI=-58.0, Count=233
[2025-09-16 15:53:50.626] [Info    ] TAG: EPC=850470002290434B3257303200700105, Antenna=1, RSSI=-58.0, Count=234
[2025-09-16 15:53:50.626] [Info    ] TAG: EPC=850470002290434B3257303200700105, Antenna=1, RSSI=-58.0, Count=235
[2025-09-16 15:53:50.636] [Info    ] TAG: EPC=850470002290434B3257303200700105, Antenna=1, RSSI=-58.0, Count=236
[2025-09-16 15:53:50.636] [Info    ] TAG: EPC=850470002290434B3257303200700105, Antenna=1, RSSI=-58.0, Count=237
[2025-09-16 15:53:50.636] [Info    ] TAG: EPC=850470002290434B3257303200700105, Antenna=1, RSSI=-58.0, Count=238
[2025-09-16 15:53:50.646] [Info    ] TAG: EPC=850470002290434B3257303200700105, Antenna=1, RSSI=-58.0, Count=239
[2025-09-16 15:53:50.646] [Info    ] TAG: EPC=850470002290434B3257303200700105, Antenna=1, RSSI=-58.0, Count=240
[2025-09-16 15:53:50.657] [Info    ] TAG: EPC=850470002290434B3257303200700105, Antenna=1, RSSI=-58.0, Count=241
[2025-09-16 15:53:50.657] [Info    ] TAG: EPC=850470002290434B3257303200700105, Antenna=1, RSSI=-58.0, Count=242
[2025-09-16 15:53:50.657] [Info    ] TAG: EPC=850470002290434B3257303200700105, Antenna=1, RSSI=-58.0, Count=243
[2025-09-16 15:53:50.666] [Info    ] TAG: EPC=850470002290434B3257303200700105, Antenna=1, RSSI=-59.0, Count=244
[2025-09-16 15:53:50.666] [Info    ] TAG: EPC=850470002290434B3257303200700105, Antenna=1, RSSI=-58.0, Count=245
[2025-09-16 15:53:50.677] [Info    ] TAG: EPC=850470002290434B3257303200700105, Antenna=1, RSSI=-59.0, Count=246
[2025-09-16 15:53:50.677] [Info    ] TAG: EPC=850470002290434B3257303200700105, Antenna=1, RSSI=-58.0, Count=247
[2025-09-16 15:53:50.677] [Info    ] TAG: EPC=850470002290434B3257303200700105, Antenna=1, RSSI=-59.0, Count=248
[2025-09-16 15:53:50.687] [Info    ] TAG: EPC=850470002290434B3257303200700105, Antenna=1, RSSI=-58.0, Count=249
[2025-09-16 15:53:50.687] [Info    ] TAG: EPC=850470002290434B3257303200700105, Antenna=1, RSSI=-59.0, Count=250
[2025-09-16 15:53:50.698] [Info    ] TAG: EPC=850470002290434B3257303200700105, Antenna=1, RSSI=-58.0, Count=251
[2025-09-16 15:53:50.698] [Info    ] TAG: EPC=850470002290434B3257303200700105, Antenna=1, RSSI=-59.0, Count=252
[2025-09-16 15:53:50.699] [Info    ] TAG: EPC=850470002290434B3257303200700105, Antenna=1, RSSI=-58.0, Count=253
[2025-09-16 15:53:50.708] [Info    ] TAG: EPC=850470002290434B3257303200700105, Antenna=1, RSSI=-58.0, Count=254
[2025-09-16 15:53:50.708] [Info    ] TAG: EPC=850470002290434B3257303200700105, Antenna=1, RSSI=-58.0, Count=255
[2025-09-16 15:53:50.717] [Info    ] TAG: EPC=850470002290434B3257303200700105, Antenna=1, RSSI=-58.0, Count=256
[2025-09-16 15:53:50.718] [Info    ] TAG: EPC=850470002290434B3257303200700105, Antenna=1, RSSI=-58.0, Count=257
[2025-09-16 15:53:50.728] [Info    ] TAG: EPC=850470002290434B3257303200700105, Antenna=1, RSSI=-58.0, Count=258
[2025-09-16 15:53:50.728] [Info    ] TAG: EPC=850470002290434B3257303200700105, Antenna=1, RSSI=-58.0, Count=259
[2025-09-16 15:53:50.728] [Info    ] TAG: EPC=850470002290434B3257303200700105, Antenna=1, RSSI=-59.0, Count=260
[2025-09-16 15:53:50.738] [Info    ] TAG: EPC=850470002290434B3257303200700105, Antenna=1, RSSI=-58.0, Count=261
[2025-09-16 15:53:50.738] [Info    ] TAG: EPC=850470002290434B3257303200700105, Antenna=1, RSSI=-58.0, Count=262
[2025-09-16 15:53:50.749] [Info    ] TAG: EPC=850470002290434B3257303200700105, Antenna=1, RSSI=-58.0, Count=263
[2025-09-16 15:53:50.750] [Info    ] TAG: EPC=850470002290434B3257303200700105, Antenna=1, RSSI=-58.0, Count=264
[2025-09-16 15:53:50.759] [Info    ] TAG: EPC=850470002290434B3257303200700105, Antenna=1, RSSI=-58.0, Count=265
[2025-09-16 15:53:50.769] [Info    ] TAG: EPC=850470002290434B3257303200700105, Antenna=1, RSSI=-58.0, Count=266
[2025-09-16 15:53:50.769] [Info    ] TAG: EPC=850470002290434B3257303200700105, Antenna=1, RSSI=-59.0, Count=267
[2025-09-16 15:53:50.769] [Info    ] TAG: EPC=850470002290434B3257303200700105, Antenna=1, RSSI=-59.0, Count=268
[2025-09-16 15:53:50.779] [Info    ] TAG: EPC=850470002290434B3257303200700105, Antenna=1, RSSI=-58.0, Count=269
[2025-09-16 15:53:50.779] [Info    ] TAG: EPC=850470002290434B3257303200700105, Antenna=1, RSSI=-58.0, Count=270
[2025-09-16 15:53:50.799] [Info    ] TAG: EPC=850470002290434B3257303200700105, Antenna=1, RSSI=-58.0, Count=271
[2025-09-16 15:53:50.800] [Info    ] TAG: EPC=850470002290434B3257303200700105, Antenna=1, RSSI=-58.0, Count=272
[2025-09-16 15:53:50.809] [Info    ] TAG: EPC=850470002290434B3257303200700105, Antenna=1, RSSI=-58.0, Count=273
[2025-09-16 15:53:50.810] [Info    ] TAG: EPC=850470002290434B3257303200700105, Antenna=1, RSSI=-59.0, Count=274
[2025-09-16 15:53:50.821] [Info    ] TAG: EPC=850470002290434B3257303200700105, Antenna=1, RSSI=-58.0, Count=275
[2025-09-16 15:53:50.821] [Info    ] TAG: EPC=850470002290434B3257303200700105, Antenna=1, RSSI=-58.0, Count=276
[2025-09-16 15:53:50.830] [Info    ] TAG: EPC=850470002290434B3257303200700105, Antenna=1, RSSI=-59.0, Count=277
[2025-09-16 15:53:50.831] [Info    ] TAG: EPC=850470002290434B3257303200700105, Antenna=1, RSSI=-58.0, Count=278
[2025-09-16 15:53:50.831] [Info    ] TAG: EPC=850470002290434B3257303200700105, Antenna=1, RSSI=-58.0, Count=279
[2025-09-16 15:53:50.840] [Info    ] TAG: EPC=850470002290434B3257303200700105, Antenna=1, RSSI=-59.0, Count=280
[2025-09-16 15:53:50.841] [Info    ] TAG: EPC=850470002290434B3257303200700105, Antenna=1, RSSI=-58.0, Count=281
[2025-09-16 15:53:50.851] [Info    ] TAG: EPC=850470002290434B3257303200700105, Antenna=1, RSSI=-58.0, Count=282
[2025-09-16 15:53:50.851] [Info    ] TAG: EPC=850470002290434B3257303200700105, Antenna=1, RSSI=-58.0, Count=283
[2025-09-16 15:53:50.851] [Info    ] TAG: EPC=850470002290434B3257303200700105, Antenna=1, RSSI=-58.0, Count=284
[2025-09-16 15:53:50.861] [Info    ] TAG: EPC=850470002290434B3257303200700105, Antenna=1, RSSI=-59.0, Count=285
[2025-09-16 15:53:50.861] [Info    ] TAG: EPC=850470002290434B3257303200700105, Antenna=1, RSSI=-58.0, Count=286
[2025-09-16 15:53:50.871] [Info    ] TAG: EPC=850470002290434B3257303200700105, Antenna=1, RSSI=-59.0, Count=287
[2025-09-16 15:53:50.871] [Info    ] TAG: EPC=850470002290434B3257303200700105, Antenna=1, RSSI=-58.0, Count=288
[2025-09-16 15:53:50.871] [Info    ] TAG: EPC=850470002290434B3257303200700105, Antenna=1, RSSI=-58.0, Count=289
[2025-09-16 15:53:50.882] [Info    ] TAG: EPC=850470002290434B3257303200700105, Antenna=1, RSSI=-58.0, Count=290
[2025-09-16 15:53:50.882] [Info    ] TAG: EPC=850470002290434B3257303200700105, Antenna=1, RSSI=-59.0, Count=291
[2025-09-16 15:53:50.892] [Info    ] TAG: EPC=850470002290434B3257303200700105, Antenna=1, RSSI=-58.0, Count=292
[2025-09-16 15:53:50.892] [Info    ] TAG: EPC=850470002290434B3257303200700105, Antenna=1, RSSI=-60.0, Count=293
[2025-09-16 15:53:50.901] [Info    ] TAG: EPC=850470002290434B3257303200700105, Antenna=1, RSSI=-59.0, Count=294
[2025-09-16 15:53:50.902] [Info    ] TAG: EPC=850470002290434B3257303200700105, Antenna=1, RSSI=-58.0, Count=295
[2025-09-16 15:53:50.902] [Info    ] TAG: EPC=850470002290434B3257303200700105, Antenna=1, RSSI=-59.0, Count=296
[2025-09-16 15:53:50.911] [Info    ] TAG: EPC=850470002290434B3257303200700105, Antenna=1, RSSI=-58.0, Count=297
[2025-09-16 15:53:50.911] [Info    ] TAG: EPC=850470002290434B3257303200700105, Antenna=1, RSSI=-58.0, Count=298
[2025-09-16 15:53:50.922] [Info    ] TAG: EPC=850470002290434B3257303200700105, Antenna=1, RSSI=-58.0, Count=299
[2025-09-16 15:53:50.923] [Info    ] TAG: EPC=850470002290434B3257303200700105, Antenna=1, RSSI=-58.0, Count=300
[2025-09-16 15:53:50.923] [Info    ] TAG: EPC=850470002290434B3257303200700105, Antenna=1, RSSI=-58.0, Count=301
[2025-09-16 15:53:50.933] [Info    ] TAG: EPC=850470002290434B3257303200700105, Antenna=1, RSSI=-59.0, Count=302
[2025-09-16 15:53:50.933] [Info    ] TAG: EPC=850470002290434B3257303200700105, Antenna=1, RSSI=-58.0, Count=303
[2025-09-16 15:53:50.943] [Info    ] TAG: EPC=850470002290434B3257303200700105, Antenna=1, RSSI=-58.0, Count=304
[2025-09-16 15:53:50.943] [Info    ] TAG: EPC=850470002290434B3257303200700105, Antenna=1, RSSI=-58.0, Count=305
[2025-09-16 15:53:50.943] [Info    ] TAG: EPC=850470002290434B3257303200700105, Antenna=1, RSSI=-58.0, Count=306
[2025-09-16 15:53:50.952] [Info    ] TAG: EPC=850470002290434B3257303200700105, Antenna=1, RSSI=-58.0, Count=307
[2025-09-16 15:53:50.953] [Info    ] TAG: EPC=850470002290434B3257303200700105, Antenna=1, RSSI=-59.0, Count=308
[2025-09-16 15:53:50.963] [Info    ] TAG: EPC=850470002290434B3257303200700105, Antenna=1, RSSI=-59.0, Count=309
[2025-09-16 15:53:50.964] [Info    ] TAG: EPC=850470002290434B3257303200700105, Antenna=1, RSSI=-59.0, Count=310
[2025-09-16 15:53:50.973] [Info    ] TAG: EPC=850470002290434B3257303200700105, Antenna=1, RSSI=-59.0, Count=311
[2025-09-16 15:53:50.974] [Info    ] TAG: EPC=850470002290434B3257303200700105, Antenna=1, RSSI=-58.0, Count=312
[2025-09-16 15:53:50.974] [Info    ] TAG: EPC=850470002290434B3257303200700105, Antenna=1, RSSI=-58.0, Count=313
[2025-09-16 15:53:50.983] [Info    ] TAG: EPC=850470002290434B3257303200700105, Antenna=1, RSSI=-59.0, Count=314
[2025-09-16 15:53:50.983] [Info    ] TAG: EPC=850470002290434B3257303200700105, Antenna=1, RSSI=-58.0, Count=315
[2025-09-16 15:53:50.984] [Info    ] TAG: EPC=850470002290434B3257303200700105, Antenna=1, RSSI=-58.0, Count=316
[2025-09-16 15:53:51.004] [Info    ] TAG: EPC=850470002290434B3257303200700105, Antenna=1, RSSI=-58.0, Count=317
[2025-09-16 15:53:51.014] [Info    ] TAG: EPC=850470002290434B3257303200700105, Antenna=1, RSSI=-58.0, Count=318
[2025-09-16 15:53:51.014] [Info    ] TAG: EPC=850470002290434B3257303200700105, Antenna=1, RSSI=-58.0, Count=319
[2025-09-16 15:53:51.025] [Info    ] TAG: EPC=850470002290434B3257303200700105, Antenna=1, RSSI=-59.0, Count=320
[2025-09-16 15:53:51.025] [Info    ] TAG: EPC=850470002290434B3257303200700105, Antenna=1, RSSI=-59.0, Count=321
[2025-09-16 15:53:51.025] [Info    ] TAG: EPC=850470002290434B3257303200700105, Antenna=1, RSSI=-59.0, Count=322
[2025-09-16 15:53:51.034] [Info    ] TAG: EPC=850470002290434B3257303200700105, Antenna=1, RSSI=-58.0, Count=323
[2025-09-16 15:53:51.034] [Info    ] TAG: EPC=850470002290434B3257303200700105, Antenna=1, RSSI=-59.0, Count=324
[2025-09-16 15:53:51.044] [Info    ] TAG: EPC=850470002290434B3257303200700105, Antenna=1, RSSI=-58.0, Count=325
[2025-09-16 15:53:51.044] [Info    ] TAG: EPC=850470002290434B3257303200700105, Antenna=1, RSSI=-59.0, Count=326
[2025-09-16 15:53:51.055] [Info    ] TAG: EPC=850470002290434B3257303200700105, Antenna=1, RSSI=-58.0, Count=327
[2025-09-16 15:53:51.055] [Info    ] TAG: EPC=850470002290434B3257303200700105, Antenna=1, RSSI=-59.0, Count=328
[2025-09-16 15:53:51.056] [Info    ] TAG: EPC=850470002290434B3257303200700105, Antenna=1, RSSI=-59.0, Count=329
[2025-09-16 15:53:51.065] [Info    ] TAG: EPC=850470002290434B3257303200700105, Antenna=1, RSSI=-58.0, Count=330
[2025-09-16 15:53:51.065] [Info    ] TAG: EPC=850470002290434B3257303200700105, Antenna=1, RSSI=-58.0, Count=331
[2025-09-16 15:53:51.075] [Info    ] TAG: EPC=850470002290434B3257303200700105, Antenna=1, RSSI=-58.0, Count=332
[2025-09-16 15:53:51.075] [Info    ] TAG: EPC=850470002290434B3257303200700105, Antenna=1, RSSI=-58.0, Count=333
[2025-09-16 15:53:51.075] [Info    ] TAG: EPC=850470002290434B3257303200700105, Antenna=1, RSSI=-59.0, Count=334
[2025-09-16 15:53:51.085] [Info    ] TAG: EPC=850470002290434B3257303200700105, Antenna=1, RSSI=-58.0, Count=335
[2025-09-16 15:53:51.085] [Info    ] TAG: EPC=850470002290434B3257303200700105, Antenna=1, RSSI=-58.0, Count=336
[2025-09-16 15:53:51.096] [Info    ] TAG: EPC=850470002290434B3257303200700105, Antenna=1, RSSI=-58.0, Count=337
[2025-09-16 15:53:51.096] [Info    ] TAG: EPC=850470002290434B3257303200700105, Antenna=1, RSSI=-58.0, Count=338
[2025-09-16 15:53:51.106] [Info    ] TAG: EPC=850470002290434B3257303200700105, Antenna=1, RSSI=-59.0, Count=339
[2025-09-16 15:53:51.107] [Info    ] TAG: EPC=850470002290434B3257303200700105, Antenna=1, RSSI=-59.0, Count=340
[2025-09-16 15:53:51.107] [Info    ] TAG: EPC=850470002290434B3257303200700105, Antenna=1, RSSI=-58.0, Count=341
[2025-09-16 15:53:51.116] [Info    ] TAG: EPC=850470002290434B3257303200700105, Antenna=1, RSSI=-58.0, Count=342
[2025-09-16 15:53:51.116] [Info    ] TAG: EPC=850470002290434B3257303200700105, Antenna=1, RSSI=-58.0, Count=343
[2025-09-16 15:53:51.117] [Info    ] TAG: EPC=850470002290434B3257303200700105, Antenna=1, RSSI=-58.0, Count=344
[2025-09-16 15:53:51.126] [Info    ] TAG: EPC=850470002290434B3257303200700105, Antenna=1, RSSI=-59.0, Count=345
[2025-09-16 15:53:51.126] [Info    ] TAG: EPC=850470002290434B3257303200700105, Antenna=1, RSSI=-58.0, Count=346
[2025-09-16 15:53:51.135] [Info    ] TAG: EPC=850470002290434B3257303200700105, Antenna=1, RSSI=-58.0, Count=347
[2025-09-16 15:53:51.135] [Info    ] TAG: EPC=850470002290434B3257303200700105, Antenna=1, RSSI=-59.0, Count=348
[2025-09-16 15:53:51.146] [Info    ] TAG: EPC=850470002290434B3257303200700105, Antenna=1, RSSI=-59.0, Count=349
[2025-09-16 15:53:51.147] [Info    ] TAG: EPC=850470002290434B3257303200700105, Antenna=1, RSSI=-59.0, Count=350
[2025-09-16 15:53:51.155] [Info    ] TAG: EPC=850470002290434B3257303200700105, Antenna=1, RSSI=-58.0, Count=351
[2025-09-16 15:53:51.157] [Info    ] TAG: EPC=850470002290434B3257303200700105, Antenna=1, RSSI=-58.0, Count=352
[2025-09-16 15:53:51.166] [Info    ] TAG: EPC=850470002290434B3257303200700105, Antenna=1, RSSI=-58.0, Count=353
[2025-09-16 15:53:51.177] [Info    ] TAG: EPC=850470002290434B3257303200700105, Antenna=1, RSSI=-58.0, Count=354
[2025-09-16 15:53:51.177] [Info    ] TAG: EPC=850470002290434B3257303200700105, Antenna=1, RSSI=-58.0, Count=355
[2025-09-16 15:53:51.178] [Info    ] TAG: EPC=850470002290434B3257303200700105, Antenna=1, RSSI=-58.0, Count=356
[2025-09-16 15:53:51.187] [Info    ] TAG: EPC=850470002290434B3257303200700105, Antenna=1, RSSI=-58.0, Count=357
[2025-09-16 15:53:51.188] [Info    ] TAG: EPC=850470002290434B3257303200700105, Antenna=1, RSSI=-58.0, Count=358
[2025-09-16 15:53:51.188] [Info    ] TAG: EPC=850470002290434B3257303200700105, Antenna=1, RSSI=-58.0, Count=359
[2025-09-16 15:53:51.197] [Info    ] TAG: EPC=850470002290434B3257303200700105, Antenna=1, RSSI=-59.0, Count=360
[2025-09-16 15:53:51.219] [Info    ] TAG: EPC=850470002290434B3257303200700105, Antenna=1, RSSI=-59.0, Count=361
[2025-09-16 15:53:51.219] [Info    ] TAG: EPC=850470002290434B3257303200700105, Antenna=1, RSSI=-58.0, Count=362
[2025-09-16 15:53:51.229] [Info    ] TAG: EPC=850470002290434B3257303200700105, Antenna=1, RSSI=-58.0, Count=363
[2025-09-16 15:53:51.229] [Info    ] TAG: EPC=850470002290434B3257303200700105, Antenna=1, RSSI=-58.0, Count=364
[2025-09-16 15:53:51.230] [Info    ] TAG: EPC=850470002290434B3257303200700105, Antenna=1, RSSI=-58.0, Count=365
[2025-09-16 15:53:51.242] [Info    ] TAG: EPC=850470002290434B3257303200700105, Antenna=1, RSSI=-58.0, Count=366
[2025-09-16 15:53:51.242] [Info    ] TAG: EPC=850470002290434B3257303200700105, Antenna=1, RSSI=-58.0, Count=367
[2025-09-16 15:53:51.250] [Info    ] TAG: EPC=850470002290434B3257303200700105, Antenna=1, RSSI=-58.0, Count=368
[2025-09-16 15:53:51.272] [Info    ] TAG: EPC=850470002290434B3257303200700105, Antenna=1, RSSI=-58.0, Count=369
[2025-09-16 15:53:51.273] [Info    ] TAG: EPC=850470002290434B3257303200700105, Antenna=1, RSSI=-58.0, Count=370
[2025-09-16 15:53:51.273] [Info    ] TAG: EPC=850470002290434B3257303200700105, Antenna=1, RSSI=-59.0, Count=371
[2025-09-16 15:53:51.274] [Info    ] TAG: EPC=850470002290434B3257303200700105, Antenna=1, RSSI=-58.0, Count=372
[2025-09-16 15:53:51.274] [Info    ] TAG: EPC=850470002290434B3257303200700105, Antenna=1, RSSI=-58.0, Count=373
[2025-09-16 15:53:51.274] [Info    ] TAG: EPC=850470002290434B3257303200700105, Antenna=1, RSSI=-59.0, Count=374
[2025-09-16 15:53:51.280] [Info    ] TAG: EPC=850470002290434B3257303200700105, Antenna=1, RSSI=-58.0, Count=375
[2025-09-16 15:53:51.291] [Info    ] TAG: EPC=850470002290434B3257303200700105, Antenna=1, RSSI=-58.0, Count=376
[2025-09-16 15:53:51.291] [Info    ] TAG: EPC=850470002290434B3257303200700105, Antenna=1, RSSI=-59.0, Count=377
[2025-09-16 15:53:51.293] [Info    ] TAG: EPC=850470002290434B3257303200700105, Antenna=1, RSSI=-58.0, Count=378
[2025-09-16 15:53:51.293] [Info    ] TAG: EPC=850470002290434B3257303200700105, Antenna=1, RSSI=-59.0, Count=379
[2025-09-16 15:53:51.300] [Info    ] TAG: EPC=850470002290434B3257303200700105, Antenna=1, RSSI=-58.0, Count=380
[2025-09-16 15:53:51.311] [Info    ] TAG: EPC=850470002290434B3257303200700105, Antenna=1, RSSI=-58.0, Count=381
[2025-09-16 15:53:51.311] [Info    ] TAG: EPC=850470002290434B3257303200700105, Antenna=1, RSSI=-59.0, Count=382
[2025-09-16 15:53:51.313] [Info    ] TAG: EPC=850470002290434B3257303200700105, Antenna=1, RSSI=-58.0, Count=383
[2025-09-16 15:53:51.313] [Info    ] TAG: EPC=850470002290434B3257303200700105, Antenna=1, RSSI=-58.0, Count=384
[2025-09-16 15:53:51.321] [Info    ] TAG: EPC=850470002290434B3257303200700105, Antenna=1, RSSI=-58.0, Count=385
[2025-09-16 15:53:51.321] [Info    ] TAG: EPC=850470002290434B3257303200700105, Antenna=1, RSSI=-58.0, Count=386
[2025-09-16 15:53:51.341] [Info    ] TAG: EPC=850470002290434B3257303200700105, Antenna=1, RSSI=-58.0, Count=387
[2025-09-16 15:53:51.341] [Info    ] TAG: EPC=850470002290434B3257303200700105, Antenna=1, RSSI=-58.0, Count=388
[2025-09-16 15:53:51.342] [Info    ] TAG: EPC=850470002290434B3257303200700105, Antenna=1, RSSI=-58.0, Count=389
[2025-09-16 15:53:51.342] [Info    ] TAG: EPC=850470002290434B3257303200700105, Antenna=1, RSSI=-58.0, Count=390
[2025-09-16 15:53:51.342] [Info    ] TAG: EPC=850470002290434B3257303200700105, Antenna=1, RSSI=-58.0, Count=391
[2025-09-16 15:53:51.352] [Info    ] TAG: EPC=850470002290434B3257303200700105, Antenna=1, RSSI=-58.0, Count=392
[2025-09-16 15:53:51.352] [Info    ] TAG: EPC=850470002290434B3257303200700105, Antenna=1, RSSI=-58.0, Count=393
[2025-09-16 15:53:51.352] [Info    ] TAG: EPC=850470002290434B3257303200700105, Antenna=1, RSSI=-58.0, Count=394
[2025-09-16 15:53:51.362] [Info    ] TAG: EPC=850470002290434B3257303200700105, Antenna=1, RSSI=-58.0, Count=395
[2025-09-16 15:53:51.362] [Info    ] TAG: EPC=850470002290434B3257303200700105, Antenna=1, RSSI=-58.0, Count=396
[2025-09-16 15:53:51.362] [Info    ] TAG: EPC=850470002290434B3257303200700105, Antenna=1, RSSI=-59.0, Count=397
[2025-09-16 15:53:51.372] [Info    ] TAG: EPC=850470002290434B3257303200700105, Antenna=1, RSSI=-58.0, Count=398
[2025-09-16 15:53:51.372] [Info    ] TAG: EPC=850470002290434B3257303200700105, Antenna=1, RSSI=-58.0, Count=399
[2025-09-16 15:53:51.382] [Info    ] TAG: EPC=850470002290434B3257303200700105, Antenna=1, RSSI=-58.0, Count=400
[2025-09-16 15:53:51.383] [Info    ] TAG: EPC=850470002290434B3257303200700105, Antenna=1, RSSI=-58.0, Count=401
[2025-09-16 15:53:51.393] [Info    ] TAG: EPC=850470002290434B3257303200700105, Antenna=1, RSSI=-58.0, Count=402
[2025-09-16 15:53:51.393] [Info    ] TAG: EPC=850470002290434B3257303200700105, Antenna=1, RSSI=-58.0, Count=403
[2025-09-16 15:53:51.393] [Info    ] TAG: EPC=850470002290434B3257303200700105, Antenna=1, RSSI=-58.0, Count=404
[2025-09-16 15:53:51.403] [Info    ] TAG: EPC=850470002290434B3257303200700105, Antenna=1, RSSI=-58.0, Count=405
[2025-09-16 15:53:51.404] [Info    ] TAG: EPC=850470002290434B3257303200700105, Antenna=1, RSSI=-59.0, Count=406
[2025-09-16 15:53:51.422] [Info    ] TAG: EPC=850470002290434B3257303200700105, Antenna=1, RSSI=-58.0, Count=407
[2025-09-16 15:53:51.433] [Info    ] TAG: EPC=850470002290434B3257303200700105, Antenna=1, RSSI=-59.0, Count=408
[2025-09-16 15:53:51.434] [Info    ] TAG: EPC=850470002290434B3257303200700105, Antenna=1, RSSI=-59.0, Count=409
[2025-09-16 15:53:51.434] [Info    ] TAG: EPC=850470002290434B3257303200700105, Antenna=1, RSSI=-58.0, Count=410
[2025-09-16 15:53:51.437] [Info    ] STATS: Total=410, Unique=1, Rate=219.0 tags/s
[2025-09-16 15:53:51.443] [Info    ] TAG: EPC=850470002290434B3257303200700105, Antenna=1, RSSI=-58.0, Count=411
[2025-09-16 15:53:51.444] [Info    ] TAG: EPC=850470002290434B3257303200700105, Antenna=1, RSSI=-58.0, Count=412
[2025-09-16 15:53:51.444] [Info    ] TAG: EPC=850470002290434B3257303200700105, Antenna=1, RSSI=-59.0, Count=413
[2025-09-16 15:53:51.453] [Info    ] TAG: EPC=850470002290434B3257303200700105, Antenna=1, RSSI=-59.0, Count=414
[2025-09-16 15:53:51.453] [Info    ] TAG: EPC=850470002290434B3257303200700105, Antenna=1, RSSI=-59.0, Count=415
[2025-09-16 15:53:51.464] [Info    ] TAG: EPC=850470002290434B3257303200700105, Antenna=1, RSSI=-58.0, Count=416
[2025-09-16 15:53:51.464] [Info    ] TAG: EPC=850470002290434B3257303200700105, Antenna=1, RSSI=-58.0, Count=417
[2025-09-16 15:53:51.474] [Info    ] TAG: EPC=850470002290434B3257303200700105, Antenna=1, RSSI=-58.0, Count=418
[2025-09-16 15:53:51.474] [Info    ] TAG: EPC=850470002290434B3257303200700105, Antenna=1, RSSI=-59.0, Count=419
[2025-09-16 15:53:51.474] [Info    ] TAG: EPC=850470002290434B3257303200700105, Antenna=1, RSSI=-58.0, Count=420
[2025-09-16 15:53:51.484] [Info    ] TAG: EPC=850470002290434B3257303200700105, Antenna=1, RSSI=-58.0, Count=421
[2025-09-16 15:53:51.484] [Info    ] TAG: EPC=850470002290434B3257303200700105, Antenna=1, RSSI=-58.0, Count=422
[2025-09-16 15:53:51.496] [Info    ] TAG: EPC=850470002290434B3257303200700105, Antenna=1, RSSI=-58.0, Count=423
[2025-09-16 15:53:51.496] [Info    ] TAG: EPC=850470002290434B3257303200700105, Antenna=1, RSSI=-58.0, Count=424
[2025-09-16 15:53:51.496] [Info    ] TAG: EPC=850470002290434B3257303200700105, Antenna=1, RSSI=-58.0, Count=425
[2025-09-16 15:53:51.505] [Info    ] TAG: EPC=850470002290434B3257303200700105, Antenna=1, RSSI=-58.0, Count=426
[2025-09-16 15:53:51.505] [Info    ] TAG: EPC=850470002290434B3257303200700105, Antenna=1, RSSI=-58.0, Count=427
[2025-09-16 15:53:51.514] [Info    ] TAG: EPC=850470002290434B3257303200700105, Antenna=1, RSSI=-59.0, Count=428
[2025-09-16 15:53:51.515] [Info    ] TAG: EPC=850470002290434B3257303200700105, Antenna=1, RSSI=-58.0, Count=429
[2025-09-16 15:53:51.526] [Info    ] TAG: EPC=850470002290434B3257303200700105, Antenna=1, RSSI=-58.0, Count=430
[2025-09-16 15:53:51.526] [Info    ] TAG: EPC=850470002290434B3257303200700105, Antenna=1, RSSI=-58.0, Count=431
[2025-09-16 15:53:51.526] [Info    ] TAG: EPC=850470002290434B3257303200700105, Antenna=1, RSSI=-58.0, Count=432
[2025-09-16 15:53:51.535] [Info    ] TAG: EPC=850470002290434B3257303200700105, Antenna=1, RSSI=-58.0, Count=433
[2025-09-16 15:53:51.535] [Info    ] TAG: EPC=850470002290434B3257303200700105, Antenna=1, RSSI=-58.0, Count=434
[2025-09-16 15:53:51.546] [Info    ] TAG: EPC=850470002290434B3257303200700105, Antenna=1, RSSI=-58.0, Count=435
[2025-09-16 15:53:51.546] [Info    ] TAG: EPC=850470002290434B3257303200700105, Antenna=1, RSSI=-58.0, Count=436
[2025-09-16 15:53:51.546] [Info    ] TAG: EPC=850470002290434B3257303200700105, Antenna=1, RSSI=-58.0, Count=437
[2025-09-16 15:53:51.555] [Info    ] TAG: EPC=850470002290434B3257303200700105, Antenna=1, RSSI=-58.0, Count=438
[2025-09-16 15:53:51.555] [Info    ] TAG: EPC=850470002290434B3257303200700105, Antenna=1, RSSI=-58.0, Count=439
[2025-09-16 15:53:51.576] [Info    ] TAG: EPC=850470002290434B3257303200700105, Antenna=1, RSSI=-58.0, Count=440
[2025-09-16 15:53:51.576] [Info    ] TAG: EPC=850470002290434B3257303200700105, Antenna=1, RSSI=-58.0, Count=441
[2025-09-16 15:53:51.587] [Info    ] TAG: EPC=850470002290434B3257303200700105, Antenna=1, RSSI=-58.0, Count=442
[2025-09-16 15:53:51.587] [Info    ] TAG: EPC=850470002290434B3257303200700105, Antenna=1, RSSI=-59.0, Count=443
[2025-09-16 15:53:51.588] [Info    ] TAG: EPC=850470002290434B3257303200700105, Antenna=1, RSSI=-58.0, Count=444
[2025-09-16 15:53:51.596] [Info    ] TAG: EPC=850470002290434B3257303200700105, Antenna=1, RSSI=-59.0, Count=445
[2025-09-16 15:53:51.596] [Info    ] TAG: EPC=850470002290434B3257303200700105, Antenna=1, RSSI=-59.0, Count=446
[2025-09-16 15:53:51.607] [Info    ] TAG: EPC=850470002290434B3257303200700105, Antenna=1, RSSI=-58.0, Count=447
[2025-09-16 15:53:51.607] [Info    ] TAG: EPC=850470002290434B3257303200700105, Antenna=1, RSSI=-59.0, Count=448
[2025-09-16 15:53:51.607] [Info    ] TAG: EPC=850470002290434B3257303200700105, Antenna=1, RSSI=-59.0, Count=449
[2025-09-16 15:53:51.637] [Info    ] TAG: EPC=850470002290434B3257303200700105, Antenna=1, RSSI=-58.0, Count=450
[2025-09-16 15:53:51.637] [Info    ] TAG: EPC=850470002290434B3257303200700105, Antenna=1, RSSI=-59.0, Count=451
[2025-09-16 15:53:51.638] [Info    ] TAG: EPC=850470002290434B3257303200700105, Antenna=1, RSSI=-59.0, Count=452
[2025-09-16 15:53:51.647] [Info    ] TAG: EPC=850470002290434B3257303200700105, Antenna=1, RSSI=-59.0, Count=453
[2025-09-16 15:53:51.648] [Info    ] TAG: EPC=850470002290434B3257303200700105, Antenna=1, RSSI=-58.0, Count=454
[2025-09-16 15:53:51.658] [Info    ] TAG: EPC=850470002290434B3257303200700105, Antenna=1, RSSI=-59.0, Count=455
[2025-09-16 15:53:51.658] [Info    ] TAG: EPC=850470002290434B3257303200700105, Antenna=1, RSSI=-58.0, Count=456
[2025-09-16 15:53:51.658] [Info    ] TAG: EPC=850470002290434B3257303200700105, Antenna=1, RSSI=-59.0, Count=457
[2025-09-16 15:53:51.668] [Info    ] TAG: EPC=850470002290434B3257303200700105, Antenna=1, RSSI=-59.0, Count=458
[2025-09-16 15:53:51.668] [Info    ] TAG: EPC=850470002290434B3257303200700105, Antenna=1, RSSI=-59.0, Count=459
[2025-09-16 15:53:51.678] [Info    ] TAG: EPC=850470002290434B3257303200700105, Antenna=1, RSSI=-59.0, Count=460
[2025-09-16 15:53:51.679] [Info    ] TAG: EPC=850470002290434B3257303200700105, Antenna=1, RSSI=-59.0, Count=461
[2025-09-16 15:53:51.679] [Info    ] TAG: EPC=850470002290434B3257303200700105, Antenna=1, RSSI=-59.0, Count=462
[2025-09-16 15:53:51.688] [Info    ] TAG: EPC=850470002290434B3257303200700105, Antenna=1, RSSI=-58.0, Count=463
[2025-09-16 15:53:51.690] [Info    ] TAG: EPC=850470002290434B3257303200700105, Antenna=1, RSSI=-59.0, Count=464
[2025-09-16 15:53:51.698] [Info    ] TAG: EPC=850470002290434B3257303200700105, Antenna=1, RSSI=-59.0, Count=465
[2025-09-16 15:53:51.698] [Info    ] TAG: EPC=850470002290434B3257303200700105, Antenna=1, RSSI=-59.0, Count=466
[2025-09-16 15:53:51.698] [Info    ] TAG: EPC=850470002290434B3257303200700105, Antenna=1, RSSI=-59.0, Count=467
[2025-09-16 15:53:51.709] [Info    ] TAG: EPC=850470002290434B3257303200700105, Antenna=1, RSSI=-59.0, Count=468
[2025-09-16 15:53:51.709] [Info    ] TAG: EPC=850470002290434B3257303200700105, Antenna=1, RSSI=-59.0, Count=469
[2025-09-16 15:53:51.719] [Info    ] TAG: EPC=850470002290434B3257303200700105, Antenna=1, RSSI=-58.0, Count=470
[2025-09-16 15:53:51.719] [Info    ] TAG: EPC=850470002290434B3257303200700105, Antenna=1, RSSI=-59.0, Count=471
[2025-09-16 15:53:51.729] [Info    ] TAG: EPC=850470002290434B3257303200700105, Antenna=1, RSSI=-59.0, Count=472
[2025-09-16 15:53:51.729] [Info    ] TAG: EPC=850470002290434B3257303200700105, Antenna=1, RSSI=-58.0, Count=473
[2025-09-16 15:53:51.729] [Info    ] TAG: EPC=850470002290434B3257303200700105, Antenna=1, RSSI=-59.0, Count=474
[2025-09-16 15:53:51.738] [Info    ] TAG: EPC=850470002290434B3257303200700105, Antenna=1, RSSI=-59.0, Count=475
[2025-09-16 15:53:51.740] [Info    ] TAG: EPC=850470002290434B3257303200700105, Antenna=1, RSSI=-58.0, Count=476
[2025-09-16 15:53:51.750] [Info    ] TAG: EPC=850470002290434B3257303200700105, Antenna=1, RSSI=-59.0, Count=477
[2025-09-16 15:53:51.751] [Info    ] TAG: EPC=850470002290434B3257303200700105, Antenna=1, RSSI=-59.0, Count=478
[2025-09-16 15:53:51.751] [Info    ] TAG: EPC=850470002290434B3257303200700105, Antenna=1, RSSI=-59.0, Count=479
[2025-09-16 15:53:51.760] [Info    ] TAG: EPC=850470002290434B3257303200700105, Antenna=1, RSSI=-59.0, Count=480
[2025-09-16 15:53:51.760] [Info    ] TAG: EPC=850470002290434B3257303200700105, Antenna=1, RSSI=-58.0, Count=481
[2025-09-16 15:53:51.770] [Info    ] TAG: EPC=850470002290434B3257303200700105, Antenna=1, RSSI=-59.0, Count=482
[2025-09-16 15:53:51.770] [Info    ] TAG: EPC=850470002290434B3257303200700105, Antenna=1, RSSI=-59.0, Count=483
[2025-09-16 15:53:51.781] [Info    ] TAG: EPC=850470002290434B3257303200700105, Antenna=1, RSSI=-59.0, Count=484
[2025-09-16 15:53:51.781] [Info    ] TAG: EPC=850470002290434B3257303200700105, Antenna=1, RSSI=-59.0, Count=485
[2025-09-16 15:53:51.782] [Info    ] TAG: EPC=850470002290434B3257303200700105, Antenna=1, RSSI=-59.0, Count=486
[2025-09-16 15:53:51.790] [Info    ] TAG: EPC=850470002290434B3257303200700105, Antenna=1, RSSI=-59.0, Count=487
[2025-09-16 15:53:51.791] [Info    ] TAG: EPC=850470002290434B3257303200700105, Antenna=1, RSSI=-59.0, Count=488
[2025-09-16 15:53:51.791] [Info    ] TAG: EPC=850470002290434B3257303200700105, Antenna=1, RSSI=-59.0, Count=489
[2025-09-16 15:53:51.801] [Info    ] TAG: EPC=850470002290434B3257303200700105, Antenna=1, RSSI=-59.0, Count=490
[2025-09-16 15:53:51.802] [Info    ] TAG: EPC=850470002290434B3257303200700105, Antenna=1, RSSI=-59.0, Count=491
[2025-09-16 15:53:51.811] [Info    ] TAG: EPC=850470002290434B3257303200700105, Antenna=1, RSSI=-58.0, Count=492
[2025-09-16 15:53:51.811] [Info    ] TAG: EPC=850470002290434B3257303200700105, Antenna=1, RSSI=-59.0, Count=493
[2025-09-16 15:53:51.822] [Info    ] TAG: EPC=850470002290434B3257303200700105, Antenna=1, RSSI=-59.0, Count=494
[2025-09-16 15:53:51.822] [Info    ] TAG: EPC=850470002290434B3257303200700105, Antenna=1, RSSI=-58.0, Count=495
[2025-09-16 15:53:51.842] [Info    ] TAG: EPC=850470002290434B3257303200700105, Antenna=1, RSSI=-59.0, Count=496
[2025-09-16 15:53:51.842] [Info    ] TAG: EPC=850470002290434B3257303200700105, Antenna=1, RSSI=-59.0, Count=497
[2025-09-16 15:53:51.852] [Info    ] TAG: EPC=850470002290434B3257303200700105, Antenna=1, RSSI=-59.0, Count=498
[2025-09-16 15:53:51.852] [Info    ] TAG: EPC=850470002290434B3257303200700105, Antenna=1, RSSI=-59.0, Count=499
[2025-09-16 15:53:51.853] [Info    ] TAG: EPC=850470002290434B3257303200700105, Antenna=1, RSSI=-58.0, Count=500
[2025-09-16 15:53:51.863] [Info    ] TAG: EPC=850470002290434B3257303200700105, Antenna=1, RSSI=-58.0, Count=501
[2025-09-16 15:53:51.863] [Info    ] TAG: EPC=850470002290434B3257303200700105, Antenna=1, RSSI=-59.0, Count=502
[2025-09-16 15:53:51.872] [Info    ] TAG: EPC=850470002290434B3257303200700105, Antenna=1, RSSI=-59.0, Count=503
[2025-09-16 15:53:51.872] [Info    ] TAG: EPC=850470002290434B3257303200700105, Antenna=1, RSSI=-58.0, Count=504
[2025-09-16 15:53:51.882] [Info    ] TAG: EPC=850470002290434B3257303200700105, Antenna=1, RSSI=-58.0, Count=505
[2025-09-16 15:53:51.883] [Info    ] TAG: EPC=850470002290434B3257303200700105, Antenna=1, RSSI=-58.0, Count=506
[2025-09-16 15:53:51.884] [Info    ] TAG: EPC=850470002290434B3257303200700105, Antenna=1, RSSI=-58.0, Count=507
[2025-09-16 15:53:51.893] [Info    ] TAG: EPC=850470002290434B3257303200700105, Antenna=1, RSSI=-59.0, Count=508
[2025-09-16 15:53:51.893] [Info    ] TAG: EPC=850470002290434B3257303200700105, Antenna=1, RSSI=-58.0, Count=509
[2025-09-16 15:53:51.894] [Info    ] TAG: EPC=850470002290434B3257303200700105, Antenna=1, RSSI=-59.0, Count=510
[2025-09-16 15:53:51.903] [Info    ] TAG: EPC=850470002290434B3257303200700105, Antenna=1, RSSI=-59.0, Count=511
[2025-09-16 15:53:51.904] [Info    ] TAG: EPC=850470002290434B3257303200700105, Antenna=1, RSSI=-59.0, Count=512
[2025-09-16 15:53:51.914] [Info    ] TAG: EPC=850470002290434B3257303200700105, Antenna=1, RSSI=-59.0, Count=513
[2025-09-16 15:53:51.914] [Info    ] TAG: EPC=850470002290434B3257303200700105, Antenna=1, RSSI=-59.0, Count=514
[2025-09-16 15:53:51.924] [Info    ] TAG: EPC=850470002290434B3257303200700105, Antenna=1, RSSI=-58.0, Count=515
[2025-09-16 15:53:51.924] [Info    ] TAG: EPC=850470002290434B3257303200700105, Antenna=1, RSSI=-58.0, Count=516
[2025-09-16 15:53:51.934] [Info    ] TAG: EPC=850470002290434B3257303200700105, Antenna=1, RSSI=-59.0, Count=517
[2025-09-16 15:53:51.934] [Info    ] TAG: EPC=850470002290434B3257303200700105, Antenna=1, RSSI=-59.0, Count=518
[2025-09-16 15:53:51.934] [Info    ] TAG: EPC=850470002290434B3257303200700105, Antenna=1, RSSI=-59.0, Count=519
[2025-09-16 15:53:51.934] [Info    ] TAG: EPC=850470002290434B3257303200700105, Antenna=1, RSSI=-59.0, Count=520
[2025-09-16 15:53:51.944] [Info    ] TAG: EPC=850470002290434B3257303200700105, Antenna=1, RSSI=-59.0, Count=521
[2025-09-16 15:53:51.944] [Info    ] TAG: EPC=850470002290434B3257303200700105, Antenna=1, RSSI=-58.0, Count=522
[2025-09-16 15:53:51.954] [Info    ] TAG: EPC=850470002290434B3257303200700105, Antenna=1, RSSI=-59.0, Count=523
[2025-09-16 15:53:51.955] [Info    ] TAG: EPC=850470002290434B3257303200700105, Antenna=1, RSSI=-59.0, Count=524
[2025-09-16 15:53:51.964] [Info    ] TAG: EPC=850470002290434B3257303200700105, Antenna=1, RSSI=-59.0, Count=525
[2025-09-16 15:53:51.964] [Info    ] TAG: EPC=850470002290434B3257303200700105, Antenna=1, RSSI=-59.0, Count=526
[2025-09-16 15:53:51.974] [Info    ] TAG: EPC=850470002290434B3257303200700105, Antenna=1, RSSI=-59.0, Count=527
[2025-09-16 15:53:51.974] [Info    ] TAG: EPC=850470002290434B3257303200700105, Antenna=1, RSSI=-58.0, Count=528
[2025-09-16 15:53:51.985] [Info    ] TAG: EPC=850470002290434B3257303200700105, Antenna=1, RSSI=-59.0, Count=529
[2025-09-16 15:53:51.985] [Info    ] TAG: EPC=850470002290434B3257303200700105, Antenna=1, RSSI=-59.0, Count=530
[2025-09-16 15:53:51.994] [Info    ] TAG: EPC=850470002290434B3257303200700105, Antenna=1, RSSI=-59.0, Count=531
[2025-09-16 15:53:51.995] [Info    ] TAG: EPC=850470002290434B3257303200700105, Antenna=1, RSSI=-59.0, Count=532
[2025-09-16 15:53:51.995] [Info    ] TAG: EPC=850470002290434B3257303200700105, Antenna=1, RSSI=-58.0, Count=533
[2025-09-16 15:53:52.005] [Info    ] TAG: EPC=850470002290434B3257303200700105, Antenna=1, RSSI=-58.0, Count=534
[2025-09-16 15:53:52.006] [Info    ] TAG: EPC=850470002290434B3257303200700105, Antenna=1, RSSI=-59.0, Count=535
[2025-09-16 15:53:52.015] [Info    ] TAG: EPC=850470002290434B3257303200700105, Antenna=1, RSSI=-59.0, Count=536
[2025-09-16 15:53:52.016] [Info    ] TAG: EPC=850470002290434B3257303200700105, Antenna=1, RSSI=-59.0, Count=537
[2025-09-16 15:53:52.026] [Info    ] TAG: EPC=850470002290434B3257303200700105, Antenna=1, RSSI=-59.0, Count=538
[2025-09-16 15:53:52.026] [Info    ] TAG: EPC=850470002290434B3257303200700105, Antenna=1, RSSI=-59.0, Count=539
[2025-09-16 15:53:52.026] [Info    ] TAG: EPC=850470002290434B3257303200700105, Antenna=1, RSSI=-59.0, Count=540
[2025-09-16 15:53:52.047] [Info    ] TAG: EPC=850470002290434B3257303200700105, Antenna=1, RSSI=-59.0, Count=541
[2025-09-16 15:53:52.047] [Info    ] TAG: EPC=850470002290434B3257303200700105, Antenna=1, RSSI=-58.0, Count=542
[2025-09-16 15:53:52.056] [Info    ] TAG: EPC=850470002290434B3257303200700105, Antenna=1, RSSI=-58.0, Count=543
[2025-09-16 15:53:52.056] [Info    ] TAG: EPC=850470002290434B3257303200700105, Antenna=1, RSSI=-59.0, Count=544
[2025-09-16 15:53:52.068] [Info    ] TAG: EPC=850470002290434B3257303200700105, Antenna=1, RSSI=-59.0, Count=545
[2025-09-16 15:53:52.068] [Info    ] TAG: EPC=850470002290434B3257303200700105, Antenna=1, RSSI=-59.0, Count=546
[2025-09-16 15:53:52.068] [Info    ] TAG: EPC=850470002290434B3257303200700105, Antenna=1, RSSI=-59.0, Count=547
[2025-09-16 15:53:52.076] [Info    ] TAG: EPC=850470002290434B3257303200700105, Antenna=1, RSSI=-59.0, Count=548
[2025-09-16 15:53:52.087] [Info    ] TAG: EPC=850470002290434B3257303200700105, Antenna=1, RSSI=-58.0, Count=549
[2025-09-16 15:53:52.087] [Info    ] TAG: EPC=850470002290434B3257303200700105, Antenna=1, RSSI=-59.0, Count=550
[2025-09-16 15:53:52.088] [Info    ] TAG: EPC=850470002290434B3257303200700105, Antenna=1, RSSI=-59.0, Count=551
[2025-09-16 15:53:52.097] [Info    ] TAG: EPC=850470002290434B3257303200700105, Antenna=1, RSSI=-59.0, Count=552
[2025-09-16 15:53:52.097] [Info    ] TAG: EPC=850470002290434B3257303200700105, Antenna=1, RSSI=-60.0, Count=553
[2025-09-16 15:53:52.107] [Info    ] TAG: EPC=850470002290434B3257303200700105, Antenna=1, RSSI=-59.0, Count=554
[2025-09-16 15:53:52.107] [Info    ] TAG: EPC=850470002290434B3257303200700105, Antenna=1, RSSI=-58.0, Count=555
[2025-09-16 15:53:52.108] [Info    ] TAG: EPC=850470002290434B3257303200700105, Antenna=1, RSSI=-59.0, Count=556
[2025-09-16 15:53:52.119] [Info    ] TAG: EPC=850470002290434B3257303200700105, Antenna=1, RSSI=-58.0, Count=557
[2025-09-16 15:53:52.119] [Info    ] TAG: EPC=850470002290434B3257303200700105, Antenna=1, RSSI=-59.0, Count=558
[2025-09-16 15:53:52.127] [Info    ] TAG: EPC=850470002290434B3257303200700105, Antenna=1, RSSI=-58.0, Count=559
[2025-09-16 15:53:52.127] [Info    ] TAG: EPC=850470002290434B3257303200700105, Antenna=1, RSSI=-59.0, Count=560
[2025-09-16 15:53:52.127] [Info    ] TAG: EPC=850470002290434B3257303200700105, Antenna=1, RSSI=-59.0, Count=561
[2025-09-16 15:53:52.137] [Info    ] TAG: EPC=850470002290434B3257303200700105, Antenna=1, RSSI=-59.0, Count=562
[2025-09-16 15:53:52.137] [Info    ] TAG: EPC=850470002290434B3257303200700105, Antenna=1, RSSI=-59.0, Count=563
[2025-09-16 15:53:52.147] [Info    ] TAG: EPC=850470002290434B3257303200700105, Antenna=1, RSSI=-58.0, Count=564
[2025-09-16 15:53:52.147] [Info    ] TAG: EPC=850470002290434B3257303200700105, Antenna=1, RSSI=-59.0, Count=565
[2025-09-16 15:53:52.148] [Info    ] TAG: EPC=850470002290434B3257303200700105, Antenna=1, RSSI=-58.0, Count=566
[2025-09-16 15:53:52.158] [Info    ] TAG: EPC=850470002290434B3257303200700105, Antenna=1, RSSI=-59.0, Count=567
[2025-09-16 15:53:52.158] [Info    ] TAG: EPC=850470002290434B3257303200700105, Antenna=1, RSSI=-58.0, Count=568
[2025-09-16 15:53:52.169] [Info    ] TAG: EPC=850470002290434B3257303200700105, Antenna=1, RSSI=-59.0, Count=569
[2025-09-16 15:53:52.169] [Info    ] TAG: EPC=850470002290434B3257303200700105, Antenna=1, RSSI=-58.0, Count=570
[2025-09-16 15:53:52.178] [Info    ] TAG: EPC=850470002290434B3257303200700105, Antenna=1, RSSI=-59.0, Count=571
[2025-09-16 15:53:52.178] [Info    ] TAG: EPC=850470002290434B3257303200700105, Antenna=1, RSSI=-58.0, Count=572
[2025-09-16 15:53:52.179] [Info    ] TAG: EPC=850470002290434B3257303200700105, Antenna=1, RSSI=-58.0, Count=573
[2025-09-16 15:53:52.189] [Info    ] TAG: EPC=850470002290434B3257303200700105, Antenna=1, RSSI=-58.0, Count=574
[2025-09-16 15:53:52.189] [Info    ] TAG: EPC=850470002290434B3257303200700105, Antenna=1, RSSI=-58.0, Count=575
[2025-09-16 15:53:52.190] [Info    ] TAG: EPC=850470002290434B3257303200700105, Antenna=1, RSSI=-58.0, Count=576
[2025-09-16 15:53:52.199] [Info    ] TAG: EPC=850470002290434B3257303200700105, Antenna=1, RSSI=-58.0, Count=577
[2025-09-16 15:53:52.199] [Info    ] TAG: EPC=850470002290434B3257303200700105, Antenna=1, RSSI=-59.0, Count=578
[2025-09-16 15:53:52.209] [Info    ] TAG: EPC=850470002290434B3257303200700105, Antenna=1, RSSI=-59.0, Count=579
[2025-09-16 15:53:52.209] [Info    ] TAG: EPC=850470002290434B3257303200700105, Antenna=1, RSSI=-59.0, Count=580
[2025-09-16 15:53:52.220] [Info    ] TAG: EPC=850470002290434B3257303200700105, Antenna=1, RSSI=-58.0, Count=581
[2025-09-16 15:53:52.220] [Info    ] TAG: EPC=850470002290434B3257303200700105, Antenna=1, RSSI=-59.0, Count=582
[2025-09-16 15:53:52.221] [Info    ] TAG: EPC=850470002290434B3257303200700105, Antenna=1, RSSI=-59.0, Count=583
[2025-09-16 15:53:52.229] [Info    ] TAG: EPC=850470002290434B3257303200700105, Antenna=1, RSSI=-59.0, Count=584
[2025-09-16 15:53:52.229] [Info    ] TAG: EPC=850470002290434B3257303200700105, Antenna=1, RSSI=-59.0, Count=585
[2025-09-16 15:53:52.229] [Info    ] TAG: EPC=850470002290434B3257303200700105, Antenna=1, RSSI=-58.0, Count=586
[2025-09-16 15:53:52.260] [Info    ] TAG: EPC=850470002290434B3257303200700105, Antenna=1, RSSI=-59.0, Count=587
[2025-09-16 15:53:52.261] [Info    ] TAG: EPC=850470002290434B3257303200700105, Antenna=1, RSSI=-58.0, Count=588
[2025-09-16 15:53:52.261] [Info    ] TAG: EPC=850470002290434B3257303200700105, Antenna=1, RSSI=-59.0, Count=589
[2025-09-16 15:53:52.271] [Info    ] TAG: EPC=850470002290434B3257303200700105, Antenna=1, RSSI=-58.0, Count=590
[2025-09-16 15:53:52.271] [Info    ] TAG: EPC=850470002290434B3257303200700105, Antenna=1, RSSI=-58.0, Count=591
[2025-09-16 15:53:52.281] [Info    ] TAG: EPC=850470002290434B3257303200700105, Antenna=1, RSSI=-59.0, Count=592
[2025-09-16 15:53:52.281] [Info    ] TAG: EPC=850470002290434B3257303200700105, Antenna=1, RSSI=-59.0, Count=593
[2025-09-16 15:53:52.282] [Info    ] TAG: EPC=850470002290434B3257303200700105, Antenna=1, RSSI=-59.0, Count=594
[2025-09-16 15:53:52.292] [Info    ] TAG: EPC=850470002290434B3257303200700105, Antenna=1, RSSI=-59.0, Count=595
[2025-09-16 15:53:52.292] [Info    ] TAG: EPC=850470002290434B3257303200700105, Antenna=1, RSSI=-58.0, Count=596
[2025-09-16 15:53:52.300] [Info    ] TAG: EPC=850470002290434B3257303200700105, Antenna=1, RSSI=-59.0, Count=597
[2025-09-16 15:53:52.302] [Info    ] TAG: EPC=850470002290434B3257303200700105, Antenna=1, RSSI=-59.0, Count=598
[2025-09-16 15:53:52.302] [Info    ] TAG: EPC=850470002290434B3257303200700105, Antenna=1, RSSI=-59.0, Count=599
[2025-09-16 15:53:52.312] [Info    ] TAG: EPC=850470002290434B3257303200700105, Antenna=1, RSSI=-59.0, Count=600
[2025-09-16 15:53:52.312] [Info    ] TAG: EPC=850470002290434B3257303200700105, Antenna=1, RSSI=-59.0, Count=601
[2025-09-16 15:53:52.322] [Info    ] TAG: EPC=850470002290434B3257303200700105, Antenna=1, RSSI=-59.0, Count=602
[2025-09-16 15:53:52.322] [Info    ] TAG: EPC=850470002290434B3257303200700105, Antenna=1, RSSI=-58.0, Count=603
[2025-09-16 15:53:52.323] [Info    ] TAG: EPC=850470002290434B3257303200700105, Antenna=1, RSSI=-59.0, Count=604
[2025-09-16 15:53:52.332] [Info    ] TAG: EPC=850470002290434B3257303200700105, Antenna=1, RSSI=-59.0, Count=605
[2025-09-16 15:53:52.332] [Info    ] TAG: EPC=850470002290434B3257303200700105, Antenna=1, RSSI=-58.0, Count=606
[2025-09-16 15:53:52.342] [Info    ] TAG: EPC=850470002290434B3257303200700105, Antenna=1, RSSI=-58.0, Count=607
[2025-09-16 15:53:52.343] [Info    ] TAG: EPC=850470002290434B3257303200700105, Antenna=1, RSSI=-59.0, Count=608
[2025-09-16 15:53:52.352] [Info    ] TAG: EPC=850470002290434B3257303200700105, Antenna=1, RSSI=-58.0, Count=609
[2025-09-16 15:53:52.352] [Info    ] TAG: EPC=850470002290434B3257303200700105, Antenna=1, RSSI=-60.0, Count=610
[2025-09-16 15:53:52.353] [Info    ] TAG: EPC=850470002290434B3257303200700105, Antenna=1, RSSI=-58.0, Count=611
[2025-09-16 15:53:52.363] [Info    ] TAG: EPC=850470002290434B3257303200700105, Antenna=1, RSSI=-58.0, Count=612
[2025-09-16 15:53:52.363] [Info    ] TAG: EPC=850470002290434B3257303200700105, Antenna=1, RSSI=-58.0, Count=613
[2025-09-16 15:53:52.383] [Info    ] TAG: EPC=850470002290434B3257303200700105, Antenna=1, RSSI=-58.0, Count=614
[2025-09-16 15:53:52.383] [Info    ] TAG: EPC=850470002290434B3257303200700105, Antenna=1, RSSI=-58.0, Count=615
[2025-09-16 15:53:52.395] [Info    ] TAG: EPC=850470002290434B3257303200700105, Antenna=1, RSSI=-58.0, Count=616
[2025-09-16 15:53:52.395] [Info    ] TAG: EPC=850470002290434B3257303200700105, Antenna=1, RSSI=-58.0, Count=617
[2025-09-16 15:53:52.395] [Info    ] TAG: EPC=850470002290434B3257303200700105, Antenna=1, RSSI=-58.0, Count=618
[2025-09-16 15:53:52.405] [Info    ] TAG: EPC=850470002290434B3257303200700105, Antenna=1, RSSI=-58.0, Count=619
[2025-09-16 15:53:52.405] [Info    ] TAG: EPC=850470002290434B3257303200700105, Antenna=1, RSSI=-58.0, Count=620
[2025-09-16 15:53:52.406] [Info    ] TAG: EPC=850470002290434B3257303200700105, Antenna=1, RSSI=-58.0, Count=621
[2025-09-16 15:53:52.415] [Info    ] TAG: EPC=850470002290434B3257303200700105, Antenna=1, RSSI=-58.0, Count=622
[2025-09-16 15:53:52.415] [Info    ] TAG: EPC=850470002290434B3257303200700105, Antenna=1, RSSI=-58.0, Count=623
[2025-09-16 15:53:52.426] [Info    ] TAG: EPC=850470002290434B3257303200700105, Antenna=1, RSSI=-58.0, Count=624
[2025-09-16 15:53:52.426] [Info    ] TAG: EPC=850470002290434B3257303200700105, Antenna=1, RSSI=-58.0, Count=625
[2025-09-16 15:53:52.426] [Info    ] TAG: EPC=850470002290434B3257303200700105, Antenna=1, RSSI=-58.0, Count=626
[2025-09-16 15:53:52.436] [Info    ] TAG: EPC=850470002290434B3257303200700105, Antenna=1, RSSI=-58.0, Count=627
[2025-09-16 15:53:52.436] [Info    ] TAG: EPC=850470002290434B3257303200700105, Antenna=1, RSSI=-59.0, Count=628
[2025-09-16 15:53:52.444] [Info    ] STATS: Total=628, Unique=1, Rate=218.0 tags/s
[2025-09-16 15:53:52.445] [Info    ] TAG: EPC=850470002290434B3257303200700105, Antenna=1, RSSI=-59.0, Count=629
[2025-09-16 15:53:52.466] [Info    ] TAG: EPC=850470002290434B3257303200700105, Antenna=1, RSSI=-58.0, Count=630
[2025-09-16 15:53:52.466] [Info    ] TAG: EPC=850470002290434B3257303200700105, Antenna=1, RSSI=-58.0, Count=631
[2025-09-16 15:53:52.466] [Info    ] TAG: EPC=850470002290434B3257303200700105, Antenna=1, RSSI=-58.0, Count=632
[2025-09-16 15:53:52.477] [Info    ] TAG: EPC=850470002290434B3257303200700105, Antenna=1, RSSI=-58.0, Count=633
[2025-09-16 15:53:52.477] [Info    ] TAG: EPC=850470002290434B3257303200700105, Antenna=1, RSSI=-58.0, Count=634
[2025-09-16 15:53:52.486] [Info    ] TAG: EPC=850470002290434B3257303200700105, Antenna=1, RSSI=-58.0, Count=635
[2025-09-16 15:53:52.486] [Info    ] TAG: EPC=850470002290434B3257303200700105, Antenna=1, RSSI=-58.0, Count=636
[2025-09-16 15:53:52.496] [Info    ] TAG: EPC=850470002290434B3257303200700105, Antenna=1, RSSI=-58.0, Count=637
[2025-09-16 15:53:52.497] [Info    ] TAG: EPC=850470002290434B3257303200700105, Antenna=1, RSSI=-58.0, Count=638
[2025-09-16 15:53:52.507] [Info    ] TAG: EPC=850470002290434B3257303200700105, Antenna=1, RSSI=-58.0, Count=639
[2025-09-16 15:53:52.507] [Info    ] TAG: EPC=850470002290434B3257303200700105, Antenna=1, RSSI=-58.0, Count=640
[2025-09-16 15:53:52.508] [Info    ] TAG: EPC=850470002290434B3257303200700105, Antenna=1, RSSI=-58.0, Count=641
[2025-09-16 15:53:52.517] [Info    ] TAG: EPC=850470002290434B3257303200700105, Antenna=1, RSSI=-58.0, Count=642
[2025-09-16 15:53:52.517] [Info    ] TAG: EPC=850470002290434B3257303200700105, Antenna=1, RSSI=-58.0, Count=643
[2025-09-16 15:53:52.518] [Info    ] TAG: EPC=850470002290434B3257303200700105, Antenna=1, RSSI=-58.0, Count=644
[2025-09-16 15:53:52.528] [Info    ] TAG: EPC=850470002290434B3257303200700105, Antenna=1, RSSI=-58.0, Count=645
[2025-09-16 15:53:52.528] [Info    ] TAG: EPC=850470002290434B3257303200700105, Antenna=1, RSSI=-58.0, Count=646
[2025-09-16 15:53:52.537] [Info    ] TAG: EPC=850470002290434B3257303200700105, Antenna=1, RSSI=-58.0, Count=647
[2025-09-16 15:53:52.538] [Info    ] TAG: EPC=850470002290434B3257303200700105, Antenna=1, RSSI=-58.0, Count=648
[2025-09-16 15:53:52.538] [Info    ] TAG: EPC=850470002290434B3257303200700105, Antenna=1, RSSI=-58.0, Count=649
[2025-09-16 15:53:52.547] [Info    ] TAG: EPC=850470002290434B3257303200700105, Antenna=1, RSSI=-58.0, Count=650
[2025-09-16 15:53:52.547] [Info    ] TAG: EPC=850470002290434B3257303200700105, Antenna=1, RSSI=-58.0, Count=651
[2025-09-16 15:53:52.557] [Info    ] TAG: EPC=850470002290434B3257303200700105, Antenna=1, RSSI=-58.0, Count=652
[2025-09-16 15:53:52.559] [Info    ] TAG: EPC=850470002290434B3257303200700105, Antenna=1, RSSI=-58.0, Count=653
[2025-09-16 15:53:52.568] [Info    ] TAG: EPC=850470002290434B3257303200700105, Antenna=1, RSSI=-58.0, Count=654
[2025-09-16 15:53:52.568] [Info    ] TAG: EPC=850470002290434B3257303200700105, Antenna=1, RSSI=-58.0, Count=655
[2025-09-16 15:53:52.569] [Info    ] TAG: EPC=850470002290434B3257303200700105, Antenna=1, RSSI=-58.0, Count=656
[2025-09-16 15:53:52.579] [Info    ] TAG: EPC=850470002290434B3257303200700105, Antenna=1, RSSI=-58.0, Count=657
[2025-09-16 15:53:52.579] [Info    ] TAG: EPC=850470002290434B3257303200700105, Antenna=1, RSSI=-58.0, Count=658
[2025-09-16 15:53:52.588] [Info    ] TAG: EPC=850470002290434B3257303200700105, Antenna=1, RSSI=-58.0, Count=659
[2025-09-16 15:53:52.588] [Info    ] TAG: EPC=850470002290434B3257303200700105, Antenna=1, RSSI=-58.0, Count=660
[2025-09-16 15:53:52.588] [Info    ] TAG: EPC=850470002290434B3257303200700105, Antenna=1, RSSI=-58.0, Count=661
[2025-09-16 15:53:52.598] [Info    ] TAG: EPC=850470002290434B3257303200700105, Antenna=1, RSSI=-58.0, Count=662
[2025-09-16 15:53:52.598] [Info    ] TAG: EPC=850470002290434B3257303200700105, Antenna=1, RSSI=-58.0, Count=663
[2025-09-16 15:53:52.609] [Info    ] TAG: EPC=850470002290434B3257303200700105, Antenna=1, RSSI=-58.0, Count=664
[2025-09-16 15:53:52.610] [Info    ] TAG: EPC=850470002290434B3257303200700105, Antenna=1, RSSI=-58.0, Count=665
[2025-09-16 15:53:52.618] [Info    ] TAG: EPC=850470002290434B3257303200700105, Antenna=1, RSSI=-58.0, Count=666
[2025-09-16 15:53:52.619] [Info    ] TAG: EPC=850470002290434B3257303200700105, Antenna=1, RSSI=-58.0, Count=667
[2025-09-16 15:53:52.619] [Info    ] TAG: EPC=850470002290434B3257303200700105, Antenna=1, RSSI=-58.0, Count=668
[2025-09-16 15:53:52.629] [Info    ] TAG: EPC=850470002290434B3257303200700105, Antenna=1, RSSI=-58.0, Count=669
[2025-09-16 15:53:52.630] [Info    ] TAG: EPC=850470002290434B3257303200700105, Antenna=1, RSSI=-58.0, Count=670
[2025-09-16 15:53:52.630] [Info    ] TAG: EPC=850470002290434B3257303200700105, Antenna=1, RSSI=-58.0, Count=671
[2025-09-16 15:53:52.640] [Info    ] TAG: EPC=850470002290434B3257303200700105, Antenna=1, RSSI=-58.0, Count=672
[2025-09-16 15:53:52.640] [Info    ] TAG: EPC=850470002290434B3257303200700105, Antenna=1, RSSI=-58.0, Count=673
[2025-09-16 15:53:52.650] [Info    ] TAG: EPC=850470002290434B3257303200700105, Antenna=1, RSSI=-57.0, Count=674
[2025-09-16 15:53:52.650] [Info    ] TAG: EPC=850470002290434B3257303200700105, Antenna=1, RSSI=-58.0, Count=675
[2025-09-16 15:53:52.671] [Info    ] TAG: EPC=850470002290434B3257303200700105, Antenna=1, RSSI=-58.0, Count=676
[2025-09-16 15:53:52.671] [Info    ] TAG: EPC=850470002290434B3257303200700105, Antenna=1, RSSI=-58.0, Count=677
[2025-09-16 15:53:52.681] [Info    ] TAG: EPC=850470002290434B3257303200700105, Antenna=1, RSSI=-58.0, Count=678
[2025-09-16 15:53:52.682] [Info    ] TAG: EPC=850470002290434B3257303200700105, Antenna=1, RSSI=-58.0, Count=679
[2025-09-16 15:53:52.691] [Info    ] TAG: EPC=850470002290434B3257303200700105, Antenna=1, RSSI=-58.0, Count=680
[2025-09-16 15:53:52.691] [Info    ] TAG: EPC=850470002290434B3257303200700105, Antenna=1, RSSI=-59.0, Count=681
[2025-09-16 15:53:52.701] [Info    ] TAG: EPC=850470002290434B3257303200700105, Antenna=1, RSSI=-58.0, Count=682
[2025-09-16 15:53:52.701] [Info    ] TAG: EPC=850470002290434B3257303200700105, Antenna=1, RSSI=-58.0, Count=683
[2025-09-16 15:53:52.702] [Info    ] TAG: EPC=850470002290434B3257303200700105, Antenna=1, RSSI=-58.0, Count=684
[2025-09-16 15:53:52.710] [Info    ] TAG: EPC=850470002290434B3257303200700105, Antenna=1, RSSI=-58.0, Count=685
[2025-09-16 15:53:52.711] [Info    ] TAG: EPC=850470002290434B3257303200700105, Antenna=1, RSSI=-58.0, Count=686
[2025-09-16 15:53:52.711] [Info    ] TAG: EPC=850470002290434B3257303200700105, Antenna=1, RSSI=-58.0, Count=687
[2025-09-16 15:53:52.723] [Info    ] TAG: EPC=850470002290434B3257303200700105, Antenna=1, RSSI=-58.0, Count=688
[2025-09-16 15:53:52.723] [Info    ] TAG: EPC=850470002290434B3257303200700105, Antenna=1, RSSI=-58.0, Count=689
[2025-09-16 15:53:52.733] [Info    ] TAG: EPC=850470002290434B3257303200700105, Antenna=1, RSSI=-58.0, Count=690
[2025-09-16 15:53:52.734] [Info    ] TAG: EPC=850470002290434B3257303200700105, Antenna=1, RSSI=-58.0, Count=691
[2025-09-16 15:53:52.744] [Info    ] TAG: EPC=850470002290434B3257303200700105, Antenna=1, RSSI=-58.0, Count=692
[2025-09-16 15:53:52.744] [Info    ] TAG: EPC=850470002290434B3257303200700105, Antenna=1, RSSI=-58.0, Count=693
[2025-09-16 15:53:52.745] [Info    ] TAG: EPC=850470002290434B3257303200700105, Antenna=1, RSSI=-58.0, Count=694
[2025-09-16 15:53:52.753] [Info    ] TAG: EPC=850470002290434B3257303200700105, Antenna=1, RSSI=-58.0, Count=695
[2025-09-16 15:53:52.753] [Info    ] TAG: EPC=850470002290434B3257303200700105, Antenna=1, RSSI=-58.0, Count=696
[2025-09-16 15:53:52.755] [Info    ] TAG: EPC=850470002290434B3257303200700105, Antenna=1, RSSI=-58.0, Count=697
[2025-09-16 15:53:52.764] [Info    ] TAG: EPC=850470002290434B3257303200700105, Antenna=1, RSSI=-58.0, Count=698
[2025-09-16 15:53:52.764] [Info    ] TAG: EPC=850470002290434B3257303200700105, Antenna=1, RSSI=-58.0, Count=699
[2025-09-16 15:53:52.774] [Info    ] TAG: EPC=850470002290434B3257303200700105, Antenna=1, RSSI=-58.0, Count=700
[2025-09-16 15:53:52.785] [Info    ] TAG: EPC=850470002290434B3257303200700105, Antenna=1, RSSI=-59.0, Count=701
[2025-09-16 15:53:52.785] [Info    ] TAG: EPC=850470002290434B3257303200700105, Antenna=1, RSSI=-58.0, Count=702
[2025-09-16 15:53:52.785] [Info    ] TAG: EPC=850470002290434B3257303200700105, Antenna=1, RSSI=-58.0, Count=703
[2025-09-16 15:53:52.795] [Info    ] TAG: EPC=850470002290434B3257303200700105, Antenna=1, RSSI=-59.0, Count=704
[2025-09-16 15:53:52.795] [Info    ] TAG: EPC=850470002290434B3257303200700105, Antenna=1, RSSI=-58.0, Count=705
[2025-09-16 15:53:52.804] [Info    ] TAG: EPC=850470002290434B3257303200700105, Antenna=1, RSSI=-58.0, Count=706
[2025-09-16 15:53:52.804] [Info    ] TAG: EPC=850470002290434B3257303200700105, Antenna=1, RSSI=-58.0, Count=707
[2025-09-16 15:53:52.805] [Info    ] TAG: EPC=850470002290434B3257303200700105, Antenna=1, RSSI=-59.0, Count=708
[2025-09-16 15:53:52.815] [Info    ] TAG: EPC=850470002290434B3257303200700105, Antenna=1, RSSI=-58.0, Count=709
[2025-09-16 15:53:52.815] [Info    ] TAG: EPC=850470002290434B3257303200700105, Antenna=1, RSSI=-58.0, Count=710
[2025-09-16 15:53:52.825] [Info    ] TAG: EPC=850470002290434B3257303200700105, Antenna=1, RSSI=-58.0, Count=711
[2025-09-16 15:53:52.826] [Info    ] TAG: EPC=850470002290434B3257303200700105, Antenna=1, RSSI=-58.0, Count=712
[2025-09-16 15:53:52.836] [Info    ] TAG: EPC=850470002290434B3257303200700105, Antenna=1, RSSI=-58.0, Count=713
[2025-09-16 15:53:52.836] [Info    ] TAG: EPC=850470002290434B3257303200700105, Antenna=1, RSSI=-60.0, Count=714
[2025-09-16 15:53:52.837] [Info    ] TAG: EPC=850470002290434B3257303200700105, Antenna=1, RSSI=-58.0, Count=715
[2025-09-16 15:53:52.845] [Info    ] TAG: EPC=850470002290434B3257303200700105, Antenna=1, RSSI=-58.0, Count=716
[2025-09-16 15:53:52.845] [Info    ] TAG: EPC=850470002290434B3257303200700105, Antenna=1, RSSI=-58.0, Count=717
[2025-09-16 15:53:52.846] [Info    ] TAG: EPC=850470002290434B3257303200700105, Antenna=1, RSSI=-59.0, Count=718
[2025-09-16 15:53:52.856] [Info    ] TAG: EPC=850470002290434B3257303200700105, Antenna=1, RSSI=-58.0, Count=719
[2025-09-16 15:53:52.856] [Info    ] TAG: EPC=850470002290434B3257303200700105, Antenna=1, RSSI=-58.0, Count=720
[2025-09-16 15:53:52.876] [Info    ] TAG: EPC=850470002290434B3257303200700105, Antenna=1, RSSI=-58.0, Count=721
[2025-09-16 15:53:52.887] [Info    ] TAG: EPC=850470002290434B3257303200700105, Antenna=1, RSSI=-58.0, Count=722
[2025-09-16 15:53:52.887] [Info    ] TAG: EPC=850470002290434B3257303200700105, Antenna=1, RSSI=-58.0, Count=723
[2025-09-16 15:53:52.897] [Info    ] TAG: EPC=850470002290434B3257303200700105, Antenna=1, RSSI=-58.0, Count=724
[2025-09-16 15:53:52.898] [Info    ] TAG: EPC=850470002290434B3257303200700105, Antenna=1, RSSI=-58.0, Count=725
[2025-09-16 15:53:52.898] [Info    ] TAG: EPC=850470002290434B3257303200700105, Antenna=1, RSSI=-58.0, Count=726
[2025-09-16 15:53:52.907] [Info    ] TAG: EPC=850470002290434B3257303200700105, Antenna=1, RSSI=-58.0, Count=727
[2025-09-16 15:53:52.907] [Info    ] TAG: EPC=850470002290434B3257303200700105, Antenna=1, RSSI=-58.0, Count=728
[2025-09-16 15:53:52.917] [Info    ] TAG: EPC=850470002290434B3257303200700105, Antenna=1, RSSI=-58.0, Count=729
[2025-09-16 15:53:52.917] [Info    ] TAG: EPC=850470002290434B3257303200700105, Antenna=1, RSSI=-58.0, Count=730
[2025-09-16 15:53:52.918] [Info    ] TAG: EPC=850470002290434B3257303200700105, Antenna=1, RSSI=-58.0, Count=731
[2025-09-16 15:53:52.927] [Info    ] TAG: EPC=850470002290434B3257303200700105, Antenna=1, RSSI=-58.0, Count=732
[2025-09-16 15:53:52.927] [Info    ] TAG: EPC=850470002290434B3257303200700105, Antenna=1, RSSI=-58.0, Count=733
[2025-09-16 15:53:52.937] [Info    ] TAG: EPC=850470002290434B3257303200700105, Antenna=1, RSSI=-58.0, Count=734
[2025-09-16 15:53:52.938] [Info    ] TAG: EPC=850470002290434B3257303200700105, Antenna=1, RSSI=-58.0, Count=735
[2025-09-16 15:53:52.938] [Info    ] TAG: EPC=850470002290434B3257303200700105, Antenna=1, RSSI=-58.0, Count=736
[2025-09-16 15:53:52.948] [Info    ] TAG: EPC=850470002290434B3257303200700105, Antenna=1, RSSI=-58.0, Count=737
[2025-09-16 15:53:52.948] [Info    ] TAG: EPC=850470002290434B3257303200700105, Antenna=1, RSSI=-58.0, Count=738
[2025-09-16 15:53:52.958] [Info    ] TAG: EPC=850470002290434B3257303200700105, Antenna=1, RSSI=-58.0, Count=739
[2025-09-16 15:53:52.958] [Info    ] TAG: EPC=850470002290434B3257303200700105, Antenna=1, RSSI=-59.0, Count=740
[2025-09-16 15:53:52.958] [Info    ] TAG: EPC=850470002290434B3257303200700105, Antenna=1, RSSI=-58.0, Count=741
[2025-09-16 15:53:52.968] [Info    ] TAG: EPC=850470002290434B3257303200700105, Antenna=1, RSSI=-58.0, Count=742
[2025-09-16 15:53:52.968] [Info    ] TAG: EPC=850470002290434B3257303200700105, Antenna=1, RSSI=-58.0, Count=743
[2025-09-16 15:53:52.979] [Info    ] TAG: EPC=850470002290434B3257303200700105, Antenna=1, RSSI=-59.0, Count=744
[2025-09-16 15:53:52.979] [Info    ] TAG: EPC=850470002290434B3257303200700105, Antenna=1, RSSI=-58.0, Count=745
[2025-09-16 15:53:52.980] [Info    ] TAG: EPC=850470002290434B3257303200700105, Antenna=1, RSSI=-58.0, Count=746
[2025-09-16 15:53:52.989] [Info    ] TAG: EPC=850470002290434B3257303200700105, Antenna=1, RSSI=-58.0, Count=747
[2025-09-16 15:53:52.989] [Info    ] TAG: EPC=850470002290434B3257303200700105, Antenna=1, RSSI=-59.0, Count=748
[2025-09-16 15:53:52.998] [Info    ] TAG: EPC=850470002290434B3257303200700105, Antenna=1, RSSI=-59.0, Count=749
[2025-09-16 15:53:52.998] [Info    ] TAG: EPC=850470002290434B3257303200700105, Antenna=1, RSSI=-58.0, Count=750
[2025-09-16 15:53:53.009] [Info    ] TAG: EPC=850470002290434B3257303200700105, Antenna=1, RSSI=-58.0, Count=751
[2025-09-16 15:53:53.009] [Info    ] TAG: EPC=850470002290434B3257303200700105, Antenna=1, RSSI=-59.0, Count=752
[2025-09-16 15:53:53.009] [Info    ] TAG: EPC=850470002290434B3257303200700105, Antenna=1, RSSI=-59.0, Count=753
[2025-09-16 15:53:53.019] [Info    ] TAG: EPC=850470002290434B3257303200700105, Antenna=1, RSSI=-58.0, Count=754
[2025-09-16 15:53:53.019] [Info    ] TAG: EPC=850470002290434B3257303200700105, Antenna=1, RSSI=-59.0, Count=755
[2025-09-16 15:53:53.019] [Info    ] TAG: EPC=850470002290434B3257303200700105, Antenna=1, RSSI=-58.0, Count=756
[2025-09-16 15:53:53.029] [Info    ] TAG: EPC=850470002290434B3257303200700105, Antenna=1, RSSI=-58.0, Count=757
[2025-09-16 15:53:53.029] [Info    ] TAG: EPC=850470002290434B3257303200700105, Antenna=1, RSSI=-59.0, Count=758
[2025-09-16 15:53:53.039] [Info    ] TAG: EPC=850470002290434B3257303200700105, Antenna=1, RSSI=-59.0, Count=759
[2025-09-16 15:53:53.040] [Info    ] TAG: EPC=850470002290434B3257303200700105, Antenna=1, RSSI=-58.0, Count=760
[2025-09-16 15:53:53.050] [Info    ] TAG: EPC=850470002290434B3257303200700105, Antenna=1, RSSI=-58.0, Count=761
[2025-09-16 15:53:53.050] [Info    ] TAG: EPC=850470002290434B3257303200700105, Antenna=1, RSSI=-59.0, Count=762
[2025-09-16 15:53:53.061] [Info    ] TAG: EPC=850470002290434B3257303200700105, Antenna=1, RSSI=-59.0, Count=763
[2025-09-16 15:53:53.061] [Info    ] TAG: EPC=850470002290434B3257303200700105, Antenna=1, RSSI=-58.0, Count=764
[2025-09-16 15:53:53.061] [Info    ] TAG: EPC=850470002290434B3257303200700105, Antenna=1, RSSI=-59.0, Count=765
[2025-09-16 15:53:53.071] [Info    ] TAG: EPC=850470002290434B3257303200700105, Antenna=1, RSSI=-58.0, Count=766
[2025-09-16 15:53:53.091] [Info    ] TAG: EPC=850470002290434B3257303200700105, Antenna=1, RSSI=-58.0, Count=767
[2025-09-16 15:53:53.091] [Info    ] TAG: EPC=850470002290434B3257303200700105, Antenna=1, RSSI=-58.0, Count=768
[2025-09-16 15:53:53.101] [Info    ] TAG: EPC=850470002290434B3257303200700105, Antenna=1, RSSI=-58.0, Count=769
[2025-09-16 15:53:53.101] [Info    ] TAG: EPC=850470002290434B3257303200700105, Antenna=1, RSSI=-58.0, Count=770
[2025-09-16 15:53:53.102] [Info    ] TAG: EPC=850470002290434B3257303200700105, Antenna=1, RSSI=-58.0, Count=771
[2025-09-16 15:53:53.111] [Info    ] TAG: EPC=850470002290434B3257303200700105, Antenna=1, RSSI=-58.0, Count=772
[2025-09-16 15:53:53.111] [Info    ] TAG: EPC=850470002290434B3257303200700105, Antenna=1, RSSI=-59.0, Count=773
[2025-09-16 15:53:53.112] [Info    ] TAG: EPC=850470002290434B3257303200700105, Antenna=1, RSSI=-58.0, Count=774
[2025-09-16 15:53:53.121] [Info    ] TAG: EPC=850470002290434B3257303200700105, Antenna=1, RSSI=-58.0, Count=775
[2025-09-16 15:53:53.121] [Info    ] TAG: EPC=850470002290434B3257303200700105, Antenna=1, RSSI=-58.0, Count=776
[2025-09-16 15:53:53.131] [Info    ] TAG: EPC=850470002290434B3257303200700105, Antenna=1, RSSI=-58.0, Count=777
[2025-09-16 15:53:53.131] [Info    ] TAG: EPC=850470002290434B3257303200700105, Antenna=1, RSSI=-59.0, Count=778
[2025-09-16 15:53:53.141] [Info    ] TAG: EPC=850470002290434B3257303200700105, Antenna=1, RSSI=-58.0, Count=779
[2025-09-16 15:53:53.141] [Info    ] TAG: EPC=850470002290434B3257303200700105, Antenna=1, RSSI=-58.0, Count=780
[2025-09-16 15:53:53.143] [Info    ] TAG: EPC=850470002290434B3257303200700105, Antenna=1, RSSI=-59.0, Count=781
[2025-09-16 15:53:53.152] [Info    ] TAG: EPC=850470002290434B3257303200700105, Antenna=1, RSSI=-58.0, Count=782
[2025-09-16 15:53:53.152] [Info    ] TAG: EPC=850470002290434B3257303200700105, Antenna=1, RSSI=-58.0, Count=783
[2025-09-16 15:53:53.153] [Info    ] TAG: EPC=850470002290434B3257303200700105, Antenna=1, RSSI=-58.0, Count=784
[2025-09-16 15:53:53.162] [Info    ] TAG: EPC=850470002290434B3257303200700105, Antenna=1, RSSI=-58.0, Count=785
[2025-09-16 15:53:53.162] [Info    ] TAG: EPC=850470002290434B3257303200700105, Antenna=1, RSSI=-58.0, Count=786
[2025-09-16 15:53:53.173] [Info    ] TAG: EPC=850470002290434B3257303200700105, Antenna=1, RSSI=-58.0, Count=787
[2025-09-16 15:53:53.183] [Info    ] TAG: EPC=850470002290434B3257303200700105, Antenna=1, RSSI=-59.0, Count=788
[2025-09-16 15:53:53.184] [Info    ] TAG: EPC=850470002290434B3257303200700105, Antenna=1, RSSI=-59.0, Count=789
[2025-09-16 15:53:53.194] [Info    ] TAG: EPC=850470002290434B3257303200700105, Antenna=1, RSSI=-58.0, Count=790
[2025-09-16 15:53:53.194] [Info    ] TAG: EPC=850470002290434B3257303200700105, Antenna=1, RSSI=-59.0, Count=791
[2025-09-16 15:53:53.203] [Info    ] TAG: EPC=850470002290434B3257303200700105, Antenna=1, RSSI=-59.0, Count=792
[2025-09-16 15:53:53.203] [Info    ] TAG: EPC=850470002290434B3257303200700105, Antenna=1, RSSI=-58.0, Count=793
[2025-09-16 15:53:53.204] [Info    ] TAG: EPC=850470002290434B3257303200700105, Antenna=1, RSSI=-59.0, Count=794
[2025-09-16 15:53:53.213] [Info    ] TAG: EPC=850470002290434B3257303200700105, Antenna=1, RSSI=-58.0, Count=795
[2025-09-16 15:53:53.215] [Info    ] TAG: EPC=850470002290434B3257303200700105, Antenna=1, RSSI=-59.0, Count=796
[2025-09-16 15:53:53.224] [Info    ] TAG: EPC=850470002290434B3257303200700105, Antenna=1, RSSI=-59.0, Count=797
[2025-09-16 15:53:53.224] [Info    ] TAG: EPC=850470002290434B3257303200700105, Antenna=1, RSSI=-58.0, Count=798
[2025-09-16 15:53:53.225] [Info    ] TAG: EPC=850470002290434B3257303200700105, Antenna=1, RSSI=-59.0, Count=799
[2025-09-16 15:53:53.234] [Info    ] TAG: EPC=850470002290434B3257303200700105, Antenna=1, RSSI=-58.0, Count=800
[2025-09-16 15:53:53.234] [Info    ] TAG: EPC=850470002290434B3257303200700105, Antenna=1, RSSI=-58.0, Count=801
[2025-09-16 15:53:53.246] [Info    ] TAG: EPC=850470002290434B3257303200700105, Antenna=1, RSSI=-59.0, Count=802
[2025-09-16 15:53:53.246] [Info    ] TAG: EPC=850470002290434B3257303200700105, Antenna=1, RSSI=-58.0, Count=803
[2025-09-16 15:53:53.255] [Info    ] TAG: EPC=850470002290434B3257303200700105, Antenna=1, RSSI=-58.0, Count=804
[2025-09-16 15:53:53.255] [Info    ] TAG: EPC=850470002290434B3257303200700105, Antenna=1, RSSI=-59.0, Count=805
[2025-09-16 15:53:53.256] [Info    ] TAG: EPC=850470002290434B3257303200700105, Antenna=1, RSSI=-59.0, Count=806
[2025-09-16 15:53:53.265] [Info    ] TAG: EPC=850470002290434B3257303200700105, Antenna=1, RSSI=-59.0, Count=807
[2025-09-16 15:53:53.265] [Info    ] TAG: EPC=850470002290434B3257303200700105, Antenna=1, RSSI=-59.0, Count=808
[2025-09-16 15:53:53.265] [Info    ] TAG: EPC=850470002290434B3257303200700105, Antenna=1, RSSI=-58.0, Count=809
[2025-09-16 15:53:53.275] [Info    ] TAG: EPC=850470002290434B3257303200700105, Antenna=1, RSSI=-59.0, Count=810
[2025-09-16 15:53:53.297] [Info    ] TAG: EPC=850470002290434B3257303200700105, Antenna=1, RSSI=-59.0, Count=811
[2025-09-16 15:53:53.297] [Info    ] TAG: EPC=850470002290434B3257303200700105, Antenna=1, RSSI=-58.0, Count=812
[2025-09-16 15:53:53.305] [Info    ] TAG: EPC=850470002290434B3257303200700105, Antenna=1, RSSI=-59.0, Count=813
[2025-09-16 15:53:53.306] [Info    ] TAG: EPC=850470002290434B3257303200700105, Antenna=1, RSSI=-59.0, Count=814
[2025-09-16 15:53:53.316] [Info    ] TAG: EPC=850470002290434B3257303200700105, Antenna=1, RSSI=-59.0, Count=815
