====================================================
Log Started: 2025-09-16 17:09:20
Application: BlueBird RFID Reader Console
====================================================
[2025-09-16 17:09:20.131] [Info    ] === FR900 RFID Reader Inventory ===
[2025-09-16 17:09:20.131] [Info    ] Connecting to 192.168.10.106...
[2025-09-16 17:09:20.131] [Info    ] Inventory Mode: FixedDuration
[2025-09-16 17:09:20.187] [Info    ] CONNECTION: CONNECT 192.168.10.106 - SUCCESS
[2025-09-16 17:09:20.272] [Info    ] Reader settings configured
[2025-09-16 17:09:20.272] [Info    ] Antenna 1: 14 dBm
[2025-09-16 17:09:20.272] [Info    ] Starting 60-second inventory...
[2025-09-16 17:09:20.279] [Info    ] Inventory started
[2025-09-16 17:09:20.413] [Info    ] TAG: EPC=85028000098357483557303101400601, Antenna=1, RSSI=-59.0, Count=1
[2025-09-16 17:09:20.413] [Info    ] TAG: EPC=85028000098357483557303101400601, Antenna=1, RSSI=-59.5, Count=2
[2025-09-16 17:09:20.414] [Info    ] TAG: EPC=85028000098357483557303101400601, Antenna=1, RSSI=-59.7, Count=3
[2025-09-16 17:09:20.414] [Info    ] TAG: EPC=85028000098357483557303101400601, Antenna=1, RSSI=-59.5, Count=4
[2025-09-16 17:09:20.414] [Info    ] TAG: EPC=85028000098357483557303101400601, Antenna=1, RSSI=-59.3, Count=5
[2025-09-16 17:09:20.423] [Info    ] TAG: EPC=85028000098357483557303101400601, Antenna=1, RSSI=-59.5, Count=6
[2025-09-16 17:09:20.423] [Info    ] TAG: EPC=85028000098357483557303101400601, Antenna=1, RSSI=-59.6, Count=7
[2025-09-16 17:09:20.433] [Info    ] TAG: EPC=85028000098357483557303101400601, Antenna=1, RSSI=-59.6, Count=8
[2025-09-16 17:09:20.433] [Info    ] TAG: EPC=85028000098357483557303101400601, Antenna=1, RSSI=-59.7, Count=9
[2025-09-16 17:09:20.434] [Info    ] TAG: EPC=85028000098357483557303101400601, Antenna=1, RSSI=-59.7, Count=10
[2025-09-16 17:09:20.442] [Info    ] TAG: EPC=85028000098357483557303101400601, Antenna=1, RSSI=-59.8, Count=11
[2025-09-16 17:09:20.442] [Info    ] TAG: EPC=85028000098357483557303101400601, Antenna=1, RSSI=-59.8, Count=12
[2025-09-16 17:09:20.454] [Info    ] TAG: EPC=85028000098357483557303101400601, Antenna=1, RSSI=-59.8, Count=13
[2025-09-16 17:09:20.455] [Info    ] TAG: EPC=85028000098357483557303101400601, Antenna=1, RSSI=-59.9, Count=14
[2025-09-16 17:09:20.455] [Info    ] TAG: EPC=85028000098357483557303101400601, Antenna=1, RSSI=-60.0, Count=15
[2025-09-16 17:09:20.463] [Info    ] TAG: EPC=85028000098357483557303101400601, Antenna=1, RSSI=-60.2, Count=16
[2025-09-16 17:09:20.463] [Info    ] TAG: EPC=85028000098357483557303101400601, Antenna=1, RSSI=-60.4, Count=17
[2025-09-16 17:09:20.473] [Info    ] TAG: EPC=85028000098357483557303101400601, Antenna=1, RSSI=-60.3, Count=18
[2025-09-16 17:09:20.473] [Info    ] TAG: EPC=85028000098357483557303101400601, Antenna=1, RSSI=-60.4, Count=19
[2025-09-16 17:09:20.484] [Info    ] TAG: EPC=85028000098357483557303101400601, Antenna=1, RSSI=-60.4, Count=20
[2025-09-16 17:09:20.484] [Info    ] TAG: EPC=85028000098357483557303101400601, Antenna=1, RSSI=-60.3, Count=21
[2025-09-16 17:09:20.485] [Info    ] TAG: EPC=85028000098357483557303101400601, Antenna=1, RSSI=-60.4, Count=22
[2025-09-16 17:09:20.494] [Info    ] TAG: EPC=85028000098357483557303101400601, Antenna=1, RSSI=-60.3, Count=23
[2025-09-16 17:09:20.585] [Info    ] TAG: EPC=85028000098357483557303101400601, Antenna=1, RSSI=-60.4, Count=24
[2025-09-16 17:09:21.277] [Info    ] STATS: Total=24, Unique=1, Rate=24.0 tags/s
[2025-09-16 17:09:22.292] [Info    ] STATS: Total=24, Unique=1, Rate=0.0 tags/s
[2025-09-16 17:09:23.296] [Info    ] STATS: Total=24, Unique=1, Rate=0.0 tags/s
[2025-09-16 17:09:24.307] [Info    ] STATS: Total=24, Unique=1, Rate=0.0 tags/s
[2025-09-16 17:09:25.313] [Info    ] STATS: Total=24, Unique=1, Rate=0.0 tags/s
[2025-09-16 17:09:26.326] [Info    ] STATS: Total=24, Unique=1, Rate=0.0 tags/s
[2025-09-16 17:09:27.339] [Info    ] STATS: Total=24, Unique=1, Rate=0.0 tags/s
[2025-09-16 17:09:28.352] [Info    ] STATS: Total=24, Unique=1, Rate=0.0 tags/s
[2025-09-16 17:09:29.365] [Info    ] STATS: Total=24, Unique=1, Rate=0.0 tags/s
[2025-09-16 17:09:30.379] [Info    ] STATS: Total=24, Unique=1, Rate=0.0 tags/s
[2025-09-16 17:09:31.393] [Info    ] STATS: Total=24, Unique=1, Rate=0.0 tags/s
[2025-09-16 17:09:31.532] [Info    ] TAG: EPC=85028000098357483557303101400601, Antenna=1, RSSI=-60.4, Count=25
[2025-09-16 17:09:31.553] [Info    ] TAG: EPC=85028000098357483557303101400601, Antenna=1, RSSI=-60.3, Count=26
[2025-09-16 17:09:31.553] [Info    ] TAG: EPC=85028000098357483557303101400601, Antenna=1, RSSI=-60.3, Count=27
[2025-09-16 17:09:31.554] [Info    ] TAG: EPC=85028000098357483557303101400601, Antenna=1, RSSI=-60.4, Count=28
[2025-09-16 17:09:31.563] [Info    ] TAG: EPC=85028000098357483557303101400601, Antenna=1, RSSI=-60.4, Count=29
[2025-09-16 17:09:31.563] [Info    ] TAG: EPC=85028000098357483557303101400601, Antenna=1, RSSI=-60.4, Count=30
[2025-09-16 17:09:31.574] [Info    ] TAG: EPC=85028000098357483557303101400601, Antenna=1, RSSI=-60.3, Count=31
[2025-09-16 17:09:31.574] [Info    ] TAG: EPC=85028000098357483557303101400601, Antenna=1, RSSI=-60.3, Count=32
[2025-09-16 17:09:31.583] [Info    ] TAG: EPC=85028000098357483557303101400601, Antenna=1, RSSI=-60.1, Count=33
[2025-09-16 17:09:31.583] [Info    ] TAG: EPC=85028000098357483557303101400601, Antenna=1, RSSI=-60.1, Count=34
[2025-09-16 17:09:31.584] [Info    ] TAG: EPC=85028000098357483557303101400601, Antenna=1, RSSI=-60.1, Count=35
[2025-09-16 17:09:31.594] [Info    ] TAG: EPC=85028000098357483557303101400601, Antenna=1, RSSI=-60.1, Count=36
[2025-09-16 17:09:31.594] [Info    ] TAG: EPC=85028000098357483557303101400601, Antenna=1, RSSI=-60.1, Count=37
[2025-09-16 17:09:31.595] [Info    ] TAG: EPC=85028000098357483557303101400601, Antenna=1, RSSI=-60.1, Count=38
[2025-09-16 17:09:31.604] [Info    ] TAG: EPC=85028000098357483557303101400601, Antenna=1, RSSI=-60.2, Count=39
[2025-09-16 17:09:31.614] [Info    ] TAG: EPC=85028000098357483557303101400601, Antenna=1, RSSI=-60.2, Count=40
[2025-09-16 17:09:31.625] [Info    ] TAG: EPC=85028000098357483557303101400601, Antenna=1, RSSI=-60.2, Count=41
[2025-09-16 17:09:31.625] [Info    ] TAG: EPC=85028000098357483557303101400601, Antenna=1, RSSI=-60.1, Count=42
[2025-09-16 17:09:31.635] [Info    ] TAG: EPC=85028000098357483557303101400601, Antenna=1, RSSI=-60.0, Count=43
[2025-09-16 17:09:31.635] [Info    ] TAG: EPC=85028000098357483557303101400601, Antenna=1, RSSI=-59.9, Count=44
[2025-09-16 17:09:31.645] [Info    ] TAG: EPC=85028000098357483557303101400601, Antenna=1, RSSI=-59.9, Count=45
[2025-09-16 17:09:31.645] [Info    ] TAG: EPC=85028000098357483557303101400601, Antenna=1, RSSI=-59.9, Count=46
[2025-09-16 17:09:31.645] [Info    ] TAG: EPC=85028000098357483557303101400601, Antenna=1, RSSI=-59.8, Count=47
[2025-09-16 17:09:31.656] [Info    ] TAG: EPC=85028000098357483557303101400601, Antenna=1, RSSI=-59.7, Count=48
[2025-09-16 17:09:31.656] [Info    ] TAG: EPC=85028000098357483557303101400601, Antenna=1, RSSI=-59.6, Count=49
[2025-09-16 17:09:31.665] [Info    ] TAG: EPC=85028000098357483557303101400601, Antenna=1, RSSI=-59.6, Count=50
[2025-09-16 17:09:31.665] [Info    ] TAG: EPC=85028000098357483557303101400601, Antenna=1, RSSI=-59.5, Count=51
[2025-09-16 17:09:31.666] [Info    ] TAG: EPC=85028000098357483557303101400601, Antenna=1, RSSI=-59.3, Count=52
[2025-09-16 17:09:31.676] [Info    ] TAG: EPC=85028000098357483557303101400601, Antenna=1, RSSI=-59.3, Count=53
[2025-09-16 17:09:31.676] [Info    ] TAG: EPC=85028000098357483557303101400601, Antenna=1, RSSI=-59.4, Count=54
[2025-09-16 17:09:31.687] [Info    ] TAG: EPC=85028000098357483557303101400601, Antenna=1, RSSI=-59.3, Count=55
[2025-09-16 17:09:31.688] [Info    ] TAG: EPC=85028000098357483557303101400601, Antenna=1, RSSI=-59.2, Count=56
[2025-09-16 17:09:31.688] [Info    ] TAG: EPC=85028000098357483557303101400601, Antenna=1, RSSI=-59.2, Count=57
[2025-09-16 17:09:31.696] [Info    ] TAG: EPC=85028000098357483557303101400601, Antenna=1, RSSI=-59.2, Count=58
[2025-09-16 17:09:31.696] [Info    ] TAG: EPC=85028000098357483557303101400601, Antenna=1, RSSI=-59.1, Count=59
[2025-09-16 17:09:31.706] [Info    ] TAG: EPC=85028000098357483557303101400601, Antenna=1, RSSI=-59.0, Count=60
[2025-09-16 17:09:31.707] [Info    ] TAG: EPC=85028000098357483557303101400601, Antenna=1, RSSI=-58.8, Count=61
[2025-09-16 17:09:31.716] [Info    ] TAG: EPC=85028000098357483557303101400601, Antenna=1, RSSI=-58.9, Count=62
[2025-09-16 17:09:31.717] [Info    ] TAG: EPC=85028000098357483557303101400601, Antenna=1, RSSI=-58.8, Count=63
[2025-09-16 17:09:31.717] [Info    ] TAG: EPC=85028000098357483557303101400601, Antenna=1, RSSI=-58.8, Count=64
[2025-09-16 17:09:31.727] [Info    ] TAG: EPC=85028000098357483557303101400601, Antenna=1, RSSI=-58.8, Count=65
[2025-09-16 17:09:31.727] [Info    ] TAG: EPC=85028000098357483557303101400601, Antenna=1, RSSI=-58.8, Count=66
[2025-09-16 17:09:31.737] [Info    ] TAG: EPC=85028000098357483557303101400601, Antenna=1, RSSI=-58.8, Count=67
[2025-09-16 17:09:31.738] [Info    ] TAG: EPC=85028000098357483557303101400601, Antenna=1, RSSI=-58.9, Count=68
[2025-09-16 17:09:31.738] [Info    ] TAG: EPC=85028000098357483557303101400601, Antenna=1, RSSI=-58.9, Count=69
[2025-09-16 17:09:31.747] [Info    ] TAG: EPC=85028000098357483557303101400601, Antenna=1, RSSI=-58.8, Count=70
[2025-09-16 17:09:31.748] [Info    ] TAG: EPC=85028000098357483557303101400601, Antenna=1, RSSI=-58.8, Count=71
[2025-09-16 17:09:31.757] [Info    ] TAG: EPC=85028000098357483557303101400601, Antenna=1, RSSI=-58.7, Count=72
[2025-09-16 17:09:31.758] [Info    ] TAG: EPC=85028000098357483557303101400601, Antenna=1, RSSI=-58.6, Count=73
[2025-09-16 17:09:31.758] [Info    ] TAG: EPC=85028000098357483557303101400601, Antenna=1, RSSI=-58.6, Count=74
[2025-09-16 17:09:31.768] [Info    ] TAG: EPC=85028000098357483557303101400601, Antenna=1, RSSI=-58.5, Count=75
[2025-09-16 17:09:31.768] [Info    ] TAG: EPC=85028000098357483557303101400601, Antenna=1, RSSI=-58.5, Count=76
[2025-09-16 17:09:31.778] [Info    ] TAG: EPC=85028000098357483557303101400601, Antenna=1, RSSI=-58.6, Count=77
[2025-09-16 17:09:31.778] [Info    ] TAG: EPC=85028000098357483557303101400601, Antenna=1, RSSI=-58.6, Count=78
[2025-09-16 17:09:31.779] [Info    ] TAG: EPC=85028000098357483557303101400601, Antenna=1, RSSI=-58.7, Count=79
[2025-09-16 17:09:31.788] [Info    ] TAG: EPC=85028000098357483557303101400601, Antenna=1, RSSI=-58.7, Count=80
[2025-09-16 17:09:31.788] [Info    ] TAG: EPC=85028000098357483557303101400601, Antenna=1, RSSI=-58.7, Count=81
[2025-09-16 17:09:31.798] [Info    ] TAG: EPC=85028000098357483557303101400601, Antenna=1, RSSI=-58.8, Count=82
[2025-09-16 17:09:31.798] [Info    ] TAG: EPC=85028000098357483557303101400601, Antenna=1, RSSI=-58.8, Count=83
[2025-09-16 17:09:31.798] [Info    ] TAG: EPC=85028000098357483557303101400601, Antenna=1, RSSI=-58.9, Count=84
[2025-09-16 17:09:31.811] [Info    ] TAG: EPC=85028000098357483557303101400601, Antenna=1, RSSI=-58.9, Count=85
[2025-09-16 17:09:31.812] [Info    ] TAG: EPC=85028000098357483557303101400601, Antenna=1, RSSI=-58.9, Count=86
[2025-09-16 17:09:31.841] [Info    ] TAG: EPC=85028000098357483557303101400601, Antenna=1, RSSI=-58.9, Count=87
[2025-09-16 17:09:31.841] [Info    ] TAG: EPC=85028000098357483557303101400601, Antenna=1, RSSI=-58.9, Count=88
[2025-09-16 17:09:31.851] [Info    ] TAG: EPC=85028000098357483557303101400601, Antenna=1, RSSI=-58.9, Count=89
[2025-09-16 17:09:31.851] [Info    ] TAG: EPC=85028000098357483557303101400601, Antenna=1, RSSI=-58.9, Count=90
[2025-09-16 17:09:31.852] [Info    ] TAG: EPC=85028000098357483557303101400601, Antenna=1, RSSI=-59.0, Count=91
[2025-09-16 17:09:31.861] [Info    ] TAG: EPC=85028000098357483557303101400601, Antenna=1, RSSI=-59.1, Count=92
[2025-09-16 17:09:31.861] [Info    ] TAG: EPC=85028000098357483557303101400601, Antenna=1, RSSI=-59.1, Count=93
[2025-09-16 17:09:31.871] [Info    ] TAG: EPC=85028000098357483557303101400601, Antenna=1, RSSI=-59.1, Count=94
[2025-09-16 17:09:31.872] [Info    ] TAG: EPC=85028000098357483557303101400601, Antenna=1, RSSI=-59.1, Count=95
[2025-09-16 17:09:31.872] [Info    ] TAG: EPC=85028000098357483557303101400601, Antenna=1, RSSI=-59.1, Count=96
[2025-09-16 17:09:31.881] [Info    ] TAG: EPC=85028000098357483557303101400601, Antenna=1, RSSI=-59.2, Count=97
[2025-09-16 17:09:31.881] [Info    ] TAG: EPC=85028000098357483557303101400601, Antenna=1, RSSI=-59.3, Count=98
[2025-09-16 17:09:31.892] [Info    ] TAG: EPC=85028000098357483557303101400601, Antenna=1, RSSI=-59.4, Count=99
[2025-09-16 17:09:31.892] [Info    ] TAG: EPC=85028000098357483557303101400601, Antenna=1, RSSI=-59.3, Count=100
[2025-09-16 17:09:31.892] [Info    ] TAG: EPC=85028000098357483557303101400601, Antenna=1, RSSI=-59.4, Count=101
[2025-09-16 17:09:31.902] [Info    ] TAG: EPC=85028000098357483557303101400601, Antenna=1, RSSI=-59.4, Count=102
[2025-09-16 17:09:31.902] [Info    ] TAG: EPC=85028000098357483557303101400601, Antenna=1, RSSI=-59.2, Count=103
[2025-09-16 17:09:31.913] [Info    ] TAG: EPC=85028000098357483557303101400601, Antenna=1, RSSI=-59.3, Count=104
[2025-09-16 17:09:31.913] [Info    ] TAG: EPC=85028000098357483557303101400601, Antenna=1, RSSI=-59.3, Count=105
[2025-09-16 17:09:31.923] [Info    ] TAG: EPC=85028000098357483557303101400601, Antenna=1, RSSI=-59.4, Count=106
[2025-09-16 17:09:31.923] [Info    ] TAG: EPC=85028000098357483557303101400601, Antenna=1, RSSI=-59.5, Count=107
[2025-09-16 17:09:31.923] [Info    ] TAG: EPC=85028000098357483557303101400601, Antenna=1, RSSI=-59.5, Count=108
[2025-09-16 17:09:31.933] [Info    ] TAG: EPC=85028000098357483557303101400601, Antenna=1, RSSI=-59.5, Count=109
[2025-09-16 17:09:31.933] [Info    ] TAG: EPC=85028000098357483557303101400601, Antenna=1, RSSI=-59.4, Count=110
[2025-09-16 17:09:31.944] [Info    ] TAG: EPC=85028000098357483557303101400601, Antenna=1, RSSI=-59.5, Count=111
[2025-09-16 17:09:31.944] [Info    ] TAG: EPC=85028000098357483557303101400601, Antenna=1, RSSI=-59.5, Count=112
[2025-09-16 17:09:31.944] [Info    ] TAG: EPC=85028000098357483557303101400601, Antenna=1, RSSI=-59.5, Count=113
[2025-09-16 17:09:31.953] [Info    ] TAG: EPC=85028000098357483557303101400601, Antenna=1, RSSI=-59.5, Count=114
[2025-09-16 17:09:31.953] [Info    ] TAG: EPC=85028000098357483557303101400601, Antenna=1, RSSI=-59.6, Count=115
[2025-09-16 17:09:31.963] [Info    ] TAG: EPC=85028000098357483557303101400601, Antenna=1, RSSI=-59.6, Count=116
[2025-09-16 17:09:31.964] [Info    ] TAG: EPC=85028000098357483557303101400601, Antenna=1, RSSI=-59.6, Count=117
[2025-09-16 17:09:31.974] [Info    ] TAG: EPC=85028000098357483557303101400601, Antenna=1, RSSI=-59.8, Count=118
[2025-09-16 17:09:31.974] [Info    ] TAG: EPC=85028000098357483557303101400601, Antenna=1, RSSI=-59.8, Count=119
[2025-09-16 17:09:31.974] [Info    ] TAG: EPC=85028000098357483557303101400601, Antenna=1, RSSI=-59.8, Count=120
[2025-09-16 17:09:31.984] [Info    ] TAG: EPC=85028000098357483557303101400601, Antenna=1, RSSI=-60.0, Count=121
[2025-09-16 17:09:31.985] [Info    ] TAG: EPC=85028000098357483557303101400601, Antenna=1, RSSI=-60.0, Count=122
[2025-09-16 17:09:31.993] [Info    ] TAG: EPC=85028000098357483557303101400601, Antenna=1, RSSI=-60.0, Count=123
[2025-09-16 17:09:31.994] [Info    ] TAG: EPC=85028000098357483557303101400601, Antenna=1, RSSI=-60.0, Count=124
[2025-09-16 17:09:31.995] [Info    ] TAG: EPC=85028000098357483557303101400601, Antenna=1, RSSI=-60.0, Count=125
[2025-09-16 17:09:32.005] [Info    ] TAG: EPC=85028000098357483557303101400601, Antenna=1, RSSI=-60.2, Count=126
[2025-09-16 17:09:32.005] [Info    ] TAG: EPC=85028000098357483557303101400601, Antenna=1, RSSI=-60.2, Count=127
[2025-09-16 17:09:32.014] [Info    ] TAG: EPC=85028000098357483557303101400601, Antenna=1, RSSI=-60.2, Count=128
[2025-09-16 17:09:32.014] [Info    ] TAG: EPC=85028000098357483557303101400601, Antenna=1, RSSI=-60.3, Count=129
[2025-09-16 17:09:32.016] [Info    ] TAG: EPC=85028000098357483557303101400601, Antenna=1, RSSI=-60.4, Count=130
[2025-09-16 17:09:32.035] [Info    ] TAG: EPC=85028000098357483557303101400601, Antenna=1, RSSI=-60.3, Count=131
[2025-09-16 17:09:32.046] [Info    ] TAG: EPC=85028000098357483557303101400601, Antenna=1, RSSI=-60.4, Count=132
[2025-09-16 17:09:32.046] [Info    ] TAG: EPC=85028000098357483557303101400601, Antenna=1, RSSI=-60.5, Count=133
[2025-09-16 17:09:32.056] [Info    ] TAG: EPC=85028000098357483557303101400601, Antenna=1, RSSI=-60.6, Count=134
[2025-09-16 17:09:32.056] [Info    ] TAG: EPC=85028000098357483557303101400601, Antenna=1, RSSI=-60.7, Count=135
[2025-09-16 17:09:32.056] [Info    ] TAG: EPC=85028000098357483557303101400601, Antenna=1, RSSI=-60.9, Count=136
[2025-09-16 17:09:32.065] [Info    ] TAG: EPC=85028000098357483557303101400601, Antenna=1, RSSI=-61.0, Count=137
[2025-09-16 17:09:32.228] [Info    ] TAG: EPC=85028000098357483557303101400601, Antenna=1, RSSI=-61.1, Count=138
[2025-09-16 17:09:32.397] [Info    ] STATS: Total=138, Unique=1, Rate=114.0 tags/s
[2025-09-16 17:09:33.400] [Info    ] STATS: Total=138, Unique=1, Rate=0.0 tags/s
[2025-09-16 17:09:34.416] [Info    ] STATS: Total=138, Unique=1, Rate=0.0 tags/s
[2025-09-16 17:09:35.418] [Info    ] STATS: Total=138, Unique=1, Rate=0.0 tags/s
[2025-09-16 17:09:36.421] [Info    ] STATS: Total=138, Unique=1, Rate=0.0 tags/s
[2025-09-16 17:09:37.433] [Info    ] STATS: Total=138, Unique=1, Rate=0.0 tags/s
[2025-09-16 17:09:38.450] [Info    ] STATS: Total=138, Unique=1, Rate=0.0 tags/s
[2025-09-16 17:09:39.463] [Info    ] STATS: Total=138, Unique=1, Rate=0.0 tags/s
[2025-09-16 17:09:40.476] [Info    ] STATS: Total=138, Unique=1, Rate=0.0 tags/s
[2025-09-16 17:09:41.484] [Info    ] STATS: Total=138, Unique=1, Rate=0.0 tags/s
[2025-09-16 17:09:42.495] [Info    ] STATS: Total=138, Unique=1, Rate=0.0 tags/s
[2025-09-16 17:09:43.509] [Info    ] STATS: Total=138, Unique=1, Rate=0.0 tags/s
[2025-09-16 17:09:44.525] [Info    ] STATS: Total=138, Unique=1, Rate=0.0 tags/s
[2025-09-16 17:09:45.529] [Info    ] STATS: Total=138, Unique=1, Rate=0.0 tags/s
[2025-09-16 17:09:46.538] [Info    ] STATS: Total=138, Unique=1, Rate=0.0 tags/s
[2025-09-16 17:09:47.551] [Info    ] STATS: Total=138, Unique=1, Rate=0.0 tags/s
[2025-09-16 17:09:48.566] [Info    ] STATS: Total=138, Unique=1, Rate=0.0 tags/s
[2025-09-16 17:09:49.581] [Info    ] STATS: Total=138, Unique=1, Rate=0.0 tags/s
[2025-09-16 17:09:50.582] [Info    ] STATS: Total=138, Unique=1, Rate=0.0 tags/s
[2025-09-16 17:09:51.597] [Info    ] STATS: Total=138, Unique=1, Rate=0.0 tags/s
[2025-09-16 17:09:52.599] [Info    ] STATS: Total=138, Unique=1, Rate=0.0 tags/s
[2025-09-16 17:09:53.614] [Info    ] STATS: Total=138, Unique=1, Rate=0.0 tags/s
[2025-09-16 17:09:54.284] [Info    ] TAG: EPC=85028000098357483557303101400601, Antenna=1, RSSI=-61.2, Count=139
[2025-09-16 17:09:54.284] [Info    ] TAG: EPC=85028000098357483557303101400601, Antenna=1, RSSI=-61.1, Count=140
[2025-09-16 17:09:54.284] [Info    ] TAG: EPC=85028000098357483557303101400601, Antenna=1, RSSI=-61.2, Count=141
[2025-09-16 17:09:54.303] [Info    ] TAG: EPC=85028000098357483557303101400601, Antenna=1, RSSI=-61.2, Count=142
[2025-09-16 17:09:54.303] [Info    ] TAG: EPC=85028000098357483557303101400601, Antenna=1, RSSI=-61.3, Count=143
[2025-09-16 17:09:54.303] [Info    ] TAG: EPC=85028000098357483557303101400601, Antenna=1, RSSI=-61.3, Count=144
[2025-09-16 17:09:54.313] [Info    ] TAG: EPC=85028000098357483557303101400601, Antenna=1, RSSI=-61.3, Count=145
[2025-09-16 17:09:54.313] [Info    ] TAG: EPC=85028000098357483557303101400601, Antenna=1, RSSI=-61.3, Count=146
[2025-09-16 17:09:54.325] [Info    ] TAG: EPC=85028000098357483557303101400601, Antenna=1, RSSI=-61.1, Count=147
[2025-09-16 17:09:54.325] [Info    ] TAG: EPC=85028000098357483557303101400601, Antenna=1, RSSI=-61.0, Count=148
[2025-09-16 17:09:54.334] [Info    ] TAG: EPC=85028000098357483557303101400601, Antenna=1, RSSI=-61.1, Count=149
[2025-09-16 17:09:54.334] [Info    ] TAG: EPC=85028000098357483557303101400601, Antenna=1, RSSI=-61.0, Count=150
[2025-09-16 17:09:54.335] [Info    ] TAG: EPC=85028000098357483557303101400601, Antenna=1, RSSI=-61.1, Count=151
[2025-09-16 17:09:54.345] [Info    ] TAG: EPC=85028000098357483557303101400601, Antenna=1, RSSI=-61.1, Count=152
[2025-09-16 17:09:54.345] [Info    ] TAG: EPC=85028000098357483557303101400601, Antenna=1, RSSI=-61.1, Count=153
[2025-09-16 17:09:54.345] [Info    ] TAG: EPC=85028000098357483557303101400601, Antenna=1, RSSI=-60.9, Count=154
[2025-09-16 17:09:54.355] [Info    ] TAG: EPC=85028000098357483557303101400601, Antenna=1, RSSI=-60.9, Count=155
[2025-09-16 17:09:54.355] [Info    ] TAG: EPC=85028000098357483557303101400601, Antenna=1, RSSI=-61.0, Count=156
[2025-09-16 17:09:54.364] [Info    ] TAG: EPC=85028000098357483557303101400601, Antenna=1, RSSI=-60.8, Count=157
[2025-09-16 17:09:54.364] [Info    ] TAG: EPC=85028000098357483557303101400601, Antenna=1, RSSI=-60.8, Count=158
[2025-09-16 17:09:54.376] [Info    ] TAG: EPC=85028000098357483557303101400601, Antenna=1, RSSI=-60.8, Count=159
[2025-09-16 17:09:54.376] [Info    ] TAG: EPC=85028000098357483557303101400601, Antenna=1, RSSI=-60.7, Count=160
[2025-09-16 17:09:54.377] [Info    ] TAG: EPC=85028000098357483557303101400601, Antenna=1, RSSI=-60.6, Count=161
[2025-09-16 17:09:54.384] [Info    ] TAG: EPC=85028000098357483557303101400601, Antenna=1, RSSI=-60.6, Count=162
[2025-09-16 17:09:54.386] [Info    ] TAG: EPC=85028000098357483557303101400601, Antenna=1, RSSI=-60.6, Count=163
[2025-09-16 17:09:54.396] [Info    ] TAG: EPC=85028000098357483557303101400601, Antenna=1, RSSI=-60.4, Count=164
[2025-09-16 17:09:54.396] [Info    ] TAG: EPC=85028000098357483557303101400601, Antenna=1, RSSI=-60.4, Count=165
[2025-09-16 17:09:54.405] [Info    ] TAG: EPC=85028000098357483557303101400601, Antenna=1, RSSI=-60.3, Count=166
[2025-09-16 17:09:54.406] [Info    ] TAG: EPC=85028000098357483557303101400601, Antenna=1, RSSI=-60.3, Count=167
[2025-09-16 17:09:54.406] [Info    ] TAG: EPC=85028000098357483557303101400601, Antenna=1, RSSI=-60.3, Count=168
[2025-09-16 17:09:54.416] [Info    ] TAG: EPC=85028000098357483557303101400601, Antenna=1, RSSI=-60.3, Count=169
[2025-09-16 17:09:54.416] [Info    ] TAG: EPC=85028000098357483557303101400601, Antenna=1, RSSI=-60.2, Count=170
[2025-09-16 17:09:54.425] [Info    ] TAG: EPC=85028000098357483557303101400601, Antenna=1, RSSI=-60.0, Count=171
[2025-09-16 17:09:54.426] [Info    ] TAG: EPC=85028000098357483557303101400601, Antenna=1, RSSI=-60.0, Count=172
[2025-09-16 17:09:54.426] [Info    ] TAG: EPC=85028000098357483557303101400601, Antenna=1, RSSI=-60.0, Count=173
[2025-09-16 17:09:54.437] [Info    ] TAG: EPC=85028000098357483557303101400601, Antenna=1, RSSI=-60.0, Count=174
[2025-09-16 17:09:54.437] [Info    ] TAG: EPC=85028000098357483557303101400601, Antenna=1, RSSI=-59.9, Count=175
[2025-09-16 17:09:54.438] [Info    ] TAG: EPC=85028000098357483557303101400601, Antenna=1, RSSI=-59.8, Count=176
[2025-09-16 17:09:54.446] [Info    ] TAG: EPC=85028000098357483557303101400601, Antenna=1, RSSI=-59.7, Count=177
[2025-09-16 17:09:54.446] [Info    ] TAG: EPC=85028000098357483557303101400601, Antenna=1, RSSI=-59.8, Count=178
[2025-09-16 17:09:54.456] [Info    ] TAG: EPC=85028000098357483557303101400601, Antenna=1, RSSI=-59.8, Count=179
[2025-09-16 17:09:54.457] [Info    ] TAG: EPC=85028000098357483557303101400601, Antenna=1, RSSI=-59.7, Count=180
[2025-09-16 17:09:54.457] [Info    ] TAG: EPC=85028000098357483557303101400601, Antenna=1, RSSI=-59.6, Count=181
[2025-09-16 17:09:54.478] [Info    ] TAG: EPC=85028000098357483557303101400601, Antenna=1, RSSI=-59.5, Count=182
[2025-09-16 17:09:54.487] [Info    ] TAG: EPC=85028000098357483557303101400601, Antenna=1, RSSI=-59.5, Count=183
[2025-09-16 17:09:54.487] [Info    ] TAG: EPC=85028000098357483557303101400601, Antenna=1, RSSI=-59.4, Count=184
[2025-09-16 17:09:54.497] [Info    ] TAG: EPC=85028000098357483557303101400601, Antenna=1, RSSI=-59.4, Count=185
[2025-09-16 17:09:54.497] [Info    ] TAG: EPC=85028000098357483557303101400601, Antenna=1, RSSI=-59.4, Count=186
[2025-09-16 17:09:54.497] [Info    ] TAG: EPC=85028000098357483557303101400601, Antenna=1, RSSI=-59.5, Count=187
[2025-09-16 17:09:54.508] [Info    ] TAG: EPC=85028000098357483557303101400601, Antenna=1, RSSI=-59.4, Count=188
[2025-09-16 17:09:54.508] [Info    ] TAG: EPC=85028000098357483557303101400601, Antenna=1, RSSI=-59.4, Count=189
[2025-09-16 17:09:54.518] [Info    ] TAG: EPC=85028000098357483557303101400601, Antenna=1, RSSI=-59.2, Count=190
[2025-09-16 17:09:54.519] [Info    ] TAG: EPC=85028000098357483557303101400601, Antenna=1, RSSI=-59.2, Count=191
[2025-09-16 17:09:54.519] [Info    ] TAG: EPC=85028000098357483557303101400601, Antenna=1, RSSI=-59.3, Count=192
[2025-09-16 17:09:54.529] [Info    ] TAG: EPC=85028000098357483557303101400601, Antenna=1, RSSI=-59.3, Count=193
[2025-09-16 17:09:54.529] [Info    ] TAG: EPC=85028000098357483557303101400601, Antenna=1, RSSI=-59.1, Count=194
[2025-09-16 17:09:54.537] [Info    ] TAG: EPC=85028000098357483557303101400601, Antenna=1, RSSI=-59.1, Count=195
[2025-09-16 17:09:54.539] [Info    ] TAG: EPC=85028000098357483557303101400601, Antenna=1, RSSI=-59.1, Count=196
[2025-09-16 17:09:54.549] [Info    ] TAG: EPC=85028000098357483557303101400601, Antenna=1, RSSI=-59.0, Count=197
[2025-09-16 17:09:54.549] [Info    ] TAG: EPC=85028000098357483557303101400601, Antenna=1, RSSI=-58.9, Count=198
[2025-09-16 17:09:54.549] [Info    ] TAG: EPC=85028000098357483557303101400601, Antenna=1, RSSI=-58.8, Count=199
[2025-09-16 17:09:54.559] [Info    ] TAG: EPC=85028000098357483557303101400601, Antenna=1, RSSI=-58.7, Count=200
[2025-09-16 17:09:54.559] [Info    ] TAG: EPC=85028000098357483557303101400601, Antenna=1, RSSI=-58.6, Count=201
[2025-09-16 17:09:54.559] [Info    ] TAG: EPC=85028000098357483557303101400601, Antenna=1, RSSI=-58.6, Count=202
[2025-09-16 17:09:54.569] [Info    ] TAG: EPC=85028000098357483557303101400601, Antenna=1, RSSI=-58.7, Count=203
[2025-09-16 17:09:54.569] [Info    ] TAG: EPC=85028000098357483557303101400601, Antenna=1, RSSI=-58.6, Count=204
[2025-09-16 17:09:54.579] [Info    ] TAG: EPC=85028000098357483557303101400601, Antenna=1, RSSI=-58.6, Count=205
[2025-09-16 17:09:54.579] [Info    ] TAG: EPC=85028000098357483557303101400601, Antenna=1, RSSI=-58.6, Count=206
[2025-09-16 17:09:54.590] [Info    ] TAG: EPC=85028000098357483557303101400601, Antenna=1, RSSI=-58.5, Count=207
[2025-09-16 17:09:54.590] [Info    ] TAG: EPC=85028000098357483557303101400601, Antenna=1, RSSI=-58.5, Count=208
[2025-09-16 17:09:54.591] [Info    ] TAG: EPC=85028000098357483557303101400601, Antenna=1, RSSI=-58.4, Count=209
[2025-09-16 17:09:54.599] [Info    ] TAG: EPC=85028000098357483557303101400601, Antenna=1, RSSI=-58.4, Count=210
[2025-09-16 17:09:54.599] [Info    ] TAG: EPC=85028000098357483557303101400601, Antenna=1, RSSI=-58.3, Count=211
[2025-09-16 17:09:54.609] [Info    ] TAG: EPC=85028000098357483557303101400601, Antenna=1, RSSI=-58.3, Count=212
[2025-09-16 17:09:54.609] [Info    ] TAG: EPC=85028000098357483557303101400601, Antenna=1, RSSI=-58.3, Count=213
[2025-09-16 17:09:54.610] [Info    ] TAG: EPC=85028000098357483557303101400601, Antenna=1, RSSI=-58.2, Count=214
[2025-09-16 17:09:54.620] [Info    ] TAG: EPC=85028000098357483557303101400601, Antenna=1, RSSI=-58.2, Count=215
[2025-09-16 17:09:54.620] [Info    ] TAG: EPC=85028000098357483557303101400601, Antenna=1, RSSI=-58.2, Count=216
[2025-09-16 17:09:54.627] [Info    ] STATS: Total=216, Unique=1, Rate=78.0 tags/s
[2025-09-16 17:09:54.629] [Info    ] TAG: EPC=85028000098357483557303101400601, Antenna=1, RSSI=-58.2, Count=217
[2025-09-16 17:09:54.630] [Info    ] TAG: EPC=85028000098357483557303101400601, Antenna=1, RSSI=-58.1, Count=218
[2025-09-16 17:09:54.630] [Info    ] TAG: EPC=85028000098357483557303101400601, Antenna=1, RSSI=-58.1, Count=219
[2025-09-16 17:09:54.640] [Info    ] TAG: EPC=85028000098357483557303101400601, Antenna=1, RSSI=-58.1, Count=220
[2025-09-16 17:09:54.640] [Info    ] TAG: EPC=85028000098357483557303101400601, Antenna=1, RSSI=-58.1, Count=221
[2025-09-16 17:09:54.651] [Info    ] TAG: EPC=85028000098357483557303101400601, Antenna=1, RSSI=-58.1, Count=222
[2025-09-16 17:09:54.651] [Info    ] TAG: EPC=85028000098357483557303101400601, Antenna=1, RSSI=-58.1, Count=223
[2025-09-16 17:09:54.660] [Info    ] TAG: EPC=85028000098357483557303101400601, Antenna=1, RSSI=-58.1, Count=224
[2025-09-16 17:09:54.661] [Info    ] TAG: EPC=85028000098357483557303101400601, Antenna=1, RSSI=-58.1, Count=225
[2025-09-16 17:09:54.670] [Info    ] TAG: EPC=85028000098357483557303101400601, Antenna=1, RSSI=-58.1, Count=226
[2025-09-16 17:09:54.671] [Info    ] TAG: EPC=85028000098357483557303101400601, Antenna=1, RSSI=-58.1, Count=227
[2025-09-16 17:09:54.691] [Info    ] TAG: EPC=85028000098357483557303101400601, Antenna=1, RSSI=-58.0, Count=228
[2025-09-16 17:09:54.701] [Info    ] TAG: EPC=85028000098357483557303101400601, Antenna=1, RSSI=-58.0, Count=229
[2025-09-16 17:09:54.702] [Info    ] TAG: EPC=85028000098357483557303101400601, Antenna=1, RSSI=-57.9, Count=230
[2025-09-16 17:09:54.711] [Info    ] TAG: EPC=85028000098357483557303101400601, Antenna=1, RSSI=-57.8, Count=231
[2025-09-16 17:09:54.711] [Info    ] TAG: EPC=85028000098357483557303101400601, Antenna=1, RSSI=-57.8, Count=232
[2025-09-16 17:09:54.711] [Info    ] TAG: EPC=85028000098357483557303101400601, Antenna=1, RSSI=-57.9, Count=233
[2025-09-16 17:09:54.722] [Info    ] TAG: EPC=85028000098357483557303101400601, Antenna=1, RSSI=-57.9, Count=234
[2025-09-16 17:09:54.722] [Info    ] TAG: EPC=85028000098357483557303101400601, Antenna=1, RSSI=-57.8, Count=235
[2025-09-16 17:09:54.732] [Info    ] TAG: EPC=85028000098357483557303101400601, Antenna=1, RSSI=-57.7, Count=236
[2025-09-16 17:09:54.732] [Info    ] TAG: EPC=85028000098357483557303101400601, Antenna=1, RSSI=-57.7, Count=237
[2025-09-16 17:09:54.741] [Info    ] TAG: EPC=85028000098357483557303101400601, Antenna=1, RSSI=-57.7, Count=238
[2025-09-16 17:09:54.741] [Info    ] TAG: EPC=85028000098357483557303101400601, Antenna=1, RSSI=-57.7, Count=239
[2025-09-16 17:09:54.743] [Info    ] TAG: EPC=85028000098357483557303101400601, Antenna=1, RSSI=-57.7, Count=240
[2025-09-16 17:09:54.753] [Info    ] TAG: EPC=85028000098357483557303101400601, Antenna=1, RSSI=-57.6, Count=241
[2025-09-16 17:09:54.753] [Info    ] TAG: EPC=85028000098357483557303101400601, Antenna=1, RSSI=-57.6, Count=242
[2025-09-16 17:09:54.762] [Info    ] TAG: EPC=85028000098357483557303101400601, Antenna=1, RSSI=-57.5, Count=243
[2025-09-16 17:09:54.762] [Info    ] TAG: EPC=85028000098357483557303101400601, Antenna=1, RSSI=-57.4, Count=244
[2025-09-16 17:09:54.763] [Info    ] TAG: EPC=85028000098357483557303101400601, Antenna=1, RSSI=-57.4, Count=245
[2025-09-16 17:09:54.772] [Info    ] TAG: EPC=85028000098357483557303101400601, Antenna=1, RSSI=-57.4, Count=246
[2025-09-16 17:09:54.772] [Info    ] TAG: EPC=85028000098357483557303101400601, Antenna=1, RSSI=-57.4, Count=247
[2025-09-16 17:09:54.784] [Info    ] TAG: EPC=85028000098357483557303101400601, Antenna=1, RSSI=-57.4, Count=248
[2025-09-16 17:09:54.784] [Info    ] TAG: EPC=85028000098357483557303101400601, Antenna=1, RSSI=-57.3, Count=249
[2025-09-16 17:09:54.784] [Info    ] TAG: EPC=85028000098357483557303101400601, Antenna=1, RSSI=-57.3, Count=250
[2025-09-16 17:09:54.793] [Info    ] TAG: EPC=85028000098357483557303101400601, Antenna=1, RSSI=-57.3, Count=251
[2025-09-16 17:09:54.793] [Info    ] TAG: EPC=85028000098357483557303101400601, Antenna=1, RSSI=-57.3, Count=252
[2025-09-16 17:09:54.803] [Info    ] TAG: EPC=85028000098357483557303101400601, Antenna=1, RSSI=-57.3, Count=253
[2025-09-16 17:09:54.803] [Info    ] TAG: EPC=85028000098357483557303101400601, Antenna=1, RSSI=-57.4, Count=254
[2025-09-16 17:09:54.813] [Info    ] TAG: EPC=85028000098357483557303101400601, Antenna=1, RSSI=-57.4, Count=255
[2025-09-16 17:09:54.813] [Info    ] TAG: EPC=85028000098357483557303101400601, Antenna=1, RSSI=-57.5, Count=256
[2025-09-16 17:09:54.814] [Info    ] TAG: EPC=85028000098357483557303101400601, Antenna=1, RSSI=-57.4, Count=257
[2025-09-16 17:09:54.823] [Info    ] TAG: EPC=85028000098357483557303101400601, Antenna=1, RSSI=-57.5, Count=258
[2025-09-16 17:09:54.824] [Info    ] TAG: EPC=85028000098357483557303101400601, Antenna=1, RSSI=-57.4, Count=259
[2025-09-16 17:09:54.834] [Info    ] TAG: EPC=85028000098357483557303101400601, Antenna=1, RSSI=-57.5, Count=260
[2025-09-16 17:09:54.834] [Info    ] TAG: EPC=85028000098357483557303101400601, Antenna=1, RSSI=-57.4, Count=261
[2025-09-16 17:09:54.834] [Info    ] TAG: EPC=85028000098357483557303101400601, Antenna=1, RSSI=-57.5, Count=262
[2025-09-16 17:09:54.844] [Info    ] TAG: EPC=85028000098357483557303101400601, Antenna=1, RSSI=-57.5, Count=263
[2025-09-16 17:09:54.844] [Info    ] TAG: EPC=85028000098357483557303101400601, Antenna=1, RSSI=-57.5, Count=264
[2025-09-16 17:09:54.854] [Info    ] TAG: EPC=85028000098357483557303101400601, Antenna=1, RSSI=-57.5, Count=265
[2025-09-16 17:09:54.854] [Info    ] TAG: EPC=85028000098357483557303101400601, Antenna=1, RSSI=-57.5, Count=266
[2025-09-16 17:09:54.855] [Info    ] TAG: EPC=85028000098357483557303101400601, Antenna=1, RSSI=-57.4, Count=267
[2025-09-16 17:09:54.865] [Info    ] TAG: EPC=85028000098357483557303101400601, Antenna=1, RSSI=-57.4, Count=268
[2025-09-16 17:09:54.865] [Info    ] TAG: EPC=85028000098357483557303101400601, Antenna=1, RSSI=-57.3, Count=269
[2025-09-16 17:09:54.875] [Info    ] TAG: EPC=85028000098357483557303101400601, Antenna=1, RSSI=-57.4, Count=270
[2025-09-16 17:09:54.875] [Info    ] TAG: EPC=85028000098357483557303101400601, Antenna=1, RSSI=-57.5, Count=271
[2025-09-16 17:09:54.895] [Info    ] TAG: EPC=85028000098357483557303101400601, Antenna=1, RSSI=-57.5, Count=272
[2025-09-16 17:09:54.895] [Info    ] TAG: EPC=85028000098357483557303101400601, Antenna=1, RSSI=-57.5, Count=273
[2025-09-16 17:09:54.895] [Info    ] TAG: EPC=85028000098357483557303101400601, Antenna=1, RSSI=-57.5, Count=274
[2025-09-16 17:09:54.906] [Info    ] TAG: EPC=85028000098357483557303101400601, Antenna=1, RSSI=-57.6, Count=275
[2025-09-16 17:09:54.906] [Info    ] TAG: EPC=85028000098357483557303101400601, Antenna=1, RSSI=-57.5, Count=276
[2025-09-16 17:09:54.915] [Info    ] TAG: EPC=85028000098357483557303101400601, Antenna=1, RSSI=-57.5, Count=277
[2025-09-16 17:09:54.916] [Info    ] TAG: EPC=85028000098357483557303101400601, Antenna=1, RSSI=-57.5, Count=278
[2025-09-16 17:09:54.925] [Info    ] TAG: EPC=85028000098357483557303101400601, Antenna=1, RSSI=-57.4, Count=279
[2025-09-16 17:09:54.925] [Info    ] TAG: EPC=85028000098357483557303101400601, Antenna=1, RSSI=-57.4, Count=280
[2025-09-16 17:09:54.925] [Info    ] TAG: EPC=85028000098357483557303101400601, Antenna=1, RSSI=-57.4, Count=281
[2025-09-16 17:09:54.936] [Info    ] TAG: EPC=85028000098357483557303101400601, Antenna=1, RSSI=-57.5, Count=282
[2025-09-16 17:09:54.936] [Info    ] TAG: EPC=85028000098357483557303101400601, Antenna=1, RSSI=-57.5, Count=283
[2025-09-16 17:09:54.946] [Info    ] TAG: EPC=85028000098357483557303101400601, Antenna=1, RSSI=-57.6, Count=284
[2025-09-16 17:09:54.946] [Info    ] TAG: EPC=85028000098357483557303101400601, Antenna=1, RSSI=-57.6, Count=285
[2025-09-16 17:09:54.946] [Info    ] TAG: EPC=85028000098357483557303101400601, Antenna=1, RSSI=-57.7, Count=286
[2025-09-16 17:09:54.957] [Info    ] TAG: EPC=85028000098357483557303101400601, Antenna=1, RSSI=-57.7, Count=287
[2025-09-16 17:09:54.957] [Info    ] TAG: EPC=85028000098357483557303101400601, Antenna=1, RSSI=-57.7, Count=288
[2025-09-16 17:09:54.966] [Info    ] TAG: EPC=85028000098357483557303101400601, Antenna=1, RSSI=-57.6, Count=289
[2025-09-16 17:09:54.967] [Info    ] TAG: EPC=85028000098357483557303101400601, Antenna=1, RSSI=-57.7, Count=290
[2025-09-16 17:09:54.977] [Info    ] TAG: EPC=85028000098357483557303101400601, Antenna=1, RSSI=-57.7, Count=291
[2025-09-16 17:09:54.978] [Info    ] TAG: EPC=85028000098357483557303101400601, Antenna=1, RSSI=-57.7, Count=292
[2025-09-16 17:09:54.978] [Info    ] TAG: EPC=85028000098357483557303101400601, Antenna=1, RSSI=-57.8, Count=293
[2025-09-16 17:09:54.987] [Info    ] TAG: EPC=85028000098357483557303101400601, Antenna=1, RSSI=-57.8, Count=294
[2025-09-16 17:09:54.987] [Info    ] TAG: EPC=85028000098357483557303101400601, Antenna=1, RSSI=-57.8, Count=295
[2025-09-16 17:09:54.998] [Info    ] TAG: EPC=85028000098357483557303101400601, Antenna=1, RSSI=-57.8, Count=296
[2025-09-16 17:09:54.998] [Info    ] TAG: EPC=85028000098357483557303101400601, Antenna=1, RSSI=-57.8, Count=297
[2025-09-16 17:09:54.999] [Info    ] TAG: EPC=85028000098357483557303101400601, Antenna=1, RSSI=-57.9, Count=298
[2025-09-16 17:09:55.009] [Info    ] TAG: EPC=85028000098357483557303101400601, Antenna=1, RSSI=-57.9, Count=299
[2025-09-16 17:09:55.009] [Info    ] TAG: EPC=85028000098357483557303101400601, Antenna=1, RSSI=-57.9, Count=300
[2025-09-16 17:09:55.018] [Info    ] TAG: EPC=85028000098357483557303101400601, Antenna=1, RSSI=-57.9, Count=301
[2025-09-16 17:09:55.018] [Info    ] TAG: EPC=85028000098357483557303101400601, Antenna=1, RSSI=-57.9, Count=302
[2025-09-16 17:09:55.018] [Info    ] TAG: EPC=85028000098357483557303101400601, Antenna=1, RSSI=-57.9, Count=303
[2025-09-16 17:09:55.027] [Info    ] TAG: EPC=85028000098357483557303101400601, Antenna=1, RSSI=-57.9, Count=304
[2025-09-16 17:09:55.028] [Info    ] TAG: EPC=85028000098357483557303101400601, Antenna=1, RSSI=-57.9, Count=305
[2025-09-16 17:09:55.038] [Info    ] TAG: EPC=85028000098357483557303101400601, Antenna=1, RSSI=-57.9, Count=306
[2025-09-16 17:09:55.038] [Info    ] TAG: EPC=85028000098357483557303101400601, Antenna=1, RSSI=-58.0, Count=307
[2025-09-16 17:09:55.049] [Info    ] TAG: EPC=85028000098357483557303101400601, Antenna=1, RSSI=-58.1, Count=308
[2025-09-16 17:09:55.049] [Info    ] TAG: EPC=85028000098357483557303101400601, Antenna=1, RSSI=-58.1, Count=309
[2025-09-16 17:09:55.050] [Info    ] TAG: EPC=85028000098357483557303101400601, Antenna=1, RSSI=-58.1, Count=310
[2025-09-16 17:09:55.057] [Info    ] TAG: EPC=85028000098357483557303101400601, Antenna=1, RSSI=-58.2, Count=311
[2025-09-16 17:09:55.059] [Info    ] TAG: EPC=85028000098357483557303101400601, Antenna=1, RSSI=-58.3, Count=312
[2025-09-16 17:09:55.059] [Info    ] TAG: EPC=85028000098357483557303101400601, Antenna=1, RSSI=-58.2, Count=313
[2025-09-16 17:09:55.070] [Info    ] TAG: EPC=85028000098357483557303101400601, Antenna=1, RSSI=-58.2, Count=314
[2025-09-16 17:09:55.070] [Info    ] TAG: EPC=85028000098357483557303101400601, Antenna=1, RSSI=-58.2, Count=315
[2025-09-16 17:09:55.079] [Info    ] TAG: EPC=85028000098357483557303101400601, Antenna=1, RSSI=-58.3, Count=316
[2025-09-16 17:09:55.079] [Info    ] TAG: EPC=85028000098357483557303101400601, Antenna=1, RSSI=-58.3, Count=317
[2025-09-16 17:09:55.079] [Info    ] TAG: EPC=85028000098357483557303101400601, Antenna=1, RSSI=-58.3, Count=318
[2025-09-16 17:09:55.099] [Info    ] TAG: EPC=85028000098357483557303101400601, Antenna=1, RSSI=-58.4, Count=319
[2025-09-16 17:09:55.111] [Info    ] TAG: EPC=85028000098357483557303101400601, Antenna=1, RSSI=-58.3, Count=320
[2025-09-16 17:09:55.120] [Info    ] TAG: EPC=85028000098357483557303101400601, Antenna=1, RSSI=-58.3, Count=321
[2025-09-16 17:09:55.121] [Info    ] TAG: EPC=85028000098357483557303101400601, Antenna=1, RSSI=-58.4, Count=322
[2025-09-16 17:09:55.122] [Info    ] TAG: EPC=85028000098357483557303101400601, Antenna=1, RSSI=-58.4, Count=323
[2025-09-16 17:09:55.130] [Info    ] TAG: EPC=85028000098357483557303101400601, Antenna=1, RSSI=-58.6, Count=324
[2025-09-16 17:09:55.131] [Info    ] TAG: EPC=85028000098357483557303101400601, Antenna=1, RSSI=-58.6, Count=325
[2025-09-16 17:09:55.140] [Info    ] TAG: EPC=85028000098357483557303101400601, Antenna=1, RSSI=-58.7, Count=326
[2025-09-16 17:09:55.140] [Info    ] TAG: EPC=85028000098357483557303101400601, Antenna=1, RSSI=-58.8, Count=327
[2025-09-16 17:09:55.150] [Info    ] TAG: EPC=85028000098357483557303101400601, Antenna=1, RSSI=-58.7, Count=328
[2025-09-16 17:09:55.150] [Info    ] TAG: EPC=85028000098357483557303101400601, Antenna=1, RSSI=-58.7, Count=329
[2025-09-16 17:09:55.151] [Info    ] TAG: EPC=85028000098357483557303101400601, Antenna=1, RSSI=-58.8, Count=330
[2025-09-16 17:09:55.161] [Info    ] TAG: EPC=85028000098357483557303101400601, Antenna=1, RSSI=-58.8, Count=331
[2025-09-16 17:09:55.161] [Info    ] TAG: EPC=85028000098357483557303101400601, Antenna=1, RSSI=-58.9, Count=332
[2025-09-16 17:09:55.170] [Info    ] TAG: EPC=85028000098357483557303101400601, Antenna=1, RSSI=-59.0, Count=333
[2025-09-16 17:09:55.171] [Info    ] TAG: EPC=85028000098357483557303101400601, Antenna=1, RSSI=-59.0, Count=334
[2025-09-16 17:09:55.171] [Info    ] TAG: EPC=85028000098357483557303101400601, Antenna=1, RSSI=-59.1, Count=335
[2025-09-16 17:09:55.181] [Info    ] TAG: EPC=85028000098357483557303101400601, Antenna=1, RSSI=-59.1, Count=336
[2025-09-16 17:09:55.181] [Info    ] TAG: EPC=85028000098357483557303101400601, Antenna=1, RSSI=-59.3, Count=337
[2025-09-16 17:09:55.191] [Info    ] TAG: EPC=85028000098357483557303101400601, Antenna=1, RSSI=-59.4, Count=338
[2025-09-16 17:09:55.192] [Info    ] TAG: EPC=85028000098357483557303101400601, Antenna=1, RSSI=-59.4, Count=339
[2025-09-16 17:09:55.192] [Info    ] TAG: EPC=85028000098357483557303101400601, Antenna=1, RSSI=-59.5, Count=340
[2025-09-16 17:09:55.201] [Info    ] TAG: EPC=85028000098357483557303101400601, Antenna=1, RSSI=-59.5, Count=341
[2025-09-16 17:09:55.202] [Info    ] TAG: EPC=85028000098357483557303101400601, Antenna=1, RSSI=-59.6, Count=342
[2025-09-16 17:09:55.212] [Info    ] TAG: EPC=85028000098357483557303101400601, Antenna=1, RSSI=-59.5, Count=343
[2025-09-16 17:09:55.212] [Info    ] TAG: EPC=85028000098357483557303101400601, Antenna=1, RSSI=-59.6, Count=344
[2025-09-16 17:09:55.221] [Info    ] TAG: EPC=85028000098357483557303101400601, Antenna=1, RSSI=-59.7, Count=345
[2025-09-16 17:09:55.222] [Info    ] TAG: EPC=85028000098357483557303101400601, Antenna=1, RSSI=-59.7, Count=346
[2025-09-16 17:09:55.222] [Info    ] TAG: EPC=85028000098357483557303101400601, Antenna=1, RSSI=-59.8, Count=347
[2025-09-16 17:09:55.233] [Info    ] TAG: EPC=85028000098357483557303101400601, Antenna=1, RSSI=-59.7, Count=348
[2025-09-16 17:09:55.233] [Info    ] TAG: EPC=85028000098357483557303101400601, Antenna=1, RSSI=-59.8, Count=349
[2025-09-16 17:09:55.243] [Info    ] TAG: EPC=85028000098357483557303101400601, Antenna=1, RSSI=-59.8, Count=350
[2025-09-16 17:09:55.243] [Info    ] TAG: EPC=85028000098357483557303101400601, Antenna=1, RSSI=-59.8, Count=351
[2025-09-16 17:09:55.243] [Info    ] TAG: EPC=85028000098357483557303101400601, Antenna=1, RSSI=-59.8, Count=352
[2025-09-16 17:09:55.253] [Info    ] TAG: EPC=85028000098357483557303101400601, Antenna=1, RSSI=-59.9, Count=353
[2025-09-16 17:09:55.253] [Info    ] TAG: EPC=85028000098357483557303101400601, Antenna=1, RSSI=-59.9, Count=354
[2025-09-16 17:09:55.263] [Info    ] TAG: EPC=85028000098357483557303101400601, Antenna=1, RSSI=-60.1, Count=355
[2025-09-16 17:09:55.263] [Info    ] TAG: EPC=85028000098357483557303101400601, Antenna=1, RSSI=-60.2, Count=356
[2025-09-16 17:09:55.283] [Info    ] TAG: EPC=85028000098357483557303101400601, Antenna=1, RSSI=-60.2, Count=357
[2025-09-16 17:09:55.293] [Info    ] TAG: EPC=85028000098357483557303101400601, Antenna=1, RSSI=-60.3, Count=358
[2025-09-16 17:09:55.294] [Info    ] TAG: EPC=85028000098357483557303101400601, Antenna=1, RSSI=-60.4, Count=359
[2025-09-16 17:09:55.641] [Info    ] STATS: Total=359, Unique=1, Rate=143.0 tags/s
[2025-09-16 17:09:56.646] [Info    ] STATS: Total=359, Unique=1, Rate=0.0 tags/s
[2025-09-16 17:09:57.661] [Info    ] STATS: Total=359, Unique=1, Rate=0.0 tags/s
[2025-09-16 17:09:58.689] [Info    ] STATS: Total=359, Unique=1, Rate=0.0 tags/s
[2025-09-16 17:09:59.702] [Info    ] STATS: Total=359, Unique=1, Rate=0.0 tags/s
[2025-09-16 17:10:00.715] [Info    ] STATS: Total=359, Unique=1, Rate=0.0 tags/s
[2025-09-16 17:10:01.715] [Info    ] STATS: Total=359, Unique=1, Rate=0.0 tags/s
[2025-09-16 17:10:02.729] [Info    ] STATS: Total=359, Unique=1, Rate=0.0 tags/s
[2025-09-16 17:10:03.744] [Info    ] STATS: Total=359, Unique=1, Rate=0.0 tags/s
[2025-09-16 17:10:04.748] [Info    ] STATS: Total=359, Unique=1, Rate=0.0 tags/s
[2025-09-16 17:10:05.759] [Info    ] STATS: Total=359, Unique=1, Rate=0.0 tags/s
[2025-09-16 17:10:05.806] [Info    ] TAG: EPC=85028000098357483557303101400601, Antenna=1, RSSI=-60.5, Count=360
[2025-09-16 17:10:05.815] [Info    ] TAG: EPC=85028000098357483557303101400601, Antenna=1, RSSI=-60.7, Count=361
[2025-09-16 17:10:05.815] [Info    ] TAG: EPC=85028000098357483557303101400601, Antenna=1, RSSI=-60.7, Count=362
[2025-09-16 17:10:05.826] [Info    ] TAG: EPC=85028000098357483557303101400601, Antenna=1, RSSI=-60.6, Count=363
[2025-09-16 17:10:05.827] [Info    ] TAG: EPC=85028000098357483557303101400601, Antenna=1, RSSI=-60.7, Count=364
[2025-09-16 17:10:05.827] [Info    ] TAG: EPC=85028000098357483557303101400601, Antenna=1, RSSI=-60.6, Count=365
[2025-09-16 17:10:05.837] [Info    ] TAG: EPC=85028000098357483557303101400601, Antenna=1, RSSI=-60.6, Count=366
[2025-09-16 17:10:05.838] [Info    ] TAG: EPC=85028000098357483557303101400601, Antenna=1, RSSI=-60.7, Count=367
[2025-09-16 17:10:05.846] [Info    ] TAG: EPC=85028000098357483557303101400601, Antenna=1, RSSI=-60.7, Count=368
[2025-09-16 17:10:05.847] [Info    ] TAG: EPC=85028000098357483557303101400601, Antenna=1, RSSI=-60.8, Count=369
[2025-09-16 17:10:05.848] [Info    ] TAG: EPC=85028000098357483557303101400601, Antenna=1, RSSI=-60.7, Count=370
[2025-09-16 17:10:05.857] [Info    ] TAG: EPC=85028000098357483557303101400601, Antenna=1, RSSI=-60.8, Count=371
[2025-09-16 17:10:05.857] [Info    ] TAG: EPC=85028000098357483557303101400601, Antenna=1, RSSI=-60.9, Count=372
[2025-09-16 17:10:05.858] [Info    ] TAG: EPC=85028000098357483557303101400601, Antenna=1, RSSI=-61.0, Count=373
[2025-09-16 17:10:05.867] [Info    ] TAG: EPC=85028000098357483557303101400601, Antenna=1, RSSI=-60.9, Count=374
[2025-09-16 17:10:05.878] [Info    ] TAG: EPC=85028000098357483557303101400601, Antenna=1, RSSI=-60.8, Count=375
[2025-09-16 17:10:05.879] [Info    ] TAG: EPC=85028000098357483557303101400601, Antenna=1, RSSI=-60.7, Count=376
[2025-09-16 17:10:05.879] [Info    ] TAG: EPC=85028000098357483557303101400601, Antenna=1, RSSI=-60.7, Count=377
[2025-09-16 17:10:05.888] [Info    ] TAG: EPC=85028000098357483557303101400601, Antenna=1, RSSI=-60.6, Count=378
[2025-09-16 17:10:05.888] [Info    ] TAG: EPC=85028000098357483557303101400601, Antenna=1, RSSI=-60.6, Count=379
[2025-09-16 17:10:05.888] [Info    ] TAG: EPC=85028000098357483557303101400601, Antenna=1, RSSI=-60.5, Count=380
[2025-09-16 17:10:05.919] [Info    ] TAG: EPC=85028000098357483557303101400601, Antenna=1, RSSI=-60.5, Count=381
[2025-09-16 17:10:05.939] [Info    ] TAG: EPC=85028000098357483557303101400601, Antenna=1, RSSI=-60.4, Count=382
[2025-09-16 17:10:05.939] [Info    ] TAG: EPC=85028000098357483557303101400601, Antenna=1, RSSI=-60.4, Count=383
[2025-09-16 17:10:05.949] [Info    ] TAG: EPC=85028000098357483557303101400601, Antenna=1, RSSI=-60.3, Count=384
[2025-09-16 17:10:05.949] [Info    ] TAG: EPC=85028000098357483557303101400601, Antenna=1, RSSI=-60.3, Count=385
[2025-09-16 17:10:05.950] [Info    ] TAG: EPC=85028000098357483557303101400601, Antenna=1, RSSI=-60.4, Count=386
[2025-09-16 17:10:05.960] [Info    ] TAG: EPC=85028000098357483557303101400601, Antenna=1, RSSI=-60.2, Count=387
[2025-09-16 17:10:05.960] [Info    ] TAG: EPC=85028000098357483557303101400601, Antenna=1, RSSI=-60.2, Count=388
[2025-09-16 17:10:05.961] [Info    ] TAG: EPC=85028000098357483557303101400601, Antenna=1, RSSI=-60.2, Count=389
[2025-09-16 17:10:05.969] [Info    ] TAG: EPC=85028000098357483557303101400601, Antenna=1, RSSI=-60.0, Count=390
[2025-09-16 17:10:05.979] [Info    ] TAG: EPC=85028000098357483557303101400601, Antenna=1, RSSI=-59.9, Count=391
[2025-09-16 17:10:05.980] [Info    ] TAG: EPC=85028000098357483557303101400601, Antenna=1, RSSI=-59.9, Count=392
[2025-09-16 17:10:05.981] [Info    ] TAG: EPC=85028000098357483557303101400601, Antenna=1, RSSI=-59.8, Count=393
[2025-09-16 17:10:05.990] [Info    ] TAG: EPC=85028000098357483557303101400601, Antenna=1, RSSI=-59.7, Count=394
[2025-09-16 17:10:05.990] [Info    ] TAG: EPC=85028000098357483557303101400601, Antenna=1, RSSI=-59.7, Count=395
[2025-09-16 17:10:05.990] [Info    ] TAG: EPC=85028000098357483557303101400601, Antenna=1, RSSI=-59.6, Count=396
[2025-09-16 17:10:05.999] [Info    ] TAG: EPC=85028000098357483557303101400601, Antenna=1, RSSI=-59.6, Count=397
[2025-09-16 17:10:06.000] [Info    ] TAG: EPC=85028000098357483557303101400601, Antenna=1, RSSI=-59.6, Count=398
[2025-09-16 17:10:06.009] [Info    ] TAG: EPC=85028000098357483557303101400601, Antenna=1, RSSI=-59.5, Count=399
[2025-09-16 17:10:06.009] [Info    ] TAG: EPC=85028000098357483557303101400601, Antenna=1, RSSI=-59.4, Count=400
[2025-09-16 17:10:06.020] [Info    ] TAG: EPC=85028000098357483557303101400601, Antenna=1, RSSI=-59.4, Count=401
[2025-09-16 17:10:06.020] [Info    ] TAG: EPC=85028000098357483557303101400601, Antenna=1, RSSI=-59.4, Count=402
[2025-09-16 17:10:06.020] [Info    ] TAG: EPC=85028000098357483557303101400601, Antenna=1, RSSI=-59.3, Count=403
[2025-09-16 17:10:06.030] [Info    ] TAG: EPC=85028000098357483557303101400601, Antenna=1, RSSI=-59.3, Count=404
[2025-09-16 17:10:06.030] [Info    ] TAG: EPC=85028000098357483557303101400601, Antenna=1, RSSI=-59.1, Count=405
[2025-09-16 17:10:06.039] [Info    ] TAG: EPC=85028000098357483557303101400601, Antenna=1, RSSI=-59.1, Count=406
[2025-09-16 17:10:06.041] [Info    ] TAG: EPC=85028000098357483557303101400601, Antenna=1, RSSI=-59.0, Count=407
[2025-09-16 17:10:06.041] [Info    ] TAG: EPC=85028000098357483557303101400601, Antenna=1, RSSI=-59.0, Count=408
[2025-09-16 17:10:06.050] [Info    ] TAG: EPC=85028000098357483557303101400601, Antenna=1, RSSI=-59.0, Count=409
[2025-09-16 17:10:06.051] [Info    ] TAG: EPC=85028000098357483557303101400601, Antenna=1, RSSI=-59.1, Count=410
[2025-09-16 17:10:06.061] [Info    ] TAG: EPC=85028000098357483557303101400601, Antenna=1, RSSI=-59.1, Count=411
[2025-09-16 17:10:06.061] [Info    ] TAG: EPC=85028000098357483557303101400601, Antenna=1, RSSI=-59.0, Count=412
[2025-09-16 17:10:06.062] [Info    ] TAG: EPC=85028000098357483557303101400601, Antenna=1, RSSI=-58.8, Count=413
[2025-09-16 17:10:06.072] [Info    ] TAG: EPC=85028000098357483557303101400601, Antenna=1, RSSI=-58.8, Count=414
[2025-09-16 17:10:06.072] [Info    ] TAG: EPC=85028000098357483557303101400601, Antenna=1, RSSI=-58.8, Count=415
[2025-09-16 17:10:06.081] [Info    ] TAG: EPC=85028000098357483557303101400601, Antenna=1, RSSI=-58.8, Count=416
[2025-09-16 17:10:06.081] [Info    ] TAG: EPC=85028000098357483557303101400601, Antenna=1, RSSI=-58.8, Count=417
[2025-09-16 17:10:06.081] [Info    ] TAG: EPC=85028000098357483557303101400601, Antenna=1, RSSI=-58.8, Count=418
[2025-09-16 17:10:06.091] [Info    ] TAG: EPC=85028000098357483557303101400601, Antenna=1, RSSI=-58.8, Count=419
[2025-09-16 17:10:06.091] [Info    ] TAG: EPC=85028000098357483557303101400601, Antenna=1, RSSI=-58.8, Count=420
[2025-09-16 17:10:06.091] [Info    ] TAG: EPC=85028000098357483557303101400601, Antenna=1, RSSI=-58.7, Count=421
[2025-09-16 17:10:06.122] [Info    ] TAG: EPC=85028000098357483557303101400601, Antenna=1, RSSI=-58.6, Count=422
[2025-09-16 17:10:06.122] [Info    ] TAG: EPC=85028000098357483557303101400601, Antenna=1, RSSI=-58.5, Count=423
[2025-09-16 17:10:06.122] [Info    ] TAG: EPC=85028000098357483557303101400601, Antenna=1, RSSI=-58.5, Count=424
[2025-09-16 17:10:06.132] [Info    ] TAG: EPC=85028000098357483557303101400601, Antenna=1, RSSI=-58.4, Count=425
[2025-09-16 17:10:06.132] [Info    ] TAG: EPC=85028000098357483557303101400601, Antenna=1, RSSI=-58.4, Count=426
[2025-09-16 17:10:06.142] [Info    ] TAG: EPC=85028000098357483557303101400601, Antenna=1, RSSI=-58.4, Count=427
[2025-09-16 17:10:06.143] [Info    ] TAG: EPC=85028000098357483557303101400601, Antenna=1, RSSI=-58.4, Count=428
[2025-09-16 17:10:06.143] [Info    ] TAG: EPC=85028000098357483557303101400601, Antenna=1, RSSI=-58.3, Count=429
[2025-09-16 17:10:06.153] [Info    ] TAG: EPC=85028000098357483557303101400601, Antenna=1, RSSI=-58.4, Count=430
[2025-09-16 17:10:06.153] [Info    ] TAG: EPC=85028000098357483557303101400601, Antenna=1, RSSI=-58.5, Count=431
[2025-09-16 17:10:06.162] [Info    ] TAG: EPC=85028000098357483557303101400601, Antenna=1, RSSI=-58.4, Count=432
[2025-09-16 17:10:06.162] [Info    ] TAG: EPC=85028000098357483557303101400601, Antenna=1, RSSI=-58.4, Count=433
[2025-09-16 17:10:06.174] [Info    ] TAG: EPC=85028000098357483557303101400601, Antenna=1, RSSI=-58.3, Count=434
[2025-09-16 17:10:06.174] [Info    ] TAG: EPC=85028000098357483557303101400601, Antenna=1, RSSI=-58.3, Count=435
[2025-09-16 17:10:06.174] [Info    ] TAG: EPC=85028000098357483557303101400601, Antenna=1, RSSI=-58.3, Count=436
[2025-09-16 17:10:06.184] [Info    ] TAG: EPC=85028000098357483557303101400601, Antenna=1, RSSI=-58.2, Count=437
[2025-09-16 17:10:06.184] [Info    ] TAG: EPC=85028000098357483557303101400601, Antenna=1, RSSI=-58.2, Count=438
[2025-09-16 17:10:06.185] [Info    ] TAG: EPC=85028000098357483557303101400601, Antenna=1, RSSI=-58.2, Count=439
[2025-09-16 17:10:06.194] [Info    ] TAG: EPC=85028000098357483557303101400601, Antenna=1, RSSI=-58.2, Count=440
[2025-09-16 17:10:06.194] [Info    ] TAG: EPC=85028000098357483557303101400601, Antenna=1, RSSI=-58.0, Count=441
[2025-09-16 17:10:06.203] [Info    ] TAG: EPC=85028000098357483557303101400601, Antenna=1, RSSI=-58.0, Count=442
[2025-09-16 17:10:06.203] [Info    ] TAG: EPC=85028000098357483557303101400601, Antenna=1, RSSI=-57.9, Count=443
[2025-09-16 17:10:06.214] [Info    ] TAG: EPC=85028000098357483557303101400601, Antenna=1, RSSI=-57.9, Count=444
[2025-09-16 17:10:06.214] [Info    ] TAG: EPC=85028000098357483557303101400601, Antenna=1, RSSI=-57.9, Count=445
[2025-09-16 17:10:06.215] [Info    ] TAG: EPC=85028000098357483557303101400601, Antenna=1, RSSI=-57.9, Count=446
[2025-09-16 17:10:06.225] [Info    ] TAG: EPC=85028000098357483557303101400601, Antenna=1, RSSI=-57.9, Count=447
[2025-09-16 17:10:06.225] [Info    ] TAG: EPC=85028000098357483557303101400601, Antenna=1, RSSI=-57.9, Count=448
[2025-09-16 17:10:06.225] [Info    ] TAG: EPC=85028000098357483557303101400601, Antenna=1, RSSI=-58.0, Count=449
[2025-09-16 17:10:06.234] [Info    ] TAG: EPC=85028000098357483557303101400601, Antenna=1, RSSI=-58.0, Count=450
[2025-09-16 17:10:06.235] [Info    ] TAG: EPC=85028000098357483557303101400601, Antenna=1, RSSI=-58.0, Count=451
[2025-09-16 17:10:06.245] [Info    ] TAG: EPC=85028000098357483557303101400601, Antenna=1, RSSI=-58.0, Count=452
[2025-09-16 17:10:06.245] [Info    ] TAG: EPC=85028000098357483557303101400601, Antenna=1, RSSI=-58.0, Count=453
[2025-09-16 17:10:06.255] [Info    ] TAG: EPC=85028000098357483557303101400601, Antenna=1, RSSI=-57.9, Count=454
[2025-09-16 17:10:06.255] [Info    ] TAG: EPC=85028000098357483557303101400601, Antenna=1, RSSI=-57.9, Count=455
[2025-09-16 17:10:06.265] [Info    ] TAG: EPC=85028000098357483557303101400601, Antenna=1, RSSI=-57.9, Count=456
[2025-09-16 17:10:06.265] [Info    ] TAG: EPC=85028000098357483557303101400601, Antenna=1, RSSI=-57.9, Count=457
[2025-09-16 17:10:06.265] [Info    ] TAG: EPC=85028000098357483557303101400601, Antenna=1, RSSI=-57.9, Count=458
[2025-09-16 17:10:06.274] [Info    ] TAG: EPC=85028000098357483557303101400601, Antenna=1, RSSI=-57.8, Count=459
[2025-09-16 17:10:06.274] [Info    ] TAG: EPC=85028000098357483557303101400601, Antenna=1, RSSI=-57.7, Count=460
[2025-09-16 17:10:06.286] [Info    ] TAG: EPC=85028000098357483557303101400601, Antenna=1, RSSI=-57.7, Count=461
[2025-09-16 17:10:06.286] [Info    ] TAG: EPC=85028000098357483557303101400601, Antenna=1, RSSI=-57.7, Count=462
[2025-09-16 17:10:06.286] [Info    ] TAG: EPC=85028000098357483557303101400601, Antenna=1, RSSI=-57.7, Count=463
[2025-09-16 17:10:06.295] [Info    ] TAG: EPC=85028000098357483557303101400601, Antenna=1, RSSI=-57.7, Count=464
[2025-09-16 17:10:06.295] [Info    ] TAG: EPC=85028000098357483557303101400601, Antenna=1, RSSI=-57.6, Count=465
[2025-09-16 17:10:06.306] [Info    ] TAG: EPC=85028000098357483557303101400601, Antenna=1, RSSI=-57.6, Count=466
[2025-09-16 17:10:06.306] [Info    ] TAG: EPC=85028000098357483557303101400601, Antenna=1, RSSI=-57.5, Count=467
[2025-09-16 17:10:06.337] [Info    ] TAG: EPC=85028000098357483557303101400601, Antenna=1, RSSI=-57.5, Count=468
[2025-09-16 17:10:06.337] [Info    ] TAG: EPC=85028000098357483557303101400601, Antenna=1, RSSI=-57.5, Count=469
[2025-09-16 17:10:06.347] [Info    ] TAG: EPC=85028000098357483557303101400601, Antenna=1, RSSI=-57.6, Count=470
[2025-09-16 17:10:06.347] [Info    ] TAG: EPC=85028000098357483557303101400601, Antenna=1, RSSI=-57.5, Count=471
[2025-09-16 17:10:06.347] [Info    ] TAG: EPC=85028000098357483557303101400601, Antenna=1, RSSI=-57.4, Count=472
[2025-09-16 17:10:06.356] [Info    ] TAG: EPC=85028000098357483557303101400601, Antenna=1, RSSI=-57.5, Count=473
[2025-09-16 17:10:06.357] [Info    ] TAG: EPC=85028000098357483557303101400601, Antenna=1, RSSI=-57.5, Count=474
[2025-09-16 17:10:06.367] [Info    ] TAG: EPC=85028000098357483557303101400601, Antenna=1, RSSI=-57.6, Count=475
[2025-09-16 17:10:06.367] [Info    ] TAG: EPC=85028000098357483557303101400601, Antenna=1, RSSI=-57.6, Count=476
[2025-09-16 17:10:06.367] [Info    ] TAG: EPC=85028000098357483557303101400601, Antenna=1, RSSI=-57.7, Count=477
[2025-09-16 17:10:06.377] [Info    ] TAG: EPC=85028000098357483557303101400601, Antenna=1, RSSI=-57.7, Count=478
[2025-09-16 17:10:06.378] [Info    ] TAG: EPC=85028000098357483557303101400601, Antenna=1, RSSI=-57.7, Count=479
[2025-09-16 17:10:06.378] [Info    ] TAG: EPC=85028000098357483557303101400601, Antenna=1, RSSI=-57.8, Count=480
[2025-09-16 17:10:06.387] [Info    ] TAG: EPC=85028000098357483557303101400601, Antenna=1, RSSI=-57.8, Count=481
[2025-09-16 17:10:06.388] [Info    ] TAG: EPC=85028000098357483557303101400601, Antenna=1, RSSI=-57.8, Count=482
[2025-09-16 17:10:06.398] [Info    ] TAG: EPC=85028000098357483557303101400601, Antenna=1, RSSI=-57.8, Count=483
[2025-09-16 17:10:06.398] [Info    ] TAG: EPC=85028000098357483557303101400601, Antenna=1, RSSI=-57.8, Count=484
[2025-09-16 17:10:06.407] [Info    ] TAG: EPC=85028000098357483557303101400601, Antenna=1, RSSI=-57.9, Count=485
[2025-09-16 17:10:06.408] [Info    ] TAG: EPC=85028000098357483557303101400601, Antenna=1, RSSI=-57.9, Count=486
[2025-09-16 17:10:06.409] [Info    ] TAG: EPC=85028000098357483557303101400601, Antenna=1, RSSI=-57.9, Count=487
[2025-09-16 17:10:06.418] [Info    ] TAG: EPC=85028000098357483557303101400601, Antenna=1, RSSI=-57.9, Count=488
[2025-09-16 17:10:06.418] [Info    ] TAG: EPC=85028000098357483557303101400601, Antenna=1, RSSI=-57.9, Count=489
[2025-09-16 17:10:06.429] [Info    ] TAG: EPC=85028000098357483557303101400601, Antenna=1, RSSI=-57.9, Count=490
[2025-09-16 17:10:06.429] [Info    ] TAG: EPC=85028000098357483557303101400601, Antenna=1, RSSI=-57.9, Count=491
[2025-09-16 17:10:06.438] [Info    ] TAG: EPC=85028000098357483557303101400601, Antenna=1, RSSI=-57.9, Count=492
[2025-09-16 17:10:06.438] [Info    ] TAG: EPC=85028000098357483557303101400601, Antenna=1, RSSI=-57.9, Count=493
[2025-09-16 17:10:06.438] [Info    ] TAG: EPC=85028000098357483557303101400601, Antenna=1, RSSI=-57.9, Count=494
[2025-09-16 17:10:06.448] [Info    ] TAG: EPC=85028000098357483557303101400601, Antenna=1, RSSI=-57.9, Count=495
[2025-09-16 17:10:06.449] [Info    ] TAG: EPC=85028000098357483557303101400601, Antenna=1, RSSI=-58.0, Count=496
[2025-09-16 17:10:06.459] [Info    ] TAG: EPC=85028000098357483557303101400601, Antenna=1, RSSI=-58.0, Count=497
[2025-09-16 17:10:06.459] [Info    ] TAG: EPC=85028000098357483557303101400601, Antenna=1, RSSI=-58.0, Count=498
[2025-09-16 17:10:06.469] [Info    ] TAG: EPC=85028000098357483557303101400601, Antenna=1, RSSI=-58.0, Count=499
[2025-09-16 17:10:06.470] [Info    ] TAG: EPC=85028000098357483557303101400601, Antenna=1, RSSI=-58.0, Count=500
[2025-09-16 17:10:06.470] [Info    ] TAG: EPC=85028000098357483557303101400601, Antenna=1, RSSI=-58.0, Count=501
[2025-09-16 17:10:06.480] [Info    ] TAG: EPC=85028000098357483557303101400601, Antenna=1, RSSI=-58.0, Count=502
[2025-09-16 17:10:06.480] [Info    ] TAG: EPC=85028000098357483557303101400601, Antenna=1, RSSI=-58.0, Count=503
[2025-09-16 17:10:06.481] [Info    ] TAG: EPC=85028000098357483557303101400601, Antenna=1, RSSI=-58.0, Count=504
[2025-09-16 17:10:06.491] [Info    ] TAG: EPC=85028000098357483557303101400601, Antenna=1, RSSI=-58.1, Count=505
[2025-09-16 17:10:06.491] [Info    ] TAG: EPC=85028000098357483557303101400601, Antenna=1, RSSI=-58.1, Count=506
[2025-09-16 17:10:06.500] [Info    ] TAG: EPC=85028000098357483557303101400601, Antenna=1, RSSI=-58.1, Count=507
[2025-09-16 17:10:06.500] [Info    ] TAG: EPC=85028000098357483557303101400601, Antenna=1, RSSI=-58.1, Count=508
[2025-09-16 17:10:06.500] [Info    ] TAG: EPC=85028000098357483557303101400601, Antenna=1, RSSI=-58.0, Count=509
[2025-09-16 17:10:06.510] [Info    ] TAG: EPC=85028000098357483557303101400601, Antenna=1, RSSI=-58.0, Count=510
[2025-09-16 17:10:06.511] [Info    ] TAG: EPC=85028000098357483557303101400601, Antenna=1, RSSI=-58.1, Count=511
[2025-09-16 17:10:06.530] [Info    ] TAG: EPC=85028000098357483557303101400601, Antenna=1, RSSI=-58.1, Count=512
[2025-09-16 17:10:06.540] [Info    ] TAG: EPC=85028000098357483557303101400601, Antenna=1, RSSI=-58.2, Count=513
[2025-09-16 17:10:06.541] [Info    ] TAG: EPC=85028000098357483557303101400601, Antenna=1, RSSI=-58.2, Count=514
[2025-09-16 17:10:06.550] [Info    ] TAG: EPC=85028000098357483557303101400601, Antenna=1, RSSI=-58.3, Count=515
[2025-09-16 17:10:06.551] [Info    ] TAG: EPC=85028000098357483557303101400601, Antenna=1, RSSI=-58.3, Count=516
[2025-09-16 17:10:06.551] [Info    ] TAG: EPC=85028000098357483557303101400601, Antenna=1, RSSI=-58.4, Count=517
[2025-09-16 17:10:06.561] [Info    ] TAG: EPC=85028000098357483557303101400601, Antenna=1, RSSI=-58.3, Count=518
[2025-09-16 17:10:06.562] [Info    ] TAG: EPC=85028000098357483557303101400601, Antenna=1, RSSI=-58.4, Count=519
[2025-09-16 17:10:06.571] [Info    ] TAG: EPC=85028000098357483557303101400601, Antenna=1, RSSI=-58.4, Count=520
[2025-09-16 17:10:06.571] [Info    ] TAG: EPC=85028000098357483557303101400601, Antenna=1, RSSI=-58.3, Count=521
[2025-09-16 17:10:06.572] [Info    ] TAG: EPC=85028000098357483557303101400601, Antenna=1, RSSI=-58.5, Count=522
[2025-09-16 17:10:06.581] [Info    ] TAG: EPC=85028000098357483557303101400601, Antenna=1, RSSI=-58.5, Count=523
[2025-09-16 17:10:06.581] [Info    ] TAG: EPC=85028000098357483557303101400601, Antenna=1, RSSI=-58.6, Count=524
[2025-09-16 17:10:06.592] [Info    ] TAG: EPC=85028000098357483557303101400601, Antenna=1, RSSI=-58.6, Count=525
[2025-09-16 17:10:06.592] [Info    ] TAG: EPC=85028000098357483557303101400601, Antenna=1, RSSI=-58.6, Count=526
[2025-09-16 17:10:06.593] [Info    ] TAG: EPC=85028000098357483557303101400601, Antenna=1, RSSI=-58.6, Count=527
[2025-09-16 17:10:06.602] [Info    ] TAG: EPC=85028000098357483557303101400601, Antenna=1, RSSI=-58.6, Count=528
[2025-09-16 17:10:06.602] [Info    ] TAG: EPC=85028000098357483557303101400601, Antenna=1, RSSI=-58.7, Count=529
[2025-09-16 17:10:06.612] [Info    ] TAG: EPC=85028000098357483557303101400601, Antenna=1, RSSI=-58.8, Count=530
[2025-09-16 17:10:06.612] [Info    ] TAG: EPC=85028000098357483557303101400601, Antenna=1, RSSI=-58.8, Count=531
[2025-09-16 17:10:06.613] [Info    ] TAG: EPC=85028000098357483557303101400601, Antenna=1, RSSI=-58.7, Count=532
[2025-09-16 17:10:06.622] [Info    ] TAG: EPC=85028000098357483557303101400601, Antenna=1, RSSI=-58.8, Count=533
[2025-09-16 17:10:06.622] [Info    ] TAG: EPC=85028000098357483557303101400601, Antenna=1, RSSI=-58.9, Count=534
[2025-09-16 17:10:06.632] [Info    ] TAG: EPC=85028000098357483557303101400601, Antenna=1, RSSI=-59.0, Count=535
[2025-09-16 17:10:06.633] [Info    ] TAG: EPC=85028000098357483557303101400601, Antenna=1, RSSI=-59.0, Count=536
[2025-09-16 17:10:06.642] [Info    ] TAG: EPC=85028000098357483557303101400601, Antenna=1, RSSI=-59.1, Count=537
[2025-09-16 17:10:06.642] [Info    ] TAG: EPC=85028000098357483557303101400601, Antenna=1, RSSI=-59.2, Count=538
[2025-09-16 17:10:06.642] [Info    ] TAG: EPC=85028000098357483557303101400601, Antenna=1, RSSI=-59.3, Count=539
[2025-09-16 17:10:06.653] [Info    ] TAG: EPC=85028000098357483557303101400601, Antenna=1, RSSI=-59.3, Count=540
[2025-09-16 17:10:06.653] [Info    ] TAG: EPC=85028000098357483557303101400601, Antenna=1, RSSI=-59.4, Count=541
[2025-09-16 17:10:06.653] [Info    ] TAG: EPC=85028000098357483557303101400601, Antenna=1, RSSI=-59.5, Count=542
[2025-09-16 17:10:06.663] [Info    ] TAG: EPC=85028000098357483557303101400601, Antenna=1, RSSI=-59.5, Count=543
[2025-09-16 17:10:06.663] [Info    ] TAG: EPC=85028000098357483557303101400601, Antenna=1, RSSI=-59.6, Count=544
[2025-09-16 17:10:06.674] [Info    ] TAG: EPC=85028000098357483557303101400601, Antenna=1, RSSI=-59.5, Count=545
[2025-09-16 17:10:06.674] [Info    ] TAG: EPC=85028000098357483557303101400601, Antenna=1, RSSI=-59.4, Count=546
[2025-09-16 17:10:06.684] [Info    ] TAG: EPC=85028000098357483557303101400601, Antenna=1, RSSI=-59.5, Count=547
[2025-09-16 17:10:06.684] [Info    ] TAG: EPC=85028000098357483557303101400601, Antenna=1, RSSI=-59.5, Count=548
[2025-09-16 17:10:06.694] [Info    ] TAG: EPC=85028000098357483557303101400601, Antenna=1, RSSI=-59.5, Count=549
[2025-09-16 17:10:06.694] [Info    ] TAG: EPC=85028000098357483557303101400601, Antenna=1, RSSI=-59.6, Count=550
[2025-09-16 17:10:06.694] [Info    ] TAG: EPC=85028000098357483557303101400601, Antenna=1, RSSI=-59.6, Count=551
[2025-09-16 17:10:06.704] [Info    ] TAG: EPC=85028000098357483557303101400601, Antenna=1, RSSI=-59.6, Count=552
[2025-09-16 17:10:06.704] [Info    ] TAG: EPC=85028000098357483557303101400601, Antenna=1, RSSI=-59.7, Count=553
[2025-09-16 17:10:06.705] [Info    ] TAG: EPC=85028000098357483557303101400601, Antenna=1, RSSI=-59.7, Count=554
[2025-09-16 17:10:06.724] [Info    ] TAG: EPC=85028000098357483557303101400601, Antenna=1, RSSI=-59.6, Count=555
[2025-09-16 17:10:06.744] [Info    ] TAG: EPC=85028000098357483557303101400601, Antenna=1, RSSI=-59.6, Count=556
[2025-09-16 17:10:06.754] [Info    ] TAG: EPC=85028000098357483557303101400601, Antenna=1, RSSI=-59.8, Count=557
[2025-09-16 17:10:06.756] [Info    ] TAG: EPC=85028000098357483557303101400601, Antenna=1, RSSI=-59.9, Count=558
[2025-09-16 17:10:06.764] [Info    ] TAG: EPC=85028000098357483557303101400601, Antenna=1, RSSI=-60.0, Count=559
[2025-09-16 17:10:06.765] [Info    ] TAG: EPC=85028000098357483557303101400601, Antenna=1, RSSI=-60.1, Count=560
[2025-09-16 17:10:06.765] [Info    ] TAG: EPC=85028000098357483557303101400601, Antenna=1, RSSI=-60.1, Count=561
[2025-09-16 17:10:06.774] [Info    ] STATS: Total=561, Unique=1, Rate=202.0 tags/s
[2025-09-16 17:10:06.776] [Info    ] TAG: EPC=85028000098357483557303101400601, Antenna=1, RSSI=-60.2, Count=562
[2025-09-16 17:10:06.776] [Info    ] TAG: EPC=85028000098357483557303101400601, Antenna=1, RSSI=-60.3, Count=563
[2025-09-16 17:10:06.785] [Info    ] TAG: EPC=85028000098357483557303101400601, Antenna=1, RSSI=-60.3, Count=564
[2025-09-16 17:10:06.785] [Info    ] TAG: EPC=85028000098357483557303101400601, Antenna=1, RSSI=-60.3, Count=565
[2025-09-16 17:10:06.795] [Info    ] TAG: EPC=85028000098357483557303101400601, Antenna=1, RSSI=-60.5, Count=566
[2025-09-16 17:10:06.795] [Info    ] TAG: EPC=85028000098357483557303101400601, Antenna=1, RSSI=-60.6, Count=567
[2025-09-16 17:10:06.797] [Info    ] TAG: EPC=85028000098357483557303101400601, Antenna=1, RSSI=-60.5, Count=568
[2025-09-16 17:10:06.805] [Info    ] TAG: EPC=85028000098357483557303101400601, Antenna=1, RSSI=-60.6, Count=569
[2025-09-16 17:10:06.805] [Info    ] TAG: EPC=85028000098357483557303101400601, Antenna=1, RSSI=-60.5, Count=570
[2025-09-16 17:10:06.816] [Info    ] TAG: EPC=85028000098357483557303101400601, Antenna=1, RSSI=-60.7, Count=571
[2025-09-16 17:10:06.816] [Info    ] TAG: EPC=85028000098357483557303101400601, Antenna=1, RSSI=-60.8, Count=572
[2025-09-16 17:10:06.816] [Info    ] TAG: EPC=85028000098357483557303101400601, Antenna=1, RSSI=-60.7, Count=573
[2025-09-16 17:10:06.827] [Info    ] TAG: EPC=85028000098357483557303101400601, Antenna=1, RSSI=-60.6, Count=574
[2025-09-16 17:10:06.827] [Info    ] TAG: EPC=85028000098357483557303101400601, Antenna=1, RSSI=-60.7, Count=575
[2025-09-16 17:10:06.836] [Info    ] TAG: EPC=85028000098357483557303101400601, Antenna=1, RSSI=-60.8, Count=576
[2025-09-16 17:10:06.928] [Info    ] TAG: EPC=85028000098357483557303101400601, Antenna=1, RSSI=-60.8, Count=577
[2025-09-16 17:10:07.776] [Info    ] STATS: Total=577, Unique=1, Rate=16.0 tags/s
[2025-09-16 17:10:08.786] [Info    ] STATS: Total=577, Unique=1, Rate=0.0 tags/s
[2025-09-16 17:10:09.789] [Info    ] STATS: Total=577, Unique=1, Rate=0.0 tags/s
[2025-09-16 17:10:10.805] [Info    ] STATS: Total=577, Unique=1, Rate=0.0 tags/s
[2025-09-16 17:10:11.819] [Info    ] STATS: Total=577, Unique=1, Rate=0.0 tags/s
[2025-09-16 17:10:12.821] [Info    ] STATS: Total=577, Unique=1, Rate=0.0 tags/s
[2025-09-16 17:10:13.823] [Info    ] STATS: Total=577, Unique=1, Rate=0.0 tags/s
[2025-09-16 17:10:14.838] [Info    ] STATS: Total=577, Unique=1, Rate=0.0 tags/s
[2025-09-16 17:10:15.851] [Info    ] STATS: Total=577, Unique=1, Rate=0.0 tags/s
[2025-09-16 17:10:16.866] [Info    ] STATS: Total=577, Unique=1, Rate=0.0 tags/s
[2025-09-16 17:10:17.873] [Info    ] STATS: Total=577, Unique=1, Rate=0.0 tags/s
[2025-09-16 17:10:18.874] [Info    ] STATS: Total=577, Unique=1, Rate=0.0 tags/s
[2025-09-16 17:10:19.886] [Info    ] STATS: Total=577, Unique=1, Rate=0.0 tags/s
[2025-09-16 17:10:20.448] [Info    ] Inventory stopped
[2025-09-16 17:10:20.556] [Info    ] CONNECTION: DISCONNECT 192.168.10.106 - SUCCESS
====================================================
Log Ended: 2025-09-16 17:10:20
====================================================
