====================================================
Log Started: 2025-09-16 15:58:02
Application: BlueBird RFID Reader Console
====================================================
[2025-09-16 15:58:02.945] [Info    ] === FR900 RFID Reader Inventory ===
[2025-09-16 15:58:02.945] [Info    ] Connecting to 192.168.10.106...
[2025-09-16 15:58:02.945] [Info    ] Inventory Mode: FixedDuration
[2025-09-16 15:58:03.007] [Info    ] CONNECTION: CONNECT 192.168.10.106 - SUCCESS
[2025-09-16 15:58:03.008] [Info    ] TAG: EPC=850470002290434B3257303200700105, Antenna=1, RSSI=-59.0, Count=1
[2025-09-16 15:58:03.008] [Info    ] TAG: EPC=850470002290434B3257303200700105, Antenna=1, RSSI=-59.0, Count=2
[2025-09-16 15:58:03.008] [Info    ] TAG: EPC=850470002290434B3257303200700105, Antenna=1, RSSI=-58.0, Count=3
[2025-09-16 15:58:03.008] [Info    ] TAG: EPC=850470002290434B3257303200700105, Antenna=1, RSSI=-58.0, Count=4
[2025-09-16 15:58:03.009] [Info    ] TAG: EPC=850470002290434B3257303200700105, Antenna=1, RSSI=-58.0, Count=5
[2025-09-16 15:58:03.009] [Info    ] TAG: EPC=850470002290434B3257303200700105, Antenna=1, RSSI=-58.0, Count=6
[2025-09-16 15:58:03.011] [Info    ] TAG: EPC=850470002290434B3257303200700105, Antenna=1, RSSI=-58.0, Count=7
[2025-09-16 15:58:03.011] [Info    ] TAG: EPC=850470002290434B3257303200700105, Antenna=1, RSSI=-59.0, Count=8
[2025-09-16 15:58:03.012] [Info    ] TAG: EPC=850470002290434B3257303200700105, Antenna=1, RSSI=-58.0, Count=9
[2025-09-16 15:58:03.012] [Error   ] ERROR: 개체 참조가 개체의 인스턴스로 설정되지 않았습니다.
[2025-09-16 15:58:03.013] [Info    ] TAG: EPC=850470002290434B3257303200700105, Antenna=1, RSSI=-58.0, Count=10
[2025-09-16 15:58:03.013] [Info    ] TAG: EPC=850470002290434B3257303200700105, Antenna=1, RSSI=-58.0, Count=11
[2025-09-16 15:58:03.013] [Info    ] TAG: EPC=850470002290434B3257303200700105, Antenna=1, RSSI=-58.0, Count=12
[2025-09-16 15:58:03.014] [Info    ] TAG: EPC=850470002290434B3257303200700105, Antenna=1, RSSI=-58.0, Count=13
[2025-09-16 15:58:03.015] [Info    ] TAG: EPC=850470002290434B3257303200700105, Antenna=1, RSSI=-58.0, Count=14
[2025-09-16 15:58:03.015] [Info    ] TAG: EPC=850470002290434B3257303200700105, Antenna=1, RSSI=-58.0, Count=15
[2025-09-16 15:58:03.016] [Info    ] TAG: EPC=850470002290434B3257303200700105, Antenna=1, RSSI=-58.0, Count=16
[2025-09-16 15:58:03.018] [Info    ] TAG: EPC=850470002290434B3257303200700105, Antenna=1, RSSI=-58.0, Count=17
[2025-09-16 15:58:03.019] [Info    ] TAG: EPC=850470002290434B3257303200700105, Antenna=1, RSSI=-59.0, Count=18
[2025-09-16 15:58:03.019] [Info    ] TAG: EPC=850470002290434B3257303200700105, Antenna=1, RSSI=-58.0, Count=19
[2025-09-16 15:58:03.020] [Info    ] TAG: EPC=850470002290434B3257303200700105, Antenna=1, RSSI=-58.0, Count=20
[2025-09-16 15:58:03.020] [Info    ] TAG: EPC=850470002290434B3257303200700105, Antenna=1, RSSI=-58.0, Count=21
[2025-09-16 15:58:03.020] [Info    ] TAG: EPC=850470002290434B3257303200700105, Antenna=1, RSSI=-58.0, Count=22
[2025-09-16 15:58:03.021] [Info    ] TAG: EPC=850470002290434B3257303200700105, Antenna=1, RSSI=-58.0, Count=23
[2025-09-16 15:58:03.022] [Info    ] TAG: EPC=850470002290434B3257303200700105, Antenna=1, RSSI=-58.0, Count=24
[2025-09-16 15:58:03.022] [Info    ] TAG: EPC=850470002290434B3257303200700105, Antenna=1, RSSI=-58.0, Count=25
[2025-09-16 15:58:03.022] [Error   ] Stack Trace:    위치: BlueBirdReaderConsole.Program.Main(String[] args) 파일 D:\work\GitFork\LLRP_Toolkit\bluebird\BlueBirdReaderConsole\Program.cs:줄 270
====================================================
Log Ended: 2025-09-16 15:58:03
====================================================
